<?xml version="1.0" encoding="UTF-8"?>
<coverage generated="1774538264838" clover="3.2.0">
  <project timestamp="1774538264838" name="All files">
    <metrics statements="525" coveredstatements="434" conditionals="254" coveredconditionals="192" methods="26" coveredmethods="21" elements="805" coveredelements="647" complexity="0" loc="525" ncloc="525" packages="1" files="2" classes="2"/>
    <file name="data.ts" path="D:\A DATOS\PROYECTOS\GOBERNANTES_HISPANOS\lib\data.ts">
      <metrics statements="361" coveredstatements="290" conditionals="196" coveredconditionals="158" methods="25" coveredmethods="20"/>
      <line num="4" count="1" type="stmt"/>
      <line num="5" count="0" type="stmt"/>
      <line num="7" count="0" type="stmt"/>
      <line num="8" count="0" type="stmt"/>
      <line num="10" count="1" type="stmt"/>
      <line num="11" count="0" type="stmt"/>
      <line num="12" count="0" type="stmt"/>
      <line num="13" count="0" type="stmt"/>
      <line num="14" count="0" type="stmt"/>
      <line num="15" count="0" type="stmt"/>
      <line num="16" count="0" type="stmt"/>
      <line num="18" count="1" type="stmt"/>
      <line num="19" count="0" type="stmt"/>
      <line num="20" count="0" type="stmt"/>
      <line num="21" count="0" type="stmt"/>
      <line num="22" count="0" type="stmt"/>
      <line num="23" count="0" type="stmt"/>
      <line num="24" count="0" type="stmt"/>
      <line num="25" count="0" type="stmt"/>
      <line num="26" count="0" type="stmt"/>
      <line num="27" count="0" type="stmt"/>
      <line num="28" count="0" type="stmt"/>
      <line num="32" count="1" type="cond" truecount="1" falsecount="0"/>
      <line num="33" count="7" type="cond" truecount="0" falsecount="1"/>
      <line num="35" count="7" type="stmt"/>
      <line num="36" count="7" type="cond" truecount="0" falsecount="1"/>
      <line num="37" count="7" type="cond" truecount="0" falsecount="1"/>
      <line num="39" count="7" type="stmt"/>
      <line num="40" count="7" type="stmt"/>
      <line num="41" count="7" type="stmt"/>
      <line num="44" count="7" type="cond" truecount="1" falsecount="0"/>
      <line num="45" count="69" type="stmt"/>
      <line num="46" count="69" type="cond" truecount="0" falsecount="1"/>
      <line num="47" count="0" type="stmt"/>
      <line num="48" count="0" type="stmt"/>
      <line num="49" count="0" type="stmt"/>
      <line num="50" count="0" type="stmt"/>
      <line num="51" count="0" type="stmt"/>
      <line num="52" count="0" type="stmt"/>
      <line num="53" count="0" type="stmt"/>
      <line num="54" count="0" type="stmt"/>
      <line num="55" count="69" type="cond" truecount="1" falsecount="0"/>
      <line num="56" count="6" type="stmt"/>
      <line num="57" count="6" type="stmt"/>
      <line num="58" count="6" type="stmt"/>
      <line num="59" count="69" type="stmt"/>
      <line num="61" count="7" type="stmt"/>
      <line num="62" count="7" type="cond" truecount="2" falsecount="0"/>
      <line num="64" count="6" type="cond" truecount="1" falsecount="0"/>
      <line num="65" count="16" type="stmt"/>
      <line num="66" count="16" type="stmt"/>
      <line num="67" count="16" type="cond" truecount="1" falsecount="0"/>
      <line num="68" count="166" type="stmt"/>
      <line num="69" count="166" type="cond" truecount="0" falsecount="1"/>
      <line num="70" count="0" type="stmt"/>
      <line num="71" count="0" type="stmt"/>
      <line num="72" count="0" type="stmt"/>
      <line num="73" count="0" type="stmt"/>
      <line num="74" count="0" type="stmt"/>
      <line num="75" count="166" type="cond" truecount="1" falsecount="0"/>
      <line num="76" count="6" type="stmt"/>
      <line num="77" count="6" type="stmt"/>
      <line num="78" count="166" type="stmt"/>
      <line num="79" count="16" type="stmt"/>
      <line num="80" count="16" type="stmt"/>
      <line num="82" count="6" type="stmt"/>
      <line num="83" count="6" type="stmt"/>
      <line num="84" count="6" type="stmt"/>
      <line num="86" count="7" type="cond" truecount="1" falsecount="0"/>
      <line num="87" count="1" type="stmt"/>
      <line num="88" count="7" type="cond" truecount="2" falsecount="0"/>
      <line num="89" count="3" type="stmt"/>
      <line num="90" count="5" type="cond" truecount="1" falsecount="0"/>
      <line num="91" count="2" type="stmt"/>
      <line num="92" count="2" type="cond" truecount="1" falsecount="0"/>
      <line num="93" count="2" type="stmt"/>
      <line num="94" count="2" type="stmt"/>
      <line num="95" count="2" type="cond" truecount="1" falsecount="0"/>
      <line num="96" count="2" type="stmt"/>
      <line num="97" count="2" type="stmt"/>
      <line num="98" count="2" type="stmt"/>
      <line num="99" count="2" type="cond" truecount="0" falsecount="1"/>
      <line num="101" count="0" type="stmt"/>
      <line num="102" count="0" type="stmt"/>
      <line num="103" count="2" type="cond" truecount="1" falsecount="0"/>
      <line num="105" count="6" type="stmt"/>
      <line num="106" count="6" type="stmt"/>
      <line num="107" count="6" type="stmt"/>
      <line num="108" count="6" type="stmt"/>
      <line num="110" count="6" type="cond" truecount="1" falsecount="0"/>
      <line num="111" count="14" type="cond" truecount="1" falsecount="0"/>
      <line num="112" count="14" type="cond" truecount="1" falsecount="0"/>
      <line num="113" count="14" type="stmt"/>
      <line num="115" count="7" type="cond" truecount="1" falsecount="0"/>
      <line num="116" count="211" type="cond" truecount="2" falsecount="0"/>
      <line num="118" count="211" type="cond" truecount="1" falsecount="0"/>
      <line num="119" count="4" type="stmt"/>
      <line num="120" count="4" type="cond" truecount="1" falsecount="1"/>
      <line num="121" count="0" type="stmt"/>
      <line num="122" count="0" type="stmt"/>
      <line num="123" count="4" type="stmt"/>
      <line num="124" count="4" type="stmt"/>
      <line num="125" count="4" type="stmt"/>
      <line num="126" count="4" type="stmt"/>
      <line num="127" count="4" type="cond" truecount="1" falsecount="0"/>
      <line num="129" count="211" type="cond" truecount="2" falsecount="0"/>
      <line num="130" count="14" type="stmt"/>
      <line num="131" count="14" type="stmt"/>
      <line num="132" count="14" type="stmt"/>
      <line num="133" count="14" type="cond" truecount="1" falsecount="0"/>
      <line num="135" count="211" type="cond" truecount="2" falsecount="0"/>
      <line num="136" count="14" type="stmt"/>
      <line num="137" count="14" type="stmt"/>
      <line num="138" count="14" type="stmt"/>
      <line num="139" count="14" type="stmt"/>
      <line num="140" count="14" type="stmt"/>
      <line num="141" count="14" type="cond" truecount="1" falsecount="0"/>
      <line num="143" count="179" type="stmt"/>
      <line num="144" count="179" type="cond" truecount="1" falsecount="0"/>
      <line num="146" count="7" type="cond" truecount="1" falsecount="1"/>
      <line num="149" count="6" type="cond" truecount="1" falsecount="0"/>
      <line num="150" count="12" type="cond" truecount="0" falsecount="1"/>
      <line num="151" count="12" type="cond" truecount="3" falsecount="0"/>
      <line num="152" count="12" type="stmt"/>
      <line num="153" count="6" type="cond" truecount="1" falsecount="0"/>
      <line num="155" count="6" type="stmt"/>
      <line num="156" count="7" type="cond" truecount="1" falsecount="0"/>
      <line num="157" count="8" type="stmt"/>
      <line num="158" count="8" type="stmt"/>
      <line num="159" count="8" type="cond" truecount="1" falsecount="0"/>
      <line num="160" count="16" type="stmt"/>
      <line num="161" count="16" type="cond" truecount="0" falsecount="1"/>
      <line num="162" count="16" type="stmt"/>
      <line num="163" count="8" type="stmt"/>
      <line num="164" count="8" type="cond" truecount="1" falsecount="0"/>
      <line num="166" count="6" type="stmt"/>
      <line num="167" count="6" type="stmt"/>
      <line num="171" count="1" type="cond" truecount="1" falsecount="0"/>
      <line num="172" count="1" type="cond" truecount="0" falsecount="1"/>
      <line num="175" count="1" type="cond" truecount="1" falsecount="0"/>
      <line num="176" count="2" type="stmt"/>
      <line num="177" count="2" type="stmt"/>
      <line num="178" count="1" type="stmt"/>
      <line num="181" count="1" type="cond" truecount="0" falsecount="1"/>
      <line num="182" count="1" type="stmt"/>
      <line num="184" count="1" type="cond" truecount="1" falsecount="0"/>
      <line num="185" count="2" type="cond" truecount="1" falsecount="0"/>
      <line num="186" count="1" type="stmt"/>
      <line num="188" count="1" type="stmt"/>
      <line num="189" count="1" type="cond" truecount="1" falsecount="0"/>
      <line num="192" count="1" type="cond" truecount="1" falsecount="0"/>
      <line num="193" count="4" type="cond" truecount="0" falsecount="1"/>
      <line num="194" count="4" type="stmt"/>
      <line num="195" count="4" type="stmt"/>
      <line num="197" count="1" type="stmt"/>
      <line num="198" count="1" type="cond" truecount="1" falsecount="0"/>
      <line num="199" count="2" type="cond" truecount="1" falsecount="0"/>
      <line num="200" count="1" type="stmt"/>
      <line num="202" count="1" type="stmt"/>
      <line num="203" count="1" type="stmt"/>
      <line num="207" count="1" type="cond" truecount="1" falsecount="0"/>
      <line num="208" count="235" type="cond" truecount="4" falsecount="0"/>
      <line num="209" count="235" type="cond" truecount="4" falsecount="0"/>
      <line num="210" count="4" type="stmt"/>
      <line num="211" count="14" type="cond" truecount="2" falsecount="0"/>
      <line num="212" count="3" type="stmt"/>
      <line num="213" count="235" type="cond" truecount="2" falsecount="0"/>
      <line num="214" count="235" type="stmt"/>
      <line num="216" count="9" type="cond" truecount="1" falsecount="0"/>
      <line num="217" count="9" type="stmt"/>
      <line num="218" count="9" type="stmt"/>
      <line num="219" count="9" type="stmt"/>
      <line num="220" count="9" type="cond" truecount="1" falsecount="0"/>
      <line num="221" count="21" type="stmt"/>
      <line num="222" count="21" type="stmt"/>
      <line num="223" count="21" type="cond" truecount="0" falsecount="1"/>
      <line num="224" count="21" type="cond" truecount="2" falsecount="0"/>
      <line num="225" count="4" type="stmt"/>
      <line num="226" count="21" type="cond" truecount="1" falsecount="0"/>
      <line num="227" count="17" type="stmt"/>
      <line num="228" count="17" type="stmt"/>
      <line num="229" count="21" type="stmt"/>
      <line num="230" count="9" type="stmt"/>
      <line num="231" count="9" type="stmt"/>
      <line num="237" count="1" type="cond" truecount="1" falsecount="0"/>
      <line num="238" count="291" type="cond" truecount="4" falsecount="0"/>
      <line num="239" count="291" type="cond" truecount="4" falsecount="0"/>
      <line num="241" count="21" type="stmt"/>
      <line num="242" count="41" type="cond" truecount="2" falsecount="0"/>
      <line num="243" count="19" type="stmt"/>
      <line num="246" count="291" type="cond" truecount="1" falsecount="0"/>
      <line num="247" count="291" type="cond" truecount="1" falsecount="1"/>
      <line num="251" count="291" type="stmt"/>
      <line num="255" count="291" type="stmt"/>
      <line num="256" count="291" type="cond" truecount="2" falsecount="0"/>
      <line num="257" count="6" type="stmt"/>
      <line num="258" count="6" type="stmt"/>
      <line num="259" count="6" type="cond" truecount="1" falsecount="0"/>
      <line num="272" count="13" type="stmt"/>
      <line num="274" count="13" type="stmt"/>
      <line num="276" count="13" type="stmt"/>
      <line num="278" count="13" type="stmt"/>
      <line num="280" count="13" type="stmt"/>
      <line num="282" count="13" type="stmt"/>
      <line num="284" count="13" type="stmt"/>
      <line num="285" count="13" type="stmt"/>
      <line num="286" count="41" type="cond" truecount="1" falsecount="0"/>
      <line num="287" count="59" type="stmt"/>
      <line num="288" count="59" type="cond" truecount="1" falsecount="0"/>
      <line num="289" count="9" type="stmt"/>
      <line num="290" count="9" type="stmt"/>
      <line num="291" count="9" type="stmt"/>
      <line num="292" count="9" type="stmt"/>
      <line num="293" count="9" type="stmt"/>
      <line num="294" count="9" type="stmt"/>
      <line num="295" count="59" type="cond" truecount="1" falsecount="0"/>
      <line num="298" count="4" type="stmt"/>
      <line num="299" count="41" type="cond" truecount="0" falsecount="1"/>
      <line num="300" count="0" type="stmt"/>
      <line num="301" count="0" type="stmt"/>
      <line num="302" count="0" type="stmt"/>
      <line num="303" count="0" type="stmt"/>
      <line num="304" count="0" type="stmt"/>
      <line num="305" count="0" type="stmt"/>
      <line num="307" count="0" type="stmt"/>
      <line num="308" count="0" type="stmt"/>
      <line num="309" count="0" type="stmt"/>
      <line num="310" count="0" type="cond" truecount="1" falsecount="0"/>
      <line num="313" count="4" type="stmt"/>
      <line num="314" count="41" type="cond" truecount="0" falsecount="1"/>
      <line num="315" count="0" type="stmt"/>
      <line num="316" count="0" type="stmt"/>
      <line num="317" count="0" type="cond" truecount="1" falsecount="0"/>
      <line num="319" count="4" type="stmt"/>
      <line num="320" count="4" type="stmt"/>
      <line num="322" count="1" type="cond" truecount="1" falsecount="0"/>
      <line num="324" count="27" type="stmt"/>
      <line num="325" count="27" type="stmt"/>
      <line num="327" count="27" type="cond" truecount="0" falsecount="2"/>
      <line num="329" count="0" type="stmt"/>
      <line num="330" count="0" type="stmt"/>
      <line num="331" count="0" type="stmt"/>
      <line num="334" count="27" type="stmt"/>
      <line num="335" count="27" type="stmt"/>
      <line num="336" count="27" type="cond" truecount="0" falsecount="2"/>
      <line num="337" count="0" type="stmt"/>
      <line num="338" count="0" type="stmt"/>
      <line num="339" count="0" type="stmt"/>
      <line num="340" count="0" type="stmt"/>
      <line num="342" count="27" type="stmt"/>
      <line num="343" count="27" type="stmt"/>
      <line num="345" count="1" type="cond" truecount="1" falsecount="0"/>
      <line num="346" count="5" type="cond" truecount="2" falsecount="0"/>
      <line num="347" count="5" type="cond" truecount="4" falsecount="0"/>
      <line num="348" count="5" type="cond" truecount="4" falsecount="0"/>
      <line num="349" count="2" type="stmt"/>
      <line num="350" count="2" type="stmt"/>
      <line num="352" count="1" type="cond" truecount="1" falsecount="0"/>
      <line num="353" count="8" type="cond" truecount="1" falsecount="0"/>
      <line num="354" count="8" type="cond" truecount="6" falsecount="0"/>
      <line num="355" count="8" type="cond" truecount="4" falsecount="1"/>
      <line num="356" count="0" type="stmt"/>
      <line num="357" count="0" type="stmt"/>
      <line num="359" count="1" type="cond" truecount="1" falsecount="0"/>
      <line num="360" count="2" type="cond" truecount="2" falsecount="0"/>
      <line num="361" count="2" type="stmt"/>
      <line num="363" count="1" type="cond" truecount="1" falsecount="0"/>
      <line num="364" count="28" type="cond" truecount="1" falsecount="0"/>
      <line num="365" count="28" type="cond" truecount="2" falsecount="0"/>
      <line num="367" count="28" type="cond" truecount="2" falsecount="0"/>
      <line num="368" count="28" type="cond" truecount="3" falsecount="0"/>
      <line num="369" count="28" type="stmt"/>
      <line num="370" count="28" type="cond" truecount="1" falsecount="1"/>
      <line num="372" count="28" type="cond" truecount="1" falsecount="0"/>
      <line num="373" count="28" type="cond" truecount="2" falsecount="0"/>
      <line num="374" count="28" type="cond" truecount="4" falsecount="0"/>
      <line num="376" count="1" type="stmt"/>
      <line num="377" count="1" type="stmt"/>
      <line num="379" count="1" type="cond" truecount="1" falsecount="0"/>
      <line num="380" count="28" type="cond" truecount="0" falsecount="1"/>
      <line num="381" count="28" type="cond" truecount="0" falsecount="1"/>
      <line num="382" count="28" type="cond" truecount="0" falsecount="1"/>
      <line num="383" count="28" type="stmt"/>
      <line num="385" count="1" type="cond" truecount="1" falsecount="0"/>
      <line num="386" count="53" type="cond" truecount="2" falsecount="0"/>
      <line num="387" count="53" type="cond" truecount="1" falsecount="0"/>
      <line num="388" count="53" type="cond" truecount="2" falsecount="0"/>
      <line num="389" count="53" type="stmt"/>
      <line num="391" count="1" type="cond" truecount="1" falsecount="0"/>
      <line num="392" count="27" type="cond" truecount="2" falsecount="0"/>
      <line num="393" count="27" type="stmt"/>
      <line num="395" count="27" type="cond" truecount="0" falsecount="1"/>
      <line num="396" count="27" type="cond" truecount="0" falsecount="1"/>
      <line num="398" count="27" type="cond" truecount="3" falsecount="0"/>
      <line num="399" count="27" type="cond" truecount="1" falsecount="1"/>
      <line num="400" count="27" type="cond" truecount="0" falsecount="1"/>
      <line num="401" count="27" type="stmt"/>
      <line num="403" count="1" type="stmt"/>
      <line num="404" count="0" type="stmt"/>
      <line num="405" count="0" type="stmt"/>
      <line num="406" count="0" type="stmt"/>
      <line num="407" count="0" type="stmt"/>
      <line num="408" count="0" type="stmt"/>
      <line num="409" count="0" type="stmt"/>
      <line num="411" count="1" type="stmt"/>
      <line num="412" count="0" type="stmt"/>
      <line num="413" count="0" type="stmt"/>
      <line num="414" count="0" type="stmt"/>
      <line num="415" count="0" type="stmt"/>
      <line num="416" count="0" type="stmt"/>
      <line num="417" count="0" type="stmt"/>
      <line num="418" count="0" type="stmt"/>
      <line num="420" count="1" type="cond" truecount="1" falsecount="0"/>
      <line num="421" count="54" type="cond" truecount="0" falsecount="1"/>
      <line num="422" count="54" type="cond" truecount="3" falsecount="0"/>
      <line num="423" count="54" type="cond" truecount="1" falsecount="1"/>
      <line num="424" count="54" type="cond" truecount="1" falsecount="1"/>
      <line num="425" count="26" type="stmt"/>
      <line num="426" count="26" type="stmt"/>
      <line num="428" count="1" type="cond" truecount="1" falsecount="0"/>
      <line num="429" count="100" type="stmt"/>
      <line num="430" count="100" type="cond" truecount="0" falsecount="1"/>
      <line num="431" count="100" type="stmt"/>
      <line num="432" count="100" type="cond" truecount="0" falsecount="1"/>
      <line num="433" count="100" type="stmt"/>
      <line num="434" count="100" type="stmt"/>
      <line num="435" count="100" type="stmt"/>
      <line num="436" count="100" type="stmt"/>
      <line num="437" count="100" type="stmt"/>
      <line num="438" count="100" type="stmt"/>
      <line num="439" count="100" type="stmt"/>
      <line num="440" count="100" type="stmt"/>
      <line num="441" count="100" type="stmt"/>
      <line num="442" count="100" type="stmt"/>
      <line num="443" count="100" type="stmt"/>
      <line num="444" count="100" type="stmt"/>
      <line num="445" count="100" type="stmt"/>
      <line num="446" count="100" type="stmt"/>
      <line num="447" count="100" type="stmt"/>
      <line num="448" count="100" type="stmt"/>
      <line num="449" count="100" type="stmt"/>
      <line num="450" count="100" type="cond" truecount="1" falsecount="0"/>
      <line num="451" count="1300" type="cond" truecount="1" falsecount="0"/>
      <line num="452" count="273" type="stmt"/>
      <line num="453" count="273" type="stmt"/>
      <line num="454" count="273" type="stmt"/>
      <line num="455" count="1300" type="stmt"/>
      <line num="456" count="100" type="stmt"/>
      <line num="457" count="100" type="stmt"/>
      <line num="459" count="1" type="cond" truecount="1" falsecount="0"/>
      <line num="460" count="59" type="stmt"/>
      <line num="461" count="59" type="cond" truecount="2" falsecount="0"/>
      <line num="462" count="56" type="stmt"/>
      <line num="463" count="59" type="cond" truecount="0" falsecount="1"/>
      <line num="464" count="59" type="stmt"/>
      <line num="466" count="1" type="cond" truecount="1" falsecount="0"/>
      <line num="467" count="100" type="stmt"/>
      <line num="468" count="100" type="cond" truecount="0" falsecount="1"/>
      <line num="469" count="100" type="stmt"/>
      <line num="470" count="100" type="cond" truecount="0" falsecount="1"/>
      <line num="471" count="100" type="stmt"/>
    </file>
    <file name="stats.ts" path="D:\A DATOS\PROYECTOS\GOBERNANTES_HISPANOS\lib\stats.ts">
      <metrics statements="164" coveredstatements="144" conditionals="58" coveredconditionals="34" methods="1" coveredmethods="1"/>
      <line num="15" count="1" type="stmt"/>
      <line num="28" count="1" type="cond" truecount="1" falsecount="0"/>
      <line num="29" count="7" type="stmt"/>
      <line num="30" count="7" type="stmt"/>
      <line num="31" count="7" type="stmt"/>
      <line num="32" count="7" type="stmt"/>
      <line num="33" count="7" type="stmt"/>
      <line num="34" count="7" type="stmt"/>
      <line num="35" count="7" type="cond" truecount="1" falsecount="0"/>
      <line num="37" count="7" type="stmt"/>
      <line num="38" count="7" type="cond" truecount="1" falsecount="0"/>
      <line num="39" count="7" type="cond" truecount="1" falsecount="0"/>
      <line num="40" count="7" type="cond" truecount="1" falsecount="0"/>
      <line num="41" count="7" type="cond" truecount="1" falsecount="0"/>
      <line num="42" count="7" type="cond" truecount="2" falsecount="0"/>
      <line num="45" count="7" type="stmt"/>
      <line num="46" count="7" type="cond" truecount="1" falsecount="0"/>
      <line num="47" count="25" type="cond" truecount="0" falsecount="2"/>
      <line num="48" count="25" type="cond" truecount="1" falsecount="0"/>
      <line num="49" count="25" type="stmt"/>
      <line num="50" count="7" type="stmt"/>
      <line num="51" count="7" type="cond" truecount="1" falsecount="0"/>
      <line num="52" count="7" type="cond" truecount="1" falsecount="1"/>
      <line num="55" count="7" type="stmt"/>
      <line num="56" count="7" type="stmt"/>
      <line num="57" count="7" type="stmt"/>
      <line num="59" count="7" type="cond" truecount="1" falsecount="0"/>
      <line num="60" count="25" type="stmt"/>
      <line num="61" count="25" type="cond" truecount="0" falsecount="2"/>
      <line num="62" count="25" type="cond" truecount="0" falsecount="2"/>
      <line num="64" count="25" type="cond" truecount="1" falsecount="0"/>
      <line num="65" count="25" type="cond" truecount="1" falsecount="0"/>
      <line num="67" count="25" type="stmt"/>
      <line num="68" count="25" type="stmt"/>
      <line num="69" count="25" type="cond" truecount="0" falsecount="1"/>
      <line num="70" count="0" type="stmt"/>
      <line num="71" count="25" type="stmt"/>
      <line num="72" count="25" type="stmt"/>
      <line num="73" count="25" type="cond" truecount="1" falsecount="0"/>
      <line num="74" count="25" type="stmt"/>
      <line num="75" count="25" type="stmt"/>
      <line num="77" count="7" type="stmt"/>
      <line num="78" count="7" type="cond" truecount="1" falsecount="0"/>
      <line num="79" count="7" type="stmt"/>
      <line num="81" count="7" type="stmt"/>
      <line num="82" count="7" type="cond" truecount="1" falsecount="0"/>
      <line num="83" count="7" type="stmt"/>
      <line num="85" count="7" type="stmt"/>
      <line num="86" count="7" type="stmt"/>
      <line num="87" count="7" type="stmt"/>
      <line num="88" count="7" type="cond" truecount="1" falsecount="0"/>
      <line num="89" count="7" type="stmt"/>
      <line num="92" count="7" type="stmt"/>
      <line num="93" count="7" type="cond" truecount="1" falsecount="0"/>
      <line num="94" count="25" type="stmt"/>
      <line num="95" count="25" type="cond" truecount="0" falsecount="1"/>
      <line num="96" count="25" type="stmt"/>
      <line num="97" count="25" type="cond" truecount="0" falsecount="1"/>
      <line num="98" count="25" type="stmt"/>
      <line num="99" count="25" type="stmt"/>
      <line num="100" count="25" type="stmt"/>
      <line num="101" count="25" type="cond" truecount="0" falsecount="1"/>
      <line num="102" count="25" type="cond" truecount="0" falsecount="3"/>
      <line num="103" count="0" type="stmt"/>
      <line num="104" count="25" type="stmt"/>
      <line num="105" count="25" type="cond" truecount="0" falsecount="1"/>
      <line num="106" count="25" type="cond" truecount="0" falsecount="1"/>
      <line num="107" count="25" type="cond" truecount="0" falsecount="1"/>
      <line num="108" count="7" type="stmt"/>
      <line num="109" count="7" type="cond" truecount="1" falsecount="0"/>
      <line num="111" count="7" type="stmt"/>
      <line num="112" count="7" type="cond" truecount="1" falsecount="0"/>
      <line num="113" count="7" type="stmt"/>
      <line num="114" count="7" type="stmt"/>
      <line num="115" count="7" type="cond" truecount="1" falsecount="0"/>
      <line num="116" count="7" type="stmt"/>
      <line num="119" count="7" type="stmt"/>
      <line num="120" count="7" type="cond" truecount="1" falsecount="0"/>
      <line num="121" count="25" type="stmt"/>
      <line num="122" count="25" type="stmt"/>
      <line num="123" count="25" type="stmt"/>
      <line num="124" count="25" type="stmt"/>
      <line num="125" count="25" type="stmt"/>
      <line num="126" count="25" type="stmt"/>
      <line num="127" count="25" type="stmt"/>
      <line num="128" count="25" type="stmt"/>
      <line num="129" count="25" type="stmt"/>
      <line num="130" count="25" type="cond" truecount="0" falsecount="1"/>
      <line num="131" count="0" type="stmt"/>
      <line num="132" count="7" type="stmt"/>
      <line num="133" count="7" type="cond" truecount="1" falsecount="0"/>
      <line num="135" count="7" type="stmt"/>
      <line num="136" count="7" type="cond" truecount="1" falsecount="0"/>
      <line num="137" count="7" type="stmt"/>
      <line num="138" count="7" type="stmt"/>
      <line num="139" count="7" type="cond" truecount="1" falsecount="0"/>
      <line num="140" count="7" type="stmt"/>
      <line num="143" count="7" type="cond" truecount="1" falsecount="0"/>
      <line num="144" count="7" type="stmt"/>
      <line num="145" count="7" type="stmt"/>
      <line num="146" count="7" type="stmt"/>
      <line num="148" count="7" type="cond" truecount="1" falsecount="0"/>
      <line num="149" count="25" type="cond" truecount="0" falsecount="1"/>
      <line num="150" count="25" type="stmt"/>
      <line num="151" count="25" type="cond" truecount="0" falsecount="1"/>
      <line num="153" count="25" type="stmt"/>
      <line num="154" count="25" type="cond" truecount="0" falsecount="1"/>
      <line num="156" count="25" type="stmt"/>
      <line num="157" count="25" type="stmt"/>
      <line num="158" count="25" type="cond" truecount="0" falsecount="1"/>
      <line num="160" count="25" type="stmt"/>
      <line num="161" count="25" type="stmt"/>
      <line num="163" count="25" type="cond" truecount="1" falsecount="0"/>
      <line num="164" count="45" type="cond" truecount="0" falsecount="1"/>
      <line num="165" count="45" type="cond" truecount="1" falsecount="0"/>
      <line num="166" count="45" type="stmt"/>
      <line num="167" count="45" type="stmt"/>
      <line num="168" count="45" type="stmt"/>
      <line num="169" count="25" type="stmt"/>
      <line num="171" count="7" type="stmt"/>
      <line num="172" count="7" type="cond" truecount="1" falsecount="0"/>
      <line num="173" count="98" type="stmt"/>
      <line num="174" count="98" type="stmt"/>
      <line num="175" count="98" type="stmt"/>
      <line num="176" count="98" type="stmt"/>
      <line num="177" count="98" type="cond" truecount="2" falsecount="0"/>
      <line num="178" count="98" type="stmt"/>
      <line num="179" count="98" type="stmt"/>
      <line num="180" count="7" type="stmt"/>
      <line num="181" count="7" type="stmt"/>
      <line num="183" count="7" type="stmt"/>
      <line num="184" count="7" type="stmt"/>
      <line num="185" count="7" type="stmt"/>
      <line num="186" count="7" type="stmt"/>
      <line num="187" count="7" type="stmt"/>
      <line num="188" count="7" type="stmt"/>
      <line num="189" count="7" type="stmt"/>
      <line num="190" count="7" type="stmt"/>
      <line num="191" count="7" type="stmt"/>
      <line num="192" count="7" type="stmt"/>
      <line num="193" count="7" type="stmt"/>
      <line num="194" count="7" type="stmt"/>
      <line num="195" count="7" type="stmt"/>
      <line num="196" count="7" type="stmt"/>
      <line num="197" count="7" type="stmt"/>
      <line num="198" count="7" type="cond" truecount="0" falsecount="1"/>
      <line num="199" count="0" type="stmt"/>
      <line num="200" count="0" type="stmt"/>
      <line num="201" count="0" type="stmt"/>
      <line num="202" count="0" type="stmt"/>
      <line num="203" count="0" type="stmt"/>
      <line num="204" count="0" type="stmt"/>
      <line num="205" count="0" type="stmt"/>
      <line num="206" count="0" type="stmt"/>
      <line num="207" count="0" type="stmt"/>
      <line num="208" count="0" type="stmt"/>
      <line num="209" count="0" type="stmt"/>
      <line num="210" count="0" type="stmt"/>
      <line num="211" count="0" type="stmt"/>
      <line num="212" count="0" type="stmt"/>
      <line num="213" count="0" type="stmt"/>
      <line num="214" count="0" type="stmt"/>
      <line num="215" count="0" type="stmt"/>
      <line num="216" count="7" type="stmt"/>
    </file>
  </project>
</coverage>
