<?xml version="1.0" encoding="UTF-8"?>
<coverage generated="1779050853701" clover="3.2.0">
  <project timestamp="1779050853701" name="All files">
    <metrics statements="1536" coveredstatements="1411" conditionals="625" coveredconditionals="478" methods="101" coveredmethods="97" elements="2262" coveredelements="1986" complexity="0" loc="1536" ncloc="1536" packages="1" files="8" classes="8"/>
    <file name="data.ts" path="D:\A DATOS\PROYECTOS\GOBERNANTES_HISPANOS\lib\data.ts">
      <metrics statements="434" coveredstatements="365" conditionals="235" coveredconditionals="188" methods="28" coveredmethods="24"/>
      <line num="4" count="1" type="stmt"/>
      <line num="5" count="0" type="stmt"/>
      <line num="7" count="0" type="stmt"/>
      <line num="8" count="0" type="stmt"/>
      <line num="10" count="1" type="stmt"/>
      <line num="11" count="0" type="stmt"/>
      <line num="12" count="0" type="stmt"/>
      <line num="13" count="0" type="stmt"/>
      <line num="14" count="0" type="stmt"/>
      <line num="15" count="0" type="stmt"/>
      <line num="16" count="0" type="stmt"/>
      <line num="18" count="1" type="stmt"/>
      <line num="19" count="0" type="stmt"/>
      <line num="20" count="0" type="stmt"/>
      <line num="21" count="0" type="stmt"/>
      <line num="23" count="1" type="stmt"/>
      <line num="24" count="0" type="stmt"/>
      <line num="25" count="0" type="stmt"/>
      <line num="26" count="0" type="stmt"/>
      <line num="27" count="0" type="stmt"/>
      <line num="28" count="0" type="stmt"/>
      <line num="29" count="0" type="stmt"/>
      <line num="30" count="0" type="stmt"/>
      <line num="31" count="0" type="stmt"/>
      <line num="32" count="0" type="stmt"/>
      <line num="36" count="1" type="cond" truecount="1" falsecount="0"/>
      <line num="37" count="7" type="cond" truecount="0" falsecount="1"/>
      <line num="39" count="7" type="stmt"/>
      <line num="40" count="7" type="cond" truecount="0" falsecount="1"/>
      <line num="41" count="7" type="cond" truecount="0" falsecount="1"/>
      <line num="43" count="7" type="stmt"/>
      <line num="44" count="7" type="stmt"/>
      <line num="45" count="7" type="stmt"/>
      <line num="48" count="7" type="cond" truecount="1" falsecount="0"/>
      <line num="49" count="69" type="stmt"/>
      <line num="50" count="69" type="cond" truecount="0" falsecount="1"/>
      <line num="51" count="0" type="stmt"/>
      <line num="52" count="0" type="stmt"/>
      <line num="53" count="0" type="stmt"/>
      <line num="54" count="0" type="stmt"/>
      <line num="55" count="0" type="stmt"/>
      <line num="56" count="0" type="stmt"/>
      <line num="57" count="0" type="stmt"/>
      <line num="58" count="0" type="stmt"/>
      <line num="59" count="69" type="cond" truecount="1" falsecount="0"/>
      <line num="60" count="6" type="stmt"/>
      <line num="61" count="6" type="stmt"/>
      <line num="62" count="6" type="stmt"/>
      <line num="63" count="69" type="stmt"/>
      <line num="65" count="7" type="stmt"/>
      <line num="66" count="7" type="cond" truecount="2" falsecount="0"/>
      <line num="68" count="6" type="cond" truecount="1" falsecount="0"/>
      <line num="69" count="16" type="stmt"/>
      <line num="70" count="16" type="stmt"/>
      <line num="71" count="16" type="cond" truecount="1" falsecount="0"/>
      <line num="72" count="166" type="stmt"/>
      <line num="73" count="166" type="cond" truecount="0" falsecount="1"/>
      <line num="74" count="0" type="stmt"/>
      <line num="75" count="0" type="stmt"/>
      <line num="76" count="0" type="stmt"/>
      <line num="77" count="0" type="stmt"/>
      <line num="78" count="0" type="stmt"/>
      <line num="79" count="166" type="cond" truecount="1" falsecount="0"/>
      <line num="80" count="6" type="stmt"/>
      <line num="81" count="6" type="stmt"/>
      <line num="82" count="166" type="stmt"/>
      <line num="83" count="16" type="stmt"/>
      <line num="84" count="16" type="stmt"/>
      <line num="86" count="6" type="stmt"/>
      <line num="87" count="6" type="stmt"/>
      <line num="88" count="6" type="stmt"/>
      <line num="90" count="7" type="cond" truecount="1" falsecount="0"/>
      <line num="91" count="1" type="stmt"/>
      <line num="92" count="7" type="cond" truecount="2" falsecount="0"/>
      <line num="93" count="3" type="stmt"/>
      <line num="94" count="5" type="cond" truecount="1" falsecount="0"/>
      <line num="95" count="2" type="stmt"/>
      <line num="96" count="2" type="cond" truecount="1" falsecount="0"/>
      <line num="97" count="2" type="stmt"/>
      <line num="98" count="2" type="stmt"/>
      <line num="99" count="2" type="cond" truecount="1" falsecount="0"/>
      <line num="100" count="2" type="stmt"/>
      <line num="101" count="2" type="stmt"/>
      <line num="102" count="2" type="stmt"/>
      <line num="103" count="2" type="cond" truecount="0" falsecount="1"/>
      <line num="105" count="0" type="stmt"/>
      <line num="106" count="0" type="stmt"/>
      <line num="107" count="2" type="cond" truecount="1" falsecount="0"/>
      <line num="109" count="6" type="stmt"/>
      <line num="110" count="6" type="stmt"/>
      <line num="111" count="6" type="stmt"/>
      <line num="112" count="6" type="stmt"/>
      <line num="114" count="6" type="cond" truecount="1" falsecount="0"/>
      <line num="115" count="14" type="cond" truecount="1" falsecount="0"/>
      <line num="116" count="14" type="cond" truecount="1" falsecount="0"/>
      <line num="117" count="14" type="stmt"/>
      <line num="119" count="7" type="cond" truecount="1" falsecount="0"/>
      <line num="120" count="211" type="cond" truecount="2" falsecount="0"/>
      <line num="122" count="211" type="cond" truecount="1" falsecount="0"/>
      <line num="123" count="4" type="stmt"/>
      <line num="124" count="4" type="cond" truecount="1" falsecount="1"/>
      <line num="125" count="0" type="stmt"/>
      <line num="126" count="0" type="stmt"/>
      <line num="127" count="4" type="stmt"/>
      <line num="128" count="4" type="stmt"/>
      <line num="129" count="4" type="stmt"/>
      <line num="130" count="4" type="stmt"/>
      <line num="131" count="4" type="cond" truecount="1" falsecount="0"/>
      <line num="133" count="211" type="cond" truecount="2" falsecount="0"/>
      <line num="134" count="14" type="stmt"/>
      <line num="135" count="14" type="stmt"/>
      <line num="136" count="14" type="stmt"/>
      <line num="137" count="14" type="cond" truecount="1" falsecount="0"/>
      <line num="139" count="211" type="cond" truecount="2" falsecount="0"/>
      <line num="140" count="14" type="stmt"/>
      <line num="141" count="14" type="stmt"/>
      <line num="142" count="14" type="stmt"/>
      <line num="143" count="14" type="stmt"/>
      <line num="144" count="14" type="stmt"/>
      <line num="145" count="14" type="cond" truecount="1" falsecount="0"/>
      <line num="147" count="179" type="stmt"/>
      <line num="148" count="179" type="cond" truecount="1" falsecount="0"/>
      <line num="150" count="7" type="cond" truecount="1" falsecount="1"/>
      <line num="153" count="6" type="cond" truecount="1" falsecount="0"/>
      <line num="154" count="12" type="cond" truecount="0" falsecount="1"/>
      <line num="155" count="12" type="cond" truecount="3" falsecount="0"/>
      <line num="156" count="12" type="stmt"/>
      <line num="157" count="6" type="cond" truecount="1" falsecount="0"/>
      <line num="159" count="6" type="stmt"/>
      <line num="160" count="7" type="cond" truecount="1" falsecount="0"/>
      <line num="161" count="8" type="stmt"/>
      <line num="162" count="8" type="stmt"/>
      <line num="163" count="8" type="cond" truecount="1" falsecount="0"/>
      <line num="164" count="16" type="stmt"/>
      <line num="165" count="16" type="cond" truecount="0" falsecount="1"/>
      <line num="166" count="16" type="stmt"/>
      <line num="167" count="8" type="stmt"/>
      <line num="168" count="8" type="cond" truecount="1" falsecount="0"/>
      <line num="170" count="6" type="stmt"/>
      <line num="171" count="6" type="stmt"/>
      <line num="175" count="1" type="cond" truecount="1" falsecount="0"/>
      <line num="176" count="1" type="cond" truecount="0" falsecount="1"/>
      <line num="179" count="1" type="cond" truecount="1" falsecount="0"/>
      <line num="180" count="2" type="stmt"/>
      <line num="181" count="2" type="stmt"/>
      <line num="182" count="1" type="stmt"/>
      <line num="185" count="1" type="cond" truecount="0" falsecount="1"/>
      <line num="186" count="1" type="stmt"/>
      <line num="188" count="1" type="cond" truecount="1" falsecount="0"/>
      <line num="189" count="2" type="cond" truecount="1" falsecount="0"/>
      <line num="190" count="1" type="stmt"/>
      <line num="192" count="1" type="stmt"/>
      <line num="193" count="1" type="cond" truecount="1" falsecount="0"/>
      <line num="196" count="1" type="cond" truecount="1" falsecount="0"/>
      <line num="197" count="4" type="cond" truecount="0" falsecount="1"/>
      <line num="198" count="4" type="stmt"/>
      <line num="199" count="4" type="stmt"/>
      <line num="201" count="1" type="stmt"/>
      <line num="202" count="1" type="cond" truecount="1" falsecount="0"/>
      <line num="203" count="2" type="cond" truecount="1" falsecount="0"/>
      <line num="204" count="1" type="stmt"/>
      <line num="206" count="1" type="stmt"/>
      <line num="207" count="1" type="stmt"/>
      <line num="211" count="1" type="cond" truecount="1" falsecount="0"/>
      <line num="212" count="236" type="cond" truecount="4" falsecount="0"/>
      <line num="213" count="236" type="cond" truecount="4" falsecount="0"/>
      <line num="214" count="5" type="stmt"/>
      <line num="215" count="15" type="cond" truecount="2" falsecount="0"/>
      <line num="216" count="4" type="stmt"/>
      <line num="217" count="236" type="cond" truecount="2" falsecount="0"/>
      <line num="218" count="236" type="stmt"/>
      <line num="220" count="42" type="cond" truecount="1" falsecount="0"/>
      <line num="221" count="42" type="stmt"/>
      <line num="222" count="42" type="stmt"/>
      <line num="223" count="42" type="stmt"/>
      <line num="224" count="42" type="cond" truecount="1" falsecount="0"/>
      <line num="225" count="136" type="stmt"/>
      <line num="226" count="136" type="stmt"/>
      <line num="227" count="136" type="cond" truecount="0" falsecount="1"/>
      <line num="228" count="136" type="cond" truecount="2" falsecount="0"/>
      <line num="229" count="4" type="stmt"/>
      <line num="230" count="136" type="cond" truecount="1" falsecount="0"/>
      <line num="231" count="132" type="stmt"/>
      <line num="232" count="132" type="stmt"/>
      <line num="233" count="136" type="stmt"/>
      <line num="234" count="42" type="stmt"/>
      <line num="235" count="42" type="stmt"/>
      <line num="251" count="1" type="cond" truecount="1" falsecount="0"/>
      <line num="252" count="617" type="cond" truecount="4" falsecount="0"/>
      <line num="253" count="617" type="cond" truecount="4" falsecount="0"/>
      <line num="255" count="69" type="stmt"/>
      <line num="256" count="367" type="cond" truecount="2" falsecount="0"/>
      <line num="257" count="64" type="stmt"/>
      <line num="260" count="617" type="cond" truecount="1" falsecount="0"/>
      <line num="261" count="617" type="cond" truecount="1" falsecount="1"/>
      <line num="267" count="617" type="stmt"/>
      <line num="268" count="617" type="cond" truecount="2" falsecount="0"/>
      <line num="269" count="19" type="stmt"/>
      <line num="270" count="19" type="stmt"/>
      <line num="271" count="19" type="cond" truecount="1" falsecount="0"/>
      <line num="284" count="45" type="stmt"/>
      <line num="286" count="45" type="stmt"/>
      <line num="288" count="45" type="stmt"/>
      <line num="290" count="45" type="stmt"/>
      <line num="292" count="45" type="stmt"/>
      <line num="294" count="45" type="stmt"/>
      <line num="296" count="45" type="stmt"/>
      <line num="297" count="45" type="stmt"/>
      <line num="298" count="367" type="cond" truecount="1" falsecount="0"/>
      <line num="299" count="251" type="stmt"/>
      <line num="300" count="251" type="cond" truecount="1" falsecount="0"/>
      <line num="301" count="9" type="stmt"/>
      <line num="302" count="9" type="stmt"/>
      <line num="303" count="9" type="stmt"/>
      <line num="304" count="9" type="stmt"/>
      <line num="305" count="9" type="stmt"/>
      <line num="306" count="9" type="stmt"/>
      <line num="307" count="251" type="cond" truecount="2" falsecount="0"/>
      <line num="310" count="36" type="stmt"/>
      <line num="311" count="355" type="cond" truecount="1" falsecount="0"/>
      <line num="312" count="20" type="stmt"/>
      <line num="313" count="20" type="stmt"/>
      <line num="314" count="20" type="stmt"/>
      <line num="315" count="20" type="stmt"/>
      <line num="316" count="20" type="cond" truecount="0" falsecount="1"/>
      <line num="317" count="20" type="cond" truecount="0" falsecount="1"/>
      <line num="318" count="20" type="cond" truecount="0" falsecount="1"/>
      <line num="320" count="20" type="stmt"/>
      <line num="321" count="20" type="stmt"/>
      <line num="322" count="20" type="stmt"/>
      <line num="323" count="20" type="cond" truecount="3" falsecount="0"/>
      <line num="326" count="16" type="stmt"/>
      <line num="327" count="58" type="cond" truecount="1" falsecount="0"/>
      <line num="328" count="13" type="stmt"/>
      <line num="329" count="13" type="stmt"/>
      <line num="330" count="13" type="stmt"/>
      <line num="331" count="13" type="stmt"/>
      <line num="332" count="13" type="cond" truecount="2" falsecount="0"/>
      <line num="335" count="3" type="stmt"/>
      <line num="336" count="48" type="cond" truecount="0" falsecount="1"/>
      <line num="337" count="0" type="stmt"/>
      <line num="338" count="0" type="stmt"/>
      <line num="339" count="0" type="cond" truecount="1" falsecount="0"/>
      <line num="341" count="3" type="stmt"/>
      <line num="342" count="3" type="stmt"/>
      <line num="344" count="1" type="cond" truecount="1" falsecount="0"/>
      <line num="345" count="12" type="cond" truecount="0" falsecount="1"/>
      <line num="346" count="12" type="stmt"/>
      <line num="348" count="12" type="cond" truecount="1" falsecount="0"/>
      <line num="349" count="3" type="stmt"/>
      <line num="350" count="3" type="stmt"/>
      <line num="351" count="3" type="stmt"/>
      <line num="352" count="3" type="stmt"/>
      <line num="353" count="3" type="stmt"/>
      <line num="354" count="3" type="stmt"/>
      <line num="355" count="3" type="stmt"/>
      <line num="356" count="3" type="cond" truecount="1" falsecount="0"/>
      <line num="358" count="9" type="stmt"/>
      <line num="359" count="9" type="stmt"/>
      <line num="360" count="12" type="cond" truecount="2" falsecount="0"/>
      <line num="361" count="6" type="stmt"/>
      <line num="362" count="12" type="stmt"/>
      <line num="363" count="12" type="cond" truecount="1" falsecount="0"/>
      <line num="364" count="7" type="stmt"/>
      <line num="366" count="12" type="cond" truecount="3" falsecount="0"/>
      <line num="367" count="5" type="stmt"/>
      <line num="368" count="5" type="stmt"/>
      <line num="369" count="5" type="stmt"/>
      <line num="370" count="5" type="stmt"/>
      <line num="371" count="5" type="stmt"/>
      <line num="372" count="5" type="stmt"/>
      <line num="373" count="5" type="stmt"/>
      <line num="374" count="5" type="cond" truecount="1" falsecount="0"/>
      <line num="376" count="4" type="stmt"/>
      <line num="377" count="4" type="stmt"/>
      <line num="378" count="4" type="stmt"/>
      <line num="379" count="4" type="stmt"/>
      <line num="380" count="4" type="stmt"/>
      <line num="381" count="4" type="stmt"/>
      <line num="382" count="4" type="stmt"/>
      <line num="383" count="4" type="stmt"/>
      <line num="384" count="4" type="cond" truecount="0" falsecount="1"/>
      <line num="386" count="0" type="stmt"/>
      <line num="387" count="0" type="stmt"/>
      <line num="388" count="0" type="stmt"/>
      <line num="389" count="0" type="stmt"/>
      <line num="390" count="0" type="stmt"/>
      <line num="391" count="0" type="stmt"/>
      <line num="392" count="0" type="stmt"/>
      <line num="393" count="0" type="stmt"/>
      <line num="394" count="0" type="stmt"/>
      <line num="396" count="0" type="stmt"/>
      <line num="397" count="0" type="stmt"/>
      <line num="398" count="0" type="stmt"/>
      <line num="399" count="0" type="stmt"/>
      <line num="400" count="0" type="stmt"/>
      <line num="401" count="0" type="stmt"/>
      <line num="402" count="0" type="stmt"/>
      <line num="403" count="0" type="stmt"/>
      <line num="405" count="1" type="cond" truecount="1" falsecount="0"/>
      <line num="407" count="27" type="stmt"/>
      <line num="408" count="27" type="stmt"/>
      <line num="410" count="27" type="cond" truecount="0" falsecount="2"/>
      <line num="412" count="0" type="stmt"/>
      <line num="413" count="0" type="stmt"/>
      <line num="414" count="0" type="stmt"/>
      <line num="417" count="27" type="stmt"/>
      <line num="418" count="27" type="stmt"/>
      <line num="419" count="27" type="cond" truecount="0" falsecount="2"/>
      <line num="420" count="0" type="stmt"/>
      <line num="421" count="0" type="stmt"/>
      <line num="422" count="0" type="stmt"/>
      <line num="423" count="0" type="stmt"/>
      <line num="425" count="27" type="stmt"/>
      <line num="426" count="27" type="stmt"/>
      <line num="428" count="1" type="cond" truecount="1" falsecount="0"/>
      <line num="429" count="5" type="cond" truecount="2" falsecount="0"/>
      <line num="430" count="5" type="cond" truecount="2" falsecount="0"/>
      <line num="431" count="2" type="stmt"/>
      <line num="432" count="2" type="cond" truecount="1" falsecount="0"/>
      <line num="433" count="1" type="stmt"/>
      <line num="434" count="2" type="stmt"/>
      <line num="435" count="2" type="stmt"/>
      <line num="436" count="2" type="stmt"/>
      <line num="438" count="1" type="cond" truecount="1" falsecount="0"/>
      <line num="439" count="68" type="cond" truecount="1" falsecount="0"/>
      <line num="440" count="68" type="cond" truecount="7" falsecount="0"/>
      <line num="441" count="68" type="cond" truecount="4" falsecount="1"/>
      <line num="442" count="0" type="stmt"/>
      <line num="443" count="0" type="stmt"/>
      <line num="445" count="1" type="cond" truecount="1" falsecount="0"/>
      <line num="446" count="2" type="cond" truecount="2" falsecount="0"/>
      <line num="447" count="2" type="stmt"/>
      <line num="449" count="1" type="cond" truecount="1" falsecount="0"/>
      <line num="450" count="28" type="cond" truecount="1" falsecount="0"/>
      <line num="451" count="28" type="cond" truecount="2" falsecount="0"/>
      <line num="453" count="28" type="cond" truecount="2" falsecount="0"/>
      <line num="454" count="28" type="cond" truecount="3" falsecount="0"/>
      <line num="455" count="28" type="stmt"/>
      <line num="456" count="28" type="cond" truecount="1" falsecount="1"/>
      <line num="458" count="28" type="cond" truecount="1" falsecount="0"/>
      <line num="459" count="28" type="cond" truecount="2" falsecount="0"/>
      <line num="460" count="28" type="cond" truecount="4" falsecount="0"/>
      <line num="462" count="1" type="stmt"/>
      <line num="463" count="1" type="stmt"/>
      <line num="465" count="1" type="cond" truecount="1" falsecount="0"/>
      <line num="466" count="28" type="cond" truecount="0" falsecount="1"/>
      <line num="467" count="28" type="cond" truecount="0" falsecount="1"/>
      <line num="468" count="28" type="cond" truecount="0" falsecount="1"/>
      <line num="469" count="28" type="stmt"/>
      <line num="471" count="1" type="cond" truecount="1" falsecount="0"/>
      <line num="472" count="127" type="cond" truecount="2" falsecount="0"/>
      <line num="473" count="127" type="cond" truecount="1" falsecount="0"/>
      <line num="474" count="127" type="cond" truecount="2" falsecount="0"/>
      <line num="475" count="127" type="stmt"/>
      <line num="477" count="1" type="cond" truecount="1" falsecount="0"/>
      <line num="478" count="35" type="cond" truecount="2" falsecount="0"/>
      <line num="479" count="35" type="stmt"/>
      <line num="481" count="35" type="cond" truecount="0" falsecount="1"/>
      <line num="482" count="35" type="cond" truecount="0" falsecount="1"/>
      <line num="484" count="35" type="cond" truecount="3" falsecount="0"/>
      <line num="485" count="35" type="cond" truecount="1" falsecount="1"/>
      <line num="486" count="35" type="cond" truecount="0" falsecount="1"/>
      <line num="487" count="35" type="stmt"/>
      <line num="489" count="1" type="cond" truecount="1" falsecount="0"/>
      <line num="490" count="86" type="cond" truecount="1" falsecount="0"/>
      <line num="491" count="103" type="cond" truecount="1" falsecount="0"/>
      <line num="492" count="103" type="cond" truecount="1" falsecount="0"/>
      <line num="493" count="103" type="cond" truecount="1" falsecount="0"/>
      <line num="494" count="37" type="stmt"/>
      <line num="495" count="37" type="stmt"/>
      <line num="497" count="1" type="cond" truecount="1" falsecount="0"/>
      <line num="498" count="42" type="cond" truecount="1" falsecount="0"/>
      <line num="499" count="42" type="cond" truecount="3" falsecount="0"/>
      <line num="501" count="31" type="cond" truecount="1" falsecount="1"/>
      <line num="502" count="42" type="cond" truecount="0" falsecount="1"/>
      <line num="503" count="42" type="stmt"/>
      <line num="505" count="1" type="cond" truecount="1" falsecount="0"/>
      <line num="506" count="20" type="cond" truecount="0" falsecount="1"/>
      <line num="507" count="20" type="cond" truecount="2" falsecount="0"/>
      <line num="508" count="20" type="cond" truecount="2" falsecount="0"/>
      <line num="509" count="20" type="cond" truecount="1" falsecount="1"/>
      <line num="510" count="6" type="cond" truecount="0" falsecount="1"/>
      <line num="511" count="0" type="stmt"/>
      <line num="512" count="0" type="stmt"/>
      <line num="514" count="1" type="cond" truecount="1" falsecount="0"/>
      <line num="515" count="70" type="cond" truecount="0" falsecount="1"/>
      <line num="516" count="70" type="cond" truecount="3" falsecount="0"/>
      <line num="517" count="70" type="cond" truecount="1" falsecount="1"/>
      <line num="518" count="70" type="cond" truecount="1" falsecount="1"/>
      <line num="519" count="34" type="stmt"/>
      <line num="520" count="34" type="stmt"/>
      <line num="522" count="1" type="cond" truecount="1" falsecount="0"/>
      <line num="523" count="100" type="stmt"/>
      <line num="524" count="100" type="cond" truecount="0" falsecount="1"/>
      <line num="525" count="100" type="stmt"/>
      <line num="526" count="100" type="cond" truecount="0" falsecount="1"/>
      <line num="527" count="100" type="stmt"/>
      <line num="528" count="100" type="stmt"/>
      <line num="529" count="100" type="stmt"/>
      <line num="530" count="100" type="stmt"/>
      <line num="531" count="100" type="stmt"/>
      <line num="532" count="100" type="stmt"/>
      <line num="533" count="100" type="stmt"/>
      <line num="534" count="100" type="stmt"/>
      <line num="535" count="100" type="stmt"/>
      <line num="536" count="100" type="stmt"/>
      <line num="537" count="100" type="stmt"/>
      <line num="538" count="100" type="stmt"/>
      <line num="539" count="100" type="stmt"/>
      <line num="540" count="100" type="stmt"/>
      <line num="541" count="100" type="stmt"/>
      <line num="542" count="100" type="stmt"/>
      <line num="543" count="100" type="stmt"/>
      <line num="544" count="100" type="cond" truecount="1" falsecount="0"/>
      <line num="545" count="1300" type="cond" truecount="1" falsecount="0"/>
      <line num="546" count="273" type="stmt"/>
      <line num="547" count="273" type="stmt"/>
      <line num="548" count="273" type="stmt"/>
      <line num="549" count="1300" type="stmt"/>
      <line num="550" count="100" type="stmt"/>
      <line num="551" count="100" type="stmt"/>
      <line num="553" count="1" type="cond" truecount="1" falsecount="0"/>
      <line num="554" count="120" type="stmt"/>
      <line num="555" count="120" type="cond" truecount="2" falsecount="0"/>
      <line num="556" count="117" type="stmt"/>
      <line num="557" count="120" type="cond" truecount="0" falsecount="1"/>
      <line num="558" count="120" type="stmt"/>
      <line num="560" count="1" type="cond" truecount="1" falsecount="0"/>
      <line num="561" count="100" type="stmt"/>
      <line num="562" count="100" type="cond" truecount="0" falsecount="1"/>
      <line num="563" count="100" type="stmt"/>
      <line num="564" count="100" type="cond" truecount="0" falsecount="1"/>
      <line num="565" count="100" type="stmt"/>
    </file>
    <file name="dataset-package.ts" path="D:\A DATOS\PROYECTOS\GOBERNANTES_HISPANOS\lib\dataset-package.ts">
      <metrics statements="69" coveredstatements="69" conditionals="27" coveredconditionals="17" methods="8" coveredmethods="8"/>
      <line num="6" count="1" type="stmt"/>
      <line num="8" count="1" type="stmt"/>
      <line num="17" count="1" type="stmt"/>
      <line num="18" count="1" type="stmt"/>
      <line num="19" count="1" type="stmt"/>
      <line num="20" count="1" type="stmt"/>
      <line num="21" count="1" type="stmt"/>
      <line num="22" count="1" type="stmt"/>
      <line num="23" count="1" type="stmt"/>
      <line num="25" count="1" type="cond" truecount="1" falsecount="0"/>
      <line num="26" count="2" type="cond" truecount="1" falsecount="0"/>
      <line num="27" count="2" type="stmt"/>
      <line num="28" count="2" type="stmt"/>
      <line num="29" count="2" type="stmt"/>
      <line num="30" count="2" type="stmt"/>
      <line num="32" count="1" type="cond" truecount="1" falsecount="0"/>
      <line num="33" count="3" type="cond" truecount="1" falsecount="0"/>
      <line num="34" count="3" type="stmt"/>
      <line num="35" count="3" type="stmt"/>
      <line num="36" count="3" type="cond" truecount="0" falsecount="1"/>
      <line num="38" count="3" type="stmt"/>
      <line num="39" count="3" type="stmt"/>
      <line num="41" count="1" type="cond" truecount="1" falsecount="0"/>
      <line num="42" count="6" type="cond" truecount="0" falsecount="1"/>
      <line num="43" count="6" type="stmt"/>
      <line num="44" count="6" type="stmt"/>
      <line num="45" count="6" type="stmt"/>
      <line num="46" count="6" type="stmt"/>
      <line num="47" count="6" type="stmt"/>
      <line num="48" count="6" type="cond" truecount="1" falsecount="1"/>
      <line num="49" count="6" type="stmt"/>
      <line num="50" count="6" type="stmt"/>
      <line num="51" count="6" type="stmt"/>
      <line num="52" count="6" type="stmt"/>
      <line num="53" count="6" type="stmt"/>
      <line num="55" count="6" type="cond" truecount="1" falsecount="0"/>
      <line num="56" count="6" type="stmt"/>
      <line num="58" count="1" type="cond" truecount="1" falsecount="0"/>
      <line num="59" count="1" type="cond" truecount="0" falsecount="1"/>
      <line num="60" count="1" type="cond" truecount="0" falsecount="1"/>
      <line num="61" count="1" type="stmt"/>
      <line num="63" count="1" type="cond" truecount="1" falsecount="0"/>
      <line num="64" count="1" type="cond" truecount="0" falsecount="2"/>
      <line num="65" count="1" type="stmt"/>
      <line num="67" count="1" type="cond" truecount="1" falsecount="0"/>
      <line num="68" count="2" type="stmt"/>
      <line num="69" count="2" type="cond" truecount="0" falsecount="2"/>
      <line num="70" count="2" type="stmt"/>
      <line num="71" count="2" type="cond" truecount="1" falsecount="0"/>
      <line num="72" count="1" type="cond" truecount="1" falsecount="0"/>
      <line num="73" count="1" type="cond" truecount="0" falsecount="1"/>
      <line num="75" count="2" type="stmt"/>
      <line num="76" count="2" type="stmt"/>
      <line num="78" count="1" type="cond" truecount="1" falsecount="0"/>
      <line num="79" count="2" type="stmt"/>
      <line num="80" count="2" type="cond" truecount="2" falsecount="0"/>
      <line num="81" count="2" type="stmt"/>
      <line num="83" count="1" type="cond" truecount="1" falsecount="0"/>
      <line num="84" count="1" type="stmt"/>
      <line num="85" count="1" type="stmt"/>
      <line num="86" count="1" type="stmt"/>
      <line num="87" count="1" type="stmt"/>
      <line num="88" count="1" type="stmt"/>
      <line num="89" count="1" type="stmt"/>
      <line num="90" count="1" type="stmt"/>
      <line num="91" count="1" type="stmt"/>
      <line num="92" count="1" type="cond" truecount="1" falsecount="0"/>
      <line num="93" count="1" type="stmt"/>
      <line num="94" count="1" type="stmt"/>
    </file>
    <file name="ficha-view.ts" path="D:\A DATOS\PROYECTOS\GOBERNANTES_HISPANOS\lib\ficha-view.ts">
      <metrics statements="221" coveredstatements="221" conditionals="85" coveredconditionals="76" methods="22" coveredmethods="22"/>
      <line num="1" count="1" type="stmt"/>
      <line num="51" count="1" type="stmt"/>
      <line num="52" count="1" type="stmt"/>
      <line num="53" count="1" type="stmt"/>
      <line num="54" count="1" type="stmt"/>
      <line num="55" count="1" type="stmt"/>
      <line num="56" count="1" type="stmt"/>
      <line num="58" count="1" type="stmt"/>
      <line num="59" count="1" type="stmt"/>
      <line num="60" count="1" type="stmt"/>
      <line num="61" count="1" type="stmt"/>
      <line num="62" count="1" type="stmt"/>
      <line num="63" count="1" type="stmt"/>
      <line num="64" count="1" type="stmt"/>
      <line num="65" count="1" type="stmt"/>
      <line num="66" count="1" type="stmt"/>
      <line num="67" count="1" type="stmt"/>
      <line num="68" count="1" type="stmt"/>
      <line num="69" count="1" type="stmt"/>
      <line num="71" count="1" type="stmt"/>
      <line num="72" count="1" type="stmt"/>
      <line num="73" count="1" type="stmt"/>
      <line num="74" count="1" type="stmt"/>
      <line num="75" count="1" type="stmt"/>
      <line num="76" count="1" type="stmt"/>
      <line num="77" count="1" type="stmt"/>
      <line num="78" count="1" type="stmt"/>
      <line num="79" count="1" type="stmt"/>
      <line num="80" count="1" type="stmt"/>
      <line num="81" count="1" type="stmt"/>
      <line num="82" count="1" type="stmt"/>
      <line num="83" count="1" type="stmt"/>
      <line num="85" count="6" type="cond" truecount="1" falsecount="0"/>
      <line num="86" count="6" type="stmt"/>
      <line num="87" count="6" type="stmt"/>
      <line num="88" count="6" type="stmt"/>
      <line num="89" count="6" type="stmt"/>
      <line num="90" count="6" type="stmt"/>
      <line num="91" count="6" type="stmt"/>
      <line num="93" count="1" type="cond" truecount="1" falsecount="0"/>
      <line num="94" count="3" type="stmt"/>
      <line num="95" count="3" type="cond" truecount="0" falsecount="1"/>
      <line num="97" count="3" type="stmt"/>
      <line num="98" count="3" type="cond" truecount="2" falsecount="0"/>
      <line num="100" count="2" type="cond" truecount="1" falsecount="0"/>
      <line num="101" count="20" type="cond" truecount="1" falsecount="0"/>
      <line num="102" count="3" type="cond" truecount="1" falsecount="0"/>
      <line num="103" count="3" type="stmt"/>
      <line num="105" count="1" type="cond" truecount="1" falsecount="0"/>
      <line num="106" count="1" type="stmt"/>
      <line num="107" count="1" type="cond" truecount="1" falsecount="0"/>
      <line num="108" count="14" type="stmt"/>
      <line num="109" count="14" type="stmt"/>
      <line num="110" count="14" type="stmt"/>
      <line num="111" count="1" type="stmt"/>
      <line num="112" count="1" type="stmt"/>
      <line num="114" count="1" type="cond" truecount="1" falsecount="0"/>
      <line num="115" count="3" type="stmt"/>
      <line num="116" count="3" type="cond" truecount="2" falsecount="0"/>
      <line num="118" count="1" type="stmt"/>
      <line num="119" count="1" type="stmt"/>
      <line num="120" count="1" type="stmt"/>
      <line num="122" count="1" type="cond" truecount="1" falsecount="0"/>
      <line num="123" count="1" type="cond" truecount="0" falsecount="1"/>
      <line num="124" count="1" type="stmt"/>
      <line num="125" count="1" type="stmt"/>
      <line num="126" count="1" type="stmt"/>
      <line num="128" count="1" type="cond" truecount="1" falsecount="0"/>
      <line num="129" count="4" type="stmt"/>
      <line num="130" count="4" type="cond" truecount="2" falsecount="0"/>
      <line num="131" count="4" type="cond" truecount="2" falsecount="0"/>
      <line num="132" count="4" type="cond" truecount="2" falsecount="0"/>
      <line num="133" count="4" type="stmt"/>
      <line num="134" count="4" type="stmt"/>
      <line num="136" count="1" type="cond" truecount="1" falsecount="0"/>
      <line num="137" count="1" type="stmt"/>
      <line num="138" count="1" type="stmt"/>
      <line num="140" count="1" type="cond" truecount="1" falsecount="0"/>
      <line num="141" count="2" type="stmt"/>
      <line num="142" count="2" type="stmt"/>
      <line num="144" count="1" type="cond" truecount="1" falsecount="0"/>
      <line num="145" count="1" type="stmt"/>
      <line num="146" count="1" type="stmt"/>
      <line num="148" count="1" type="cond" truecount="1" falsecount="0"/>
      <line num="149" count="4" type="cond" truecount="0" falsecount="1"/>
      <line num="150" count="4" type="stmt"/>
      <line num="151" count="4" type="stmt"/>
      <line num="152" count="4" type="stmt"/>
      <line num="154" count="1" type="cond" truecount="1" falsecount="0"/>
      <line num="155" count="3" type="cond" truecount="0" falsecount="1"/>
      <line num="156" count="3" type="cond" truecount="3" falsecount="0"/>
      <line num="157" count="1" type="stmt"/>
      <line num="158" count="1" type="stmt"/>
      <line num="160" count="1" type="cond" truecount="1" falsecount="0"/>
      <line num="161" count="3" type="stmt"/>
      <line num="162" count="3" type="cond" truecount="1" falsecount="0"/>
      <line num="163" count="3" type="cond" truecount="1" falsecount="0"/>
      <line num="164" count="3" type="cond" truecount="1" falsecount="0"/>
      <line num="165" count="3" type="cond" truecount="1" falsecount="0"/>
      <line num="167" count="3" type="cond" truecount="2" falsecount="0"/>
      <line num="169" count="2" type="stmt"/>
      <line num="170" count="2" type="stmt"/>
      <line num="172" count="1" type="cond" truecount="1" falsecount="0"/>
      <line num="173" count="3" type="cond" truecount="2" falsecount="0"/>
      <line num="174" count="3" type="stmt"/>
      <line num="175" count="3" type="stmt"/>
      <line num="176" count="3" type="stmt"/>
      <line num="177" count="3" type="stmt"/>
      <line num="178" count="3" type="stmt"/>
      <line num="179" count="3" type="stmt"/>
      <line num="180" count="3" type="stmt"/>
      <line num="181" count="3" type="stmt"/>
      <line num="182" count="3" type="stmt"/>
      <line num="183" count="3" type="stmt"/>
      <line num="185" count="3" type="stmt"/>
      <line num="186" count="3" type="stmt"/>
      <line num="187" count="3" type="stmt"/>
      <line num="188" count="3" type="stmt"/>
      <line num="189" count="3" type="stmt"/>
      <line num="190" count="3" type="stmt"/>
      <line num="191" count="3" type="stmt"/>
      <line num="192" count="3" type="stmt"/>
      <line num="193" count="3" type="stmt"/>
      <line num="194" count="3" type="stmt"/>
      <line num="195" count="3" type="stmt"/>
      <line num="196" count="3" type="stmt"/>
      <line num="197" count="3" type="stmt"/>
      <line num="198" count="3" type="stmt"/>
      <line num="199" count="3" type="stmt"/>
      <line num="201" count="1" type="cond" truecount="1" falsecount="0"/>
      <line num="202" count="1" type="stmt"/>
      <line num="203" count="1" type="stmt"/>
      <line num="204" count="1" type="cond" truecount="1" falsecount="0"/>
      <line num="205" count="3" type="cond" truecount="0" falsecount="1"/>
      <line num="206" count="3" type="stmt"/>
      <line num="207" count="3" type="stmt"/>
      <line num="208" count="1" type="stmt"/>
      <line num="209" count="1" type="stmt"/>
      <line num="210" count="1" type="stmt"/>
      <line num="211" count="1" type="stmt"/>
      <line num="213" count="1" type="cond" truecount="1" falsecount="0"/>
      <line num="214" count="1" type="stmt"/>
      <line num="215" count="1" type="stmt"/>
      <line num="217" count="1" type="cond" truecount="1" falsecount="0"/>
      <line num="218" count="1" type="cond" truecount="1" falsecount="1"/>
      <line num="219" count="1" type="stmt"/>
      <line num="221" count="1" type="cond" truecount="1" falsecount="0"/>
      <line num="222" count="2" type="cond" truecount="1" falsecount="0"/>
      <line num="223" count="5" type="stmt"/>
      <line num="224" count="5" type="stmt"/>
      <line num="225" count="5" type="stmt"/>
      <line num="226" count="5" type="cond" truecount="2" falsecount="0"/>
      <line num="227" count="5" type="cond" truecount="1" falsecount="1"/>
      <line num="228" count="5" type="stmt"/>
      <line num="229" count="5" type="stmt"/>
      <line num="230" count="5" type="stmt"/>
      <line num="231" count="5" type="cond" truecount="1" falsecount="1"/>
      <line num="232" count="5" type="stmt"/>
      <line num="233" count="5" type="stmt"/>
      <line num="234" count="5" type="stmt"/>
      <line num="235" count="5" type="stmt"/>
      <line num="236" count="5" type="stmt"/>
      <line num="237" count="2" type="stmt"/>
      <line num="238" count="2" type="stmt"/>
      <line num="240" count="1" type="cond" truecount="1" falsecount="0"/>
      <line num="241" count="3" type="cond" truecount="3" falsecount="0"/>
      <line num="242" count="3" type="stmt"/>
      <line num="244" count="1" type="cond" truecount="1" falsecount="0"/>
      <line num="245" count="3" type="stmt"/>
      <line num="246" count="3" type="cond" truecount="2" falsecount="0"/>
      <line num="247" count="2" type="stmt"/>
      <line num="248" count="3" type="cond" truecount="2" falsecount="0"/>
      <line num="249" count="3" type="cond" truecount="2" falsecount="0"/>
      <line num="250" count="3" type="stmt"/>
      <line num="251" count="3" type="stmt"/>
      <line num="252" count="3" type="stmt"/>
      <line num="254" count="1" type="cond" truecount="1" falsecount="0"/>
      <line num="255" count="1" type="stmt"/>
      <line num="256" count="1" type="stmt"/>
      <line num="258" count="1" type="cond" truecount="1" falsecount="0"/>
      <line num="259" count="3" type="cond" truecount="0" falsecount="1"/>
      <line num="260" count="3" type="cond" truecount="1" falsecount="0"/>
      <line num="261" count="1" type="stmt"/>
      <line num="262" count="1" type="stmt"/>
      <line num="263" count="1" type="stmt"/>
      <line num="264" count="1" type="stmt"/>
      <line num="265" count="1" type="stmt"/>
      <line num="266" count="1" type="cond" truecount="1" falsecount="0"/>
      <line num="268" count="3" type="cond" truecount="1" falsecount="0"/>
      <line num="269" count="1" type="stmt"/>
      <line num="270" count="1" type="stmt"/>
      <line num="271" count="1" type="stmt"/>
      <line num="272" count="1" type="stmt"/>
      <line num="273" count="1" type="stmt"/>
      <line num="274" count="1" type="stmt"/>
      <line num="276" count="1" type="stmt"/>
      <line num="277" count="1" type="stmt"/>
      <line num="278" count="1" type="stmt"/>
      <line num="279" count="1" type="stmt"/>
      <line num="280" count="1" type="stmt"/>
      <line num="281" count="1" type="stmt"/>
      <line num="283" count="1" type="cond" truecount="1" falsecount="0"/>
      <line num="284" count="3" type="stmt"/>
      <line num="285" count="3" type="stmt"/>
      <line num="286" count="3" type="cond" truecount="1" falsecount="0"/>
      <line num="287" count="3" type="cond" truecount="1" falsecount="0"/>
      <line num="289" count="3" type="cond" truecount="1" falsecount="0"/>
      <line num="290" count="1" type="stmt"/>
      <line num="291" count="1" type="stmt"/>
      <line num="292" count="1" type="stmt"/>
      <line num="293" count="1" type="stmt"/>
      <line num="294" count="1" type="stmt"/>
      <line num="295" count="1" type="cond" truecount="1" falsecount="0"/>
      <line num="297" count="2" type="stmt"/>
      <line num="298" count="3" type="cond" truecount="2" falsecount="0"/>
      <line num="299" count="3" type="cond" truecount="2" falsecount="0"/>
      <line num="300" count="3" type="cond" truecount="1" falsecount="0"/>
      <line num="301" count="1" type="cond" truecount="1" falsecount="0"/>
      <line num="302" count="1" type="stmt"/>
      <line num="303" count="3" type="stmt"/>
      <line num="304" count="3" type="stmt"/>
    </file>
    <file name="media.ts" path="D:\A DATOS\PROYECTOS\GOBERNANTES_HISPANOS\lib\media.ts">
      <metrics statements="141" coveredstatements="140" conditionals="52" coveredconditionals="37" methods="11" coveredmethods="11"/>
      <line num="2" count="1" type="stmt"/>
      <line num="4" count="1" type="stmt"/>
      <line num="5" count="1" type="stmt"/>
      <line num="6" count="1" type="stmt"/>
      <line num="7" count="1" type="stmt"/>
      <line num="8" count="1" type="stmt"/>
      <line num="9" count="1" type="stmt"/>
      <line num="11" count="4" type="cond" truecount="1" falsecount="0"/>
      <line num="12" count="4" type="stmt"/>
      <line num="13" count="4" type="cond" truecount="1" falsecount="0"/>
      <line num="14" count="119" type="stmt"/>
      <line num="15" count="119" type="stmt"/>
      <line num="16" count="119" type="stmt"/>
      <line num="17" count="4" type="stmt"/>
      <line num="18" count="4" type="stmt"/>
      <line num="20" count="7" type="cond" truecount="1" falsecount="0"/>
      <line num="21" count="7" type="cond" truecount="0" falsecount="1"/>
      <line num="22" count="7" type="stmt"/>
      <line num="24" count="1" type="cond" truecount="1" falsecount="0"/>
      <line num="25" count="2" type="stmt"/>
      <line num="26" count="2" type="cond" truecount="0" falsecount="1"/>
      <line num="27" count="2" type="stmt"/>
      <line num="29" count="1" type="cond" truecount="1" falsecount="0"/>
      <line num="30" count="3" type="cond" truecount="1" falsecount="0"/>
      <line num="31" count="3" type="cond" truecount="2" falsecount="0"/>
      <line num="33" count="2" type="stmt"/>
      <line num="34" count="2" type="stmt"/>
      <line num="35" count="2" type="cond" truecount="1" falsecount="0"/>
      <line num="36" count="2" type="stmt"/>
      <line num="37" count="2" type="stmt"/>
      <line num="39" count="1" type="cond" truecount="1" falsecount="0"/>
      <line num="40" count="6" type="stmt"/>
      <line num="41" count="6" type="stmt"/>
      <line num="42" count="6" type="stmt"/>
      <line num="43" count="6" type="stmt"/>
      <line num="44" count="6" type="stmt"/>
      <line num="45" count="6" type="stmt"/>
      <line num="46" count="6" type="stmt"/>
      <line num="47" count="6" type="stmt"/>
      <line num="48" count="6" type="stmt"/>
      <line num="49" count="6" type="stmt"/>
      <line num="50" count="6" type="stmt"/>
      <line num="51" count="6" type="stmt"/>
      <line num="63" count="6" type="stmt"/>
      <line num="64" count="6" type="stmt"/>
      <line num="65" count="6" type="stmt"/>
      <line num="67" count="6" type="cond" truecount="3" falsecount="0"/>
      <line num="69" count="4" type="stmt"/>
      <line num="70" count="4" type="stmt"/>
      <line num="71" count="4" type="stmt"/>
      <line num="72" count="4" type="stmt"/>
      <line num="73" count="4" type="stmt"/>
      <line num="74" count="4" type="stmt"/>
      <line num="75" count="4" type="stmt"/>
      <line num="76" count="4" type="stmt"/>
      <line num="77" count="4" type="stmt"/>
      <line num="78" count="4" type="stmt"/>
      <line num="79" count="4" type="stmt"/>
      <line num="80" count="4" type="stmt"/>
      <line num="81" count="4" type="stmt"/>
      <line num="82" count="4" type="stmt"/>
      <line num="83" count="4" type="stmt"/>
      <line num="84" count="4" type="stmt"/>
      <line num="86" count="1" type="cond" truecount="1" falsecount="0"/>
      <line num="87" count="1" type="stmt"/>
      <line num="88" count="1" type="stmt"/>
      <line num="89" count="1" type="stmt"/>
      <line num="90" count="1" type="stmt"/>
      <line num="91" count="1" type="cond" truecount="0" falsecount="1"/>
      <line num="92" count="1" type="cond" truecount="1" falsecount="0"/>
      <line num="93" count="1" type="stmt"/>
      <line num="95" count="1" type="cond" truecount="1" falsecount="0"/>
      <line num="96" count="1" type="stmt"/>
      <line num="97" count="1" type="stmt"/>
      <line num="98" count="1" type="stmt"/>
      <line num="99" count="1" type="stmt"/>
      <line num="100" count="1" type="cond" truecount="1" falsecount="2"/>
      <line num="101" count="1" type="stmt"/>
      <line num="103" count="1" type="cond" truecount="1" falsecount="0"/>
      <line num="104" count="2" type="cond" truecount="1" falsecount="0"/>
      <line num="105" count="1" type="cond" truecount="0" falsecount="3"/>
      <line num="106" count="1" type="stmt"/>
      <line num="108" count="2" type="cond" truecount="0" falsecount="1"/>
      <line num="109" count="2" type="stmt"/>
      <line num="111" count="1" type="cond" truecount="1" falsecount="0"/>
      <line num="112" count="2" type="cond" truecount="1" falsecount="0"/>
      <line num="113" count="1" type="cond" truecount="0" falsecount="3"/>
      <line num="114" count="1" type="stmt"/>
      <line num="116" count="1" type="stmt"/>
      <line num="117" count="1" type="stmt"/>
      <line num="119" count="1" type="cond" truecount="1" falsecount="0"/>
      <line num="120" count="2" type="stmt"/>
      <line num="121" count="2" type="stmt"/>
      <line num="123" count="2" type="cond" truecount="1" falsecount="0"/>
      <line num="124" count="5" type="cond" truecount="1" falsecount="0"/>
      <line num="125" count="2" type="stmt"/>
      <line num="126" count="2" type="stmt"/>
      <line num="127" count="5" type="cond" truecount="2" falsecount="0"/>
      <line num="128" count="2" type="stmt"/>
      <line num="129" count="2" type="stmt"/>
      <line num="130" count="5" type="stmt"/>
      <line num="132" count="2" type="cond" truecount="1" falsecount="0"/>
      <line num="133" count="5" type="stmt"/>
      <line num="134" count="5" type="cond" truecount="0" falsecount="1"/>
      <line num="135" count="0" type="stmt"/>
      <line num="137" count="5" type="cond" truecount="1" falsecount="0"/>
      <line num="138" count="4" type="cond" truecount="1" falsecount="0"/>
      <line num="139" count="1" type="stmt"/>
      <line num="140" count="2" type="stmt"/>
      <line num="141" count="2" type="stmt"/>
      <line num="143" count="1" type="cond" truecount="1" falsecount="0"/>
      <line num="144" count="1" type="stmt"/>
      <line num="145" count="1" type="stmt"/>
      <line num="146" count="1" type="stmt"/>
      <line num="147" count="1" type="stmt"/>
      <line num="149" count="1" type="cond" truecount="1" falsecount="0"/>
      <line num="150" count="2" type="stmt"/>
      <line num="151" count="2" type="cond" truecount="0" falsecount="1"/>
      <line num="153" count="2" type="stmt"/>
      <line num="154" count="2" type="stmt"/>
      <line num="155" count="2" type="cond" truecount="3" falsecount="0"/>
      <line num="156" count="2" type="stmt"/>
      <line num="158" count="2" type="cond" truecount="1" falsecount="0"/>
      <line num="159" count="4" type="stmt"/>
      <line num="160" count="4" type="cond" truecount="1" falsecount="0"/>
      <line num="161" count="2" type="stmt"/>
      <line num="163" count="2" type="stmt"/>
      <line num="164" count="2" type="stmt"/>
      <line num="165" count="2" type="stmt"/>
      <line num="166" count="2" type="stmt"/>
      <line num="167" count="2" type="stmt"/>
      <line num="168" count="2" type="stmt"/>
      <line num="169" count="2" type="stmt"/>
      <line num="170" count="2" type="stmt"/>
      <line num="172" count="2" type="cond" truecount="1" falsecount="1"/>
      <line num="173" count="2" type="stmt"/>
      <line num="174" count="2" type="stmt"/>
      <line num="175" count="2" type="stmt"/>
      <line num="176" count="2" type="stmt"/>
      <line num="178" count="1" type="stmt"/>
      <line num="179" count="1" type="stmt"/>
    </file>
    <file name="people.ts" path="D:\A DATOS\PROYECTOS\GOBERNANTES_HISPANOS\lib\people.ts">
      <metrics statements="197" coveredstatements="176" conditionals="84" coveredconditionals="64" methods="12" coveredmethods="12"/>
      <line num="2" count="1" type="stmt"/>
      <line num="9" count="1" type="stmt"/>
      <line num="11" count="1" type="cond" truecount="1" falsecount="0"/>
      <line num="12" count="11" type="stmt"/>
      <line num="14" count="11" type="cond" truecount="1" falsecount="0"/>
      <line num="15" count="66" type="cond" truecount="0" falsecount="1"/>
      <line num="16" count="66" type="cond" truecount="1" falsecount="0"/>
      <line num="17" count="66" type="stmt"/>
      <line num="18" count="66" type="stmt"/>
      <line num="19" count="66" type="stmt"/>
      <line num="21" count="11" type="cond" truecount="1" falsecount="0"/>
      <line num="22" count="44" type="cond" truecount="1" falsecount="0"/>
      <line num="23" count="22" type="stmt"/>
      <line num="24" count="22" type="stmt"/>
      <line num="25" count="22" type="cond" truecount="0" falsecount="2"/>
      <line num="26" count="44" type="stmt"/>
      <line num="27" count="44" type="stmt"/>
      <line num="29" count="11" type="stmt"/>
      <line num="30" count="11" type="stmt"/>
      <line num="32" count="1" type="cond" truecount="1" falsecount="0"/>
      <line num="33" count="10" type="stmt"/>
      <line num="35" count="10" type="cond" truecount="1" falsecount="0"/>
      <line num="36" count="40" type="stmt"/>
      <line num="37" count="40" type="cond" truecount="1" falsecount="1"/>
      <line num="38" count="40" type="stmt"/>
      <line num="39" count="40" type="stmt"/>
      <line num="40" count="40" type="stmt"/>
      <line num="41" count="40" type="cond" truecount="1" falsecount="1"/>
      <line num="42" count="40" type="stmt"/>
      <line num="43" count="40" type="stmt"/>
      <line num="44" count="40" type="cond" truecount="1" falsecount="0"/>
      <line num="45" count="40" type="stmt"/>
      <line num="46" count="40" type="cond" truecount="0" falsecount="1"/>
      <line num="47" count="40" type="cond" truecount="1" falsecount="0"/>
      <line num="48" count="60" type="stmt"/>
      <line num="49" count="40" type="stmt"/>
      <line num="51" count="40" type="stmt"/>
      <line num="52" count="40" type="cond" truecount="1" falsecount="0"/>
      <line num="53" count="40" type="cond" truecount="1" falsecount="0"/>
      <line num="54" count="40" type="cond" truecount="0" falsecount="1"/>
      <line num="56" count="40" type="cond" truecount="0" falsecount="1"/>
      <line num="57" count="40" type="stmt"/>
      <line num="58" count="40" type="cond" truecount="3" falsecount="0"/>
      <line num="59" count="40" type="stmt"/>
      <line num="60" count="40" type="stmt"/>
      <line num="61" count="40" type="cond" truecount="3" falsecount="0"/>
      <line num="62" count="40" type="stmt"/>
      <line num="63" count="40" type="stmt"/>
      <line num="64" count="40" type="cond" truecount="3" falsecount="0"/>
      <line num="65" count="40" type="stmt"/>
      <line num="66" count="40" type="stmt"/>
      <line num="67" count="40" type="cond" truecount="3" falsecount="0"/>
      <line num="68" count="40" type="stmt"/>
      <line num="69" count="40" type="stmt"/>
      <line num="70" count="40" type="cond" truecount="3" falsecount="0"/>
      <line num="71" count="10" type="cond" truecount="1" falsecount="0"/>
      <line num="72" count="30" type="stmt"/>
      <line num="74" count="40" type="stmt"/>
      <line num="75" count="40" type="stmt"/>
      <line num="76" count="40" type="stmt"/>
      <line num="77" count="40" type="stmt"/>
      <line num="78" count="40" type="stmt"/>
      <line num="79" count="40" type="stmt"/>
      <line num="80" count="40" type="stmt"/>
      <line num="81" count="40" type="stmt"/>
      <line num="82" count="40" type="stmt"/>
      <line num="83" count="40" type="stmt"/>
      <line num="84" count="40" type="stmt"/>
      <line num="85" count="40" type="stmt"/>
      <line num="86" count="40" type="stmt"/>
      <line num="87" count="40" type="stmt"/>
      <line num="88" count="40" type="stmt"/>
      <line num="89" count="40" type="stmt"/>
      <line num="90" count="40" type="stmt"/>
      <line num="92" count="10" type="stmt"/>
      <line num="93" count="10" type="stmt"/>
      <line num="95" count="1" type="cond" truecount="1" falsecount="0"/>
      <line num="98" count="8" type="stmt"/>
      <line num="99" count="8" type="stmt"/>
      <line num="100" count="8" type="stmt"/>
      <line num="101" count="8" type="stmt"/>
      <line num="102" count="8" type="stmt"/>
      <line num="103" count="8" type="stmt"/>
      <line num="104" count="8" type="stmt"/>
      <line num="106" count="1" type="cond" truecount="1" falsecount="0"/>
      <line num="107" count="6" type="stmt"/>
      <line num="109" count="6" type="cond" truecount="0" falsecount="1"/>
      <line num="110" count="0" type="stmt"/>
      <line num="111" count="0" type="stmt"/>
      <line num="112" count="0" type="stmt"/>
      <line num="113" count="0" type="stmt"/>
      <line num="114" count="0" type="stmt"/>
      <line num="115" count="0" type="stmt"/>
      <line num="116" count="0" type="stmt"/>
      <line num="117" count="0" type="stmt"/>
      <line num="118" count="0" type="stmt"/>
      <line num="119" count="0" type="stmt"/>
      <line num="121" count="6" type="cond" truecount="1" falsecount="0"/>
      <line num="122" count="3" type="cond" truecount="1" falsecount="0"/>
      <line num="123" count="3" type="stmt"/>
      <line num="125" count="6" type="cond" truecount="0" falsecount="1"/>
      <line num="126" count="0" type="stmt"/>
      <line num="127" count="0" type="stmt"/>
      <line num="129" count="6" type="cond" truecount="1" falsecount="0"/>
      <line num="130" count="2" type="stmt"/>
      <line num="131" count="2" type="stmt"/>
      <line num="132" count="2" type="cond" truecount="1" falsecount="0"/>
      <line num="133" count="8" type="cond" truecount="1" falsecount="0"/>
      <line num="134" count="2" type="stmt"/>
      <line num="135" count="2" type="stmt"/>
      <line num="136" count="2" type="stmt"/>
      <line num="138" count="6" type="cond" truecount="1" falsecount="0"/>
      <line num="139" count="6" type="stmt"/>
      <line num="140" count="6" type="stmt"/>
      <line num="142" count="1" type="cond" truecount="1" falsecount="0"/>
      <line num="143" count="8" type="stmt"/>
      <line num="145" count="8" type="stmt"/>
      <line num="146" count="8" type="cond" truecount="1" falsecount="0"/>
      <line num="147" count="2" type="cond" truecount="0" falsecount="1"/>
      <line num="148" count="2" type="cond" truecount="0" falsecount="1"/>
      <line num="149" count="2" type="stmt"/>
      <line num="150" count="2" type="stmt"/>
      <line num="152" count="2" type="stmt"/>
      <line num="153" count="2" type="stmt"/>
      <line num="154" count="2" type="stmt"/>
      <line num="155" count="2" type="stmt"/>
      <line num="156" count="8" type="cond" truecount="0" falsecount="1"/>
      <line num="157" count="0" type="stmt"/>
      <line num="158" count="0" type="stmt"/>
      <line num="159" count="8" type="cond" truecount="0" falsecount="1"/>
      <line num="160" count="0" type="stmt"/>
      <line num="161" count="0" type="stmt"/>
      <line num="162" count="8" type="cond" truecount="0" falsecount="1"/>
      <line num="163" count="0" type="stmt"/>
      <line num="164" count="0" type="stmt"/>
      <line num="165" count="8" type="cond" truecount="1" falsecount="0"/>
      <line num="166" count="6" type="stmt"/>
      <line num="167" count="6" type="stmt"/>
      <line num="168" count="8" type="cond" truecount="0" falsecount="1"/>
      <line num="169" count="0" type="stmt"/>
      <line num="170" count="0" type="stmt"/>
      <line num="171" count="8" type="cond" truecount="0" falsecount="1"/>
      <line num="172" count="0" type="stmt"/>
      <line num="173" count="8" type="stmt"/>
      <line num="175" count="8" type="cond" truecount="2" falsecount="0"/>
      <line num="176" count="8" type="stmt"/>
      <line num="178" count="12" type="cond" truecount="1" falsecount="0"/>
      <line num="179" count="12" type="stmt"/>
      <line num="180" count="12" type="cond" truecount="3" falsecount="0"/>
      <line num="181" count="12" type="stmt"/>
      <line num="182" count="12" type="stmt"/>
      <line num="183" count="12" type="stmt"/>
      <line num="185" count="1" type="cond" truecount="1" falsecount="0"/>
      <line num="189" count="1" type="stmt"/>
      <line num="190" count="1" type="cond" truecount="1" falsecount="0"/>
      <line num="191" count="1" type="cond" truecount="1" falsecount="0"/>
      <line num="192" count="1" type="cond" truecount="1" falsecount="0"/>
      <line num="193" count="1" type="cond" truecount="1" falsecount="0"/>
      <line num="194" count="1" type="cond" truecount="1" falsecount="0"/>
      <line num="196" count="1" type="stmt"/>
      <line num="197" count="1" type="stmt"/>
      <line num="199" count="1" type="cond" truecount="1" falsecount="0"/>
      <line num="200" count="3" type="stmt"/>
      <line num="202" count="3" type="cond" truecount="1" falsecount="0"/>
      <line num="203" count="15" type="cond" truecount="1" falsecount="0"/>
      <line num="204" count="22" type="stmt"/>
      <line num="205" count="22" type="stmt"/>
      <line num="206" count="15" type="stmt"/>
      <line num="208" count="3" type="cond" truecount="1" falsecount="0"/>
      <line num="209" count="3" type="stmt"/>
      <line num="211" count="1" type="cond" truecount="1" falsecount="0"/>
      <line num="212" count="30" type="stmt"/>
      <line num="213" count="30" type="cond" truecount="0" falsecount="1"/>
      <line num="215" count="30" type="stmt"/>
      <line num="216" count="30" type="cond" truecount="0" falsecount="1"/>
      <line num="217" count="30" type="stmt"/>
      <line num="218" count="30" type="stmt"/>
      <line num="219" count="30" type="cond" truecount="0" falsecount="1"/>
      <line num="221" count="30" type="stmt"/>
      <line num="222" count="30" type="stmt"/>
      <line num="223" count="30" type="stmt"/>
      <line num="224" count="30" type="cond" truecount="1" falsecount="0"/>
      <line num="225" count="46" type="stmt"/>
      <line num="226" count="46" type="stmt"/>
      <line num="227" count="30" type="stmt"/>
      <line num="228" count="30" type="stmt"/>
      <line num="230" count="1" type="cond" truecount="1" falsecount="0"/>
      <line num="231" count="14" type="stmt"/>
      <line num="232" count="14" type="stmt"/>
      <line num="234" count="1" type="cond" truecount="1" falsecount="0"/>
      <line num="235" count="2" type="cond" truecount="1" falsecount="0"/>
      <line num="236" count="1" type="stmt"/>
      <line num="237" count="1" type="stmt"/>
      <line num="239" count="1" type="cond" truecount="1" falsecount="0"/>
      <line num="240" count="1" type="cond" truecount="1" falsecount="0"/>
      <line num="241" count="1" type="cond" truecount="1" falsecount="0"/>
      <line num="242" count="1" type="stmt"/>
    </file>
    <file name="selection.ts" path="D:\A DATOS\PROYECTOS\GOBERNANTES_HISPANOS\lib\selection.ts">
      <metrics statements="70" coveredstatements="70" conditionals="36" coveredconditionals="27" methods="7" coveredmethods="7"/>
      <line num="5" count="1" type="cond" truecount="1" falsecount="0"/>
      <line num="6" count="6" type="stmt"/>
      <line num="7" count="6" type="stmt"/>
      <line num="8" count="6" type="stmt"/>
      <line num="9" count="6" type="cond" truecount="1" falsecount="0"/>
      <line num="10" count="6" type="cond" truecount="2" falsecount="0"/>
      <line num="12" count="6" type="cond" truecount="2" falsecount="0"/>
      <line num="13" count="6" type="cond" truecount="2" falsecount="0"/>
      <line num="14" count="2" type="stmt"/>
      <line num="15" count="2" type="cond" truecount="1" falsecount="0"/>
      <line num="17" count="3" type="stmt"/>
      <line num="18" count="3" type="stmt"/>
      <line num="26" count="1" type="cond" truecount="1" falsecount="0"/>
      <line num="27" count="52" type="stmt"/>
      <line num="28" count="52" type="stmt"/>
      <line num="29" count="52" type="stmt"/>
      <line num="30" count="52" type="cond" truecount="0" falsecount="1"/>
      <line num="31" count="52" type="cond" truecount="0" falsecount="1"/>
      <line num="32" count="52" type="stmt"/>
      <line num="33" count="52" type="cond" truecount="3" falsecount="0"/>
      <line num="34" count="52" type="cond" truecount="0" falsecount="2"/>
      <line num="35" count="52" type="stmt"/>
      <line num="37" count="1" type="cond" truecount="1" falsecount="0"/>
      <line num="38" count="2" type="stmt"/>
      <line num="39" count="2" type="stmt"/>
      <line num="40" count="2" type="stmt"/>
      <line num="41" count="2" type="cond" truecount="0" falsecount="1"/>
      <line num="42" count="2" type="stmt"/>
      <line num="44" count="1" type="cond" truecount="1" falsecount="0"/>
      <line num="45" count="3" type="stmt"/>
      <line num="46" count="3" type="stmt"/>
      <line num="47" count="3" type="stmt"/>
      <line num="48" count="3" type="cond" truecount="0" falsecount="1"/>
      <line num="49" count="3" type="cond" truecount="0" falsecount="1"/>
      <line num="51" count="3" type="cond" truecount="1" falsecount="0"/>
      <line num="52" count="3" type="stmt"/>
      <line num="53" count="3" type="cond" truecount="0" falsecount="1"/>
      <line num="55" count="3" type="stmt"/>
      <line num="56" count="3" type="cond" truecount="2" falsecount="0"/>
      <line num="57" count="3" type="cond" truecount="2" falsecount="0"/>
      <line num="58" count="3" type="stmt"/>
      <line num="59" count="3" type="stmt"/>
      <line num="61" count="1" type="cond" truecount="1" falsecount="0"/>
      <line num="62" count="5" type="stmt"/>
      <line num="63" count="5" type="stmt"/>
      <line num="64" count="5" type="stmt"/>
      <line num="65" count="5" type="cond" truecount="0" falsecount="1"/>
      <line num="66" count="5" type="stmt"/>
      <line num="67" count="5" type="cond" truecount="1" falsecount="0"/>
      <line num="68" count="5" type="stmt"/>
      <line num="70" count="1" type="cond" truecount="1" falsecount="0"/>
      <line num="71" count="3" type="stmt"/>
      <line num="72" count="3" type="stmt"/>
      <line num="73" count="3" type="stmt"/>
      <line num="74" count="3" type="stmt"/>
      <line num="75" count="3" type="cond" truecount="1" falsecount="0"/>
      <line num="76" count="2" type="stmt"/>
      <line num="77" count="2" type="cond" truecount="1" falsecount="0"/>
      <line num="79" count="1" type="stmt"/>
      <line num="80" count="1" type="stmt"/>
      <line num="82" count="1" type="cond" truecount="1" falsecount="0"/>
      <line num="83" count="2" type="stmt"/>
      <line num="84" count="2" type="stmt"/>
      <line num="85" count="2" type="stmt"/>
      <line num="86" count="2" type="stmt"/>
      <line num="87" count="2" type="cond" truecount="1" falsecount="0"/>
      <line num="88" count="1" type="stmt"/>
      <line num="89" count="1" type="stmt"/>
      <line num="91" count="1" type="stmt"/>
      <line num="92" count="1" type="stmt"/>
    </file>
    <file name="stats.ts" path="D:\A DATOS\PROYECTOS\GOBERNANTES_HISPANOS\lib\stats.ts">
      <metrics statements="164" coveredstatements="144" conditionals="58" coveredconditionals="34" methods="1" coveredmethods="1"/>
      <line num="15" count="1" type="stmt"/>
      <line num="27" count="1" type="cond" truecount="1" falsecount="0"/>
      <line num="28" count="7" type="stmt"/>
      <line num="29" count="7" type="stmt"/>
      <line num="30" count="7" type="stmt"/>
      <line num="31" count="7" type="stmt"/>
      <line num="32" count="7" type="stmt"/>
      <line num="33" count="7" type="stmt"/>
      <line num="34" count="7" type="cond" truecount="1" falsecount="0"/>
      <line num="36" count="7" type="stmt"/>
      <line num="37" count="7" type="cond" truecount="1" falsecount="0"/>
      <line num="38" count="7" type="cond" truecount="1" falsecount="0"/>
      <line num="39" count="7" type="cond" truecount="1" falsecount="0"/>
      <line num="40" count="7" type="cond" truecount="1" falsecount="0"/>
      <line num="41" count="7" type="cond" truecount="2" falsecount="0"/>
      <line num="44" count="7" type="stmt"/>
      <line num="45" count="7" type="cond" truecount="1" falsecount="0"/>
      <line num="46" count="25" type="cond" truecount="0" falsecount="2"/>
      <line num="47" count="25" type="cond" truecount="1" falsecount="0"/>
      <line num="48" count="25" type="stmt"/>
      <line num="49" count="7" type="stmt"/>
      <line num="50" count="7" type="cond" truecount="1" falsecount="0"/>
      <line num="51" count="7" type="cond" truecount="1" falsecount="1"/>
      <line num="54" count="7" type="stmt"/>
      <line num="55" count="7" type="stmt"/>
      <line num="56" count="7" type="stmt"/>
      <line num="58" count="7" type="cond" truecount="1" falsecount="0"/>
      <line num="59" count="25" type="stmt"/>
      <line num="60" count="25" type="cond" truecount="0" falsecount="2"/>
      <line num="61" count="25" type="cond" truecount="0" falsecount="2"/>
      <line num="63" count="25" type="cond" truecount="1" falsecount="0"/>
      <line num="64" count="25" type="cond" truecount="1" falsecount="0"/>
      <line num="66" count="25" type="stmt"/>
      <line num="67" count="25" type="stmt"/>
      <line num="68" count="25" type="cond" truecount="0" falsecount="1"/>
      <line num="69" count="0" type="stmt"/>
      <line num="70" count="25" type="stmt"/>
      <line num="71" count="25" type="stmt"/>
      <line num="72" count="25" type="cond" truecount="1" falsecount="0"/>
      <line num="73" count="25" type="stmt"/>
      <line num="74" count="25" type="stmt"/>
      <line num="76" count="7" type="stmt"/>
      <line num="77" count="7" type="cond" truecount="1" falsecount="0"/>
      <line num="78" count="7" type="stmt"/>
      <line num="80" count="7" type="stmt"/>
      <line num="81" count="7" type="cond" truecount="1" falsecount="0"/>
      <line num="82" count="7" type="stmt"/>
      <line num="84" count="7" type="stmt"/>
      <line num="85" count="7" type="stmt"/>
      <line num="86" count="7" type="stmt"/>
      <line num="87" count="7" type="cond" truecount="1" falsecount="0"/>
      <line num="88" count="7" type="stmt"/>
      <line num="91" count="7" type="stmt"/>
      <line num="92" count="7" type="cond" truecount="1" falsecount="0"/>
      <line num="93" count="25" type="stmt"/>
      <line num="94" count="25" type="cond" truecount="0" falsecount="1"/>
      <line num="95" count="25" type="stmt"/>
      <line num="96" count="25" type="cond" truecount="0" falsecount="1"/>
      <line num="97" count="25" type="stmt"/>
      <line num="98" count="25" type="stmt"/>
      <line num="99" count="25" type="stmt"/>
      <line num="100" count="25" type="cond" truecount="0" falsecount="1"/>
      <line num="101" count="25" type="cond" truecount="0" falsecount="3"/>
      <line num="102" count="0" type="stmt"/>
      <line num="103" count="25" type="stmt"/>
      <line num="104" count="25" type="cond" truecount="0" falsecount="1"/>
      <line num="105" count="25" type="cond" truecount="0" falsecount="1"/>
      <line num="106" count="25" type="cond" truecount="0" falsecount="1"/>
      <line num="107" count="7" type="stmt"/>
      <line num="108" count="7" type="cond" truecount="1" falsecount="0"/>
      <line num="110" count="7" type="stmt"/>
      <line num="111" count="7" type="cond" truecount="1" falsecount="0"/>
      <line num="112" count="7" type="stmt"/>
      <line num="113" count="7" type="stmt"/>
      <line num="114" count="7" type="cond" truecount="1" falsecount="0"/>
      <line num="115" count="7" type="stmt"/>
      <line num="118" count="7" type="stmt"/>
      <line num="119" count="7" type="cond" truecount="1" falsecount="0"/>
      <line num="120" count="25" type="stmt"/>
      <line num="121" count="25" type="stmt"/>
      <line num="122" count="25" type="stmt"/>
      <line num="123" count="25" type="stmt"/>
      <line num="124" count="25" type="stmt"/>
      <line num="125" count="25" type="stmt"/>
      <line num="126" count="25" type="stmt"/>
      <line num="127" count="25" type="stmt"/>
      <line num="128" count="25" type="stmt"/>
      <line num="129" count="25" type="cond" truecount="0" falsecount="1"/>
      <line num="130" count="0" type="stmt"/>
      <line num="131" count="7" type="stmt"/>
      <line num="132" count="7" type="cond" truecount="1" falsecount="0"/>
      <line num="134" count="7" type="stmt"/>
      <line num="135" count="7" type="cond" truecount="1" falsecount="0"/>
      <line num="136" count="7" type="stmt"/>
      <line num="137" count="7" type="stmt"/>
      <line num="138" count="7" type="cond" truecount="1" falsecount="0"/>
      <line num="139" count="7" type="stmt"/>
      <line num="142" count="7" type="cond" truecount="1" falsecount="0"/>
      <line num="143" count="7" type="stmt"/>
      <line num="144" count="7" type="stmt"/>
      <line num="145" count="7" type="stmt"/>
      <line num="147" count="7" type="cond" truecount="1" falsecount="0"/>
      <line num="148" count="25" type="cond" truecount="0" falsecount="1"/>
      <line num="149" count="25" type="stmt"/>
      <line num="150" count="25" type="cond" truecount="0" falsecount="1"/>
      <line num="152" count="25" type="stmt"/>
      <line num="153" count="25" type="cond" truecount="0" falsecount="1"/>
      <line num="155" count="25" type="stmt"/>
      <line num="156" count="25" type="stmt"/>
      <line num="157" count="25" type="cond" truecount="0" falsecount="1"/>
      <line num="159" count="25" type="stmt"/>
      <line num="160" count="25" type="stmt"/>
      <line num="162" count="25" type="cond" truecount="1" falsecount="0"/>
      <line num="163" count="45" type="cond" truecount="0" falsecount="1"/>
      <line num="164" count="45" type="cond" truecount="1" falsecount="0"/>
      <line num="165" count="45" type="stmt"/>
      <line num="166" count="45" type="stmt"/>
      <line num="167" count="45" type="stmt"/>
      <line num="168" count="25" type="stmt"/>
      <line num="170" count="7" type="stmt"/>
      <line num="171" count="7" type="cond" truecount="1" falsecount="0"/>
      <line num="172" count="98" type="stmt"/>
      <line num="173" count="98" type="stmt"/>
      <line num="174" count="98" type="stmt"/>
      <line num="175" count="98" type="stmt"/>
      <line num="176" count="98" type="cond" truecount="2" falsecount="0"/>
      <line num="177" count="98" type="stmt"/>
      <line num="178" count="98" type="stmt"/>
      <line num="179" count="7" type="stmt"/>
      <line num="180" count="7" type="stmt"/>
      <line num="182" count="7" type="stmt"/>
      <line num="183" count="7" type="stmt"/>
      <line num="184" count="7" type="stmt"/>
      <line num="185" count="7" type="stmt"/>
      <line num="186" count="7" type="stmt"/>
      <line num="187" count="7" type="stmt"/>
      <line num="188" count="7" type="stmt"/>
      <line num="189" count="7" type="stmt"/>
      <line num="190" count="7" type="stmt"/>
      <line num="191" count="7" type="stmt"/>
      <line num="192" count="7" type="stmt"/>
      <line num="193" count="7" type="stmt"/>
      <line num="194" count="7" type="stmt"/>
      <line num="195" count="7" type="stmt"/>
      <line num="196" count="7" type="stmt"/>
      <line num="197" count="7" type="cond" truecount="0" falsecount="1"/>
      <line num="198" count="0" type="stmt"/>
      <line num="199" count="0" type="stmt"/>
      <line num="200" count="0" type="stmt"/>
      <line num="201" count="0" type="stmt"/>
      <line num="202" count="0" type="stmt"/>
      <line num="203" count="0" type="stmt"/>
      <line num="204" count="0" type="stmt"/>
      <line num="205" count="0" type="stmt"/>
      <line num="206" count="0" type="stmt"/>
      <line num="207" count="0" type="stmt"/>
      <line num="208" count="0" type="stmt"/>
      <line num="209" count="0" type="stmt"/>
      <line num="210" count="0" type="stmt"/>
      <line num="211" count="0" type="stmt"/>
      <line num="212" count="0" type="stmt"/>
      <line num="213" count="0" type="stmt"/>
      <line num="214" count="0" type="stmt"/>
      <line num="215" count="7" type="stmt"/>
    </file>
    <file name="zip.ts" path="D:\A DATOS\PROYECTOS\GOBERNANTES_HISPANOS\lib\zip.ts">
      <metrics statements="240" coveredstatements="226" conditionals="48" coveredconditionals="35" methods="12" coveredmethods="12"/>
      <line num="15" count="1" type="stmt"/>
      <line num="16" count="1" type="stmt"/>
      <line num="17" count="1" type="stmt"/>
      <line num="18" count="1" type="stmt"/>
      <line num="19" count="1" type="stmt"/>
      <line num="20" count="1" type="stmt"/>
      <line num="22" count="1" type="stmt"/>
      <line num="23" count="1" type="stmt"/>
      <line num="25" count="1" type="stmt"/>
      <line num="27" count="3" type="cond" truecount="1" falsecount="0"/>
      <line num="28" count="3" type="cond" truecount="2" falsecount="0"/>
      <line num="30" count="1" type="stmt"/>
      <line num="31" count="3" type="cond" truecount="1" falsecount="0"/>
      <line num="32" count="256" type="stmt"/>
      <line num="33" count="256" type="cond" truecount="1" falsecount="0"/>
      <line num="34" count="2048" type="cond" truecount="2" falsecount="0"/>
      <line num="35" count="2048" type="stmt"/>
      <line num="36" count="256" type="stmt"/>
      <line num="37" count="256" type="cond" truecount="1" falsecount="0"/>
      <line num="38" count="1" type="stmt"/>
      <line num="39" count="1" type="stmt"/>
      <line num="40" count="1" type="stmt"/>
      <line num="42" count="3" type="cond" truecount="1" falsecount="0"/>
      <line num="43" count="3" type="stmt"/>
      <line num="44" count="3" type="stmt"/>
      <line num="46" count="3" type="cond" truecount="1" falsecount="0"/>
      <line num="47" count="48" type="stmt"/>
      <line num="48" count="48" type="stmt"/>
      <line num="50" count="3" type="stmt"/>
      <line num="51" count="3" type="stmt"/>
      <line num="53" count="13" type="cond" truecount="1" falsecount="0"/>
      <line num="54" count="13" type="cond" truecount="0" falsecount="1"/>
      <line num="55" count="13" type="stmt"/>
      <line num="56" count="13" type="stmt"/>
      <line num="58" count="13" type="cond" truecount="1" falsecount="0"/>
      <line num="59" count="13" type="cond" truecount="0" falsecount="1"/>
      <line num="60" count="13" type="stmt"/>
      <line num="61" count="13" type="stmt"/>
      <line num="62" count="13" type="stmt"/>
      <line num="63" count="13" type="stmt"/>
      <line num="64" count="13" type="stmt"/>
      <line num="65" count="13" type="stmt"/>
      <line num="66" count="13" type="stmt"/>
      <line num="68" count="41" type="cond" truecount="1" falsecount="0"/>
      <line num="69" count="41" type="stmt"/>
      <line num="70" count="41" type="stmt"/>
      <line num="71" count="41" type="stmt"/>
      <line num="73" count="23" type="cond" truecount="1" falsecount="0"/>
      <line num="74" count="23" type="stmt"/>
      <line num="75" count="23" type="stmt"/>
      <line num="76" count="23" type="stmt"/>
      <line num="77" count="23" type="stmt"/>
      <line num="78" count="23" type="stmt"/>
      <line num="80" count="3" type="cond" truecount="1" falsecount="0"/>
      <line num="81" count="3" type="cond" truecount="0" falsecount="1"/>
      <line num="82" count="3" type="stmt"/>
      <line num="84" count="9" type="cond" truecount="1" falsecount="0"/>
      <line num="85" count="9" type="cond" truecount="0" falsecount="1"/>
      <line num="86" count="0" type="stmt"/>
      <line num="87" count="0" type="stmt"/>
      <line num="88" count="9" type="stmt"/>
      <line num="90" count="1" type="cond" truecount="1" falsecount="0"/>
      <line num="91" count="13" type="cond" truecount="0" falsecount="1"/>
      <line num="92" count="13" type="stmt"/>
      <line num="94" count="13" type="stmt"/>
      <line num="95" count="13" type="stmt"/>
      <line num="96" count="13" type="cond" truecount="1" falsecount="0"/>
      <line num="97" count="12" type="cond" truecount="1" falsecount="0"/>
      <line num="98" count="12" type="cond" truecount="1" falsecount="0"/>
      <line num="99" count="11" type="cond" truecount="1" falsecount="0"/>
      <line num="100" count="11" type="cond" truecount="1" falsecount="0"/>
      <line num="101" count="13" type="cond" truecount="1" falsecount="0"/>
      <line num="102" count="4" type="stmt"/>
      <line num="103" count="4" type="cond" truecount="1" falsecount="0"/>
      <line num="105" count="9" type="stmt"/>
      <line num="106" count="9" type="stmt"/>
      <line num="108" count="1" type="cond" truecount="1" falsecount="0"/>
      <line num="109" count="2" type="stmt"/>
      <line num="110" count="2" type="cond" truecount="1" falsecount="0"/>
      <line num="111" count="4" type="stmt"/>
      <line num="112" count="4" type="cond" truecount="2" falsecount="0"/>
      <line num="113" count="3" type="stmt"/>
      <line num="115" count="3" type="stmt"/>
      <line num="116" count="3" type="stmt"/>
      <line num="117" count="3" type="stmt"/>
      <line num="119" count="3" type="stmt"/>
      <line num="120" count="3" type="stmt"/>
      <line num="122" count="3" type="stmt"/>
      <line num="123" count="2" type="stmt"/>
      <line num="125" count="2" type="cond" truecount="1" falsecount="0"/>
      <line num="126" count="2" type="cond" truecount="1" falsecount="0"/>
      <line num="127" count="2" type="stmt"/>
      <line num="129" count="2" type="stmt"/>
      <line num="130" count="2" type="stmt"/>
      <line num="131" count="2" type="stmt"/>
      <line num="133" count="2" type="stmt"/>
      <line num="134" count="2" type="stmt"/>
      <line num="135" count="2" type="stmt"/>
      <line num="137" count="2" type="stmt"/>
      <line num="138" count="2" type="stmt"/>
      <line num="139" count="2" type="stmt"/>
      <line num="141" count="2" type="stmt"/>
      <line num="142" count="2" type="stmt"/>
      <line num="143" count="2" type="stmt"/>
      <line num="144" count="2" type="stmt"/>
      <line num="145" count="2" type="stmt"/>
      <line num="146" count="2" type="stmt"/>
      <line num="147" count="2" type="stmt"/>
      <line num="148" count="2" type="stmt"/>
      <line num="149" count="2" type="stmt"/>
      <line num="150" count="2" type="stmt"/>
      <line num="151" count="2" type="stmt"/>
      <line num="152" count="2" type="stmt"/>
      <line num="153" count="2" type="stmt"/>
      <line num="154" count="2" type="stmt"/>
      <line num="155" count="2" type="stmt"/>
      <line num="156" count="2" type="stmt"/>
      <line num="157" count="2" type="stmt"/>
      <line num="158" count="2" type="stmt"/>
      <line num="159" count="2" type="stmt"/>
      <line num="160" count="2" type="stmt"/>
      <line num="161" count="2" type="stmt"/>
      <line num="162" count="2" type="stmt"/>
      <line num="163" count="2" type="stmt"/>
      <line num="164" count="2" type="stmt"/>
      <line num="165" count="2" type="stmt"/>
      <line num="166" count="2" type="stmt"/>
      <line num="167" count="2" type="cond" truecount="1" falsecount="0"/>
      <line num="169" count="1" type="stmt"/>
      <line num="171" count="2" type="stmt"/>
      <line num="172" count="2" type="stmt"/>
      <line num="173" count="2" type="stmt"/>
      <line num="174" count="2" type="stmt"/>
      <line num="175" count="2" type="stmt"/>
      <line num="176" count="2" type="stmt"/>
      <line num="177" count="2" type="stmt"/>
      <line num="178" count="2" type="stmt"/>
      <line num="179" count="2" type="stmt"/>
      <line num="180" count="2" type="stmt"/>
      <line num="181" count="2" type="stmt"/>
      <line num="182" count="2" type="stmt"/>
      <line num="183" count="2" type="stmt"/>
      <line num="184" count="2" type="stmt"/>
      <line num="185" count="2" type="stmt"/>
      <line num="186" count="2" type="stmt"/>
      <line num="187" count="2" type="stmt"/>
      <line num="188" count="2" type="stmt"/>
      <line num="189" count="2" type="stmt"/>
      <line num="190" count="2" type="stmt"/>
      <line num="191" count="2" type="stmt"/>
      <line num="192" count="2" type="stmt"/>
      <line num="193" count="2" type="stmt"/>
      <line num="194" count="2" type="stmt"/>
      <line num="195" count="2" type="stmt"/>
      <line num="196" count="2" type="stmt"/>
      <line num="197" count="2" type="stmt"/>
      <line num="198" count="2" type="stmt"/>
      <line num="199" count="2" type="stmt"/>
      <line num="200" count="2" type="stmt"/>
      <line num="201" count="2" type="stmt"/>
      <line num="202" count="2" type="stmt"/>
      <line num="203" count="2" type="stmt"/>
      <line num="204" count="2" type="stmt"/>
      <line num="205" count="2" type="stmt"/>
      <line num="206" count="2" type="stmt"/>
      <line num="207" count="2" type="stmt"/>
      <line num="208" count="2" type="cond" truecount="1" falsecount="0"/>
      <line num="210" count="1" type="stmt"/>
      <line num="211" count="1" type="stmt"/>
      <line num="212" count="1" type="stmt"/>
      <line num="213" count="1" type="stmt"/>
      <line num="214" count="1" type="stmt"/>
      <line num="215" count="1" type="stmt"/>
      <line num="216" count="1" type="stmt"/>
      <line num="217" count="1" type="stmt"/>
      <line num="218" count="1" type="stmt"/>
      <line num="219" count="1" type="stmt"/>
      <line num="220" count="1" type="stmt"/>
      <line num="221" count="1" type="stmt"/>
      <line num="222" count="1" type="stmt"/>
      <line num="223" count="1" type="stmt"/>
      <line num="224" count="1" type="stmt"/>
      <line num="226" count="1" type="stmt"/>
      <line num="227" count="1" type="stmt"/>
      <line num="229" count="1" type="cond" truecount="1" falsecount="0"/>
      <line num="230" count="1" type="stmt"/>
      <line num="231" count="1" type="stmt"/>
      <line num="232" count="1" type="stmt"/>
      <line num="233" count="1" type="stmt"/>
      <line num="234" count="1" type="stmt"/>
      <line num="235" count="1" type="cond" truecount="0" falsecount="1"/>
      <line num="236" count="0" type="stmt"/>
      <line num="237" count="0" type="stmt"/>
      <line num="239" count="1" type="cond" truecount="1" falsecount="0"/>
      <line num="240" count="1" type="stmt"/>
      <line num="241" count="1" type="stmt"/>
      <line num="242" count="1" type="stmt"/>
      <line num="243" count="1" type="stmt"/>
      <line num="245" count="1" type="cond" truecount="0" falsecount="1"/>
      <line num="246" count="0" type="stmt"/>
      <line num="247" count="0" type="stmt"/>
      <line num="249" count="1" type="stmt"/>
      <line num="250" count="1" type="stmt"/>
      <line num="252" count="1" type="cond" truecount="1" falsecount="0"/>
      <line num="253" count="2" type="cond" truecount="0" falsecount="1"/>
      <line num="254" count="0" type="stmt"/>
      <line num="255" count="0" type="stmt"/>
      <line num="257" count="2" type="stmt"/>
      <line num="258" count="2" type="cond" truecount="0" falsecount="1"/>
      <line num="259" count="0" type="stmt"/>
      <line num="260" count="0" type="stmt"/>
      <line num="262" count="2" type="stmt"/>
      <line num="263" count="2" type="stmt"/>
      <line num="264" count="2" type="stmt"/>
      <line num="265" count="2" type="stmt"/>
      <line num="266" count="2" type="stmt"/>
      <line num="267" count="2" type="stmt"/>
      <line num="268" count="2" type="stmt"/>
      <line num="269" count="2" type="stmt"/>
      <line num="271" count="2" type="cond" truecount="0" falsecount="1"/>
      <line num="272" count="2" type="stmt"/>
      <line num="274" count="2" type="cond" truecount="0" falsecount="1"/>
      <line num="275" count="0" type="stmt"/>
      <line num="276" count="0" type="stmt"/>
      <line num="277" count="2" type="cond" truecount="0" falsecount="1"/>
      <line num="278" count="0" type="stmt"/>
      <line num="279" count="0" type="stmt"/>
      <line num="281" count="2" type="stmt"/>
      <line num="282" count="2" type="stmt"/>
      <line num="283" count="2" type="stmt"/>
      <line num="284" count="2" type="stmt"/>
      <line num="285" count="2" type="cond" truecount="0" falsecount="1"/>
      <line num="287" count="2" type="stmt"/>
      <line num="288" count="2" type="stmt"/>
      <line num="289" count="2" type="stmt"/>
      <line num="290" count="2" type="stmt"/>
      <line num="292" count="2" type="stmt"/>
      <line num="293" count="2" type="stmt"/>
      <line num="295" count="1" type="stmt"/>
      <line num="296" count="1" type="stmt"/>
    </file>
  </project>
</coverage>
