{"D:\\A DATOS\\PROYECTOS\\GOBERNANTES_HISPANOS\\lib\\data.ts": {"path":"D:\\A DATOS\\PROYECTOS\\GOBERNANTES_HISPANOS\\lib\\data.ts","all":false,"statementMap":{"3":{"start":{"line":4,"column":0},"end":{"line":4,"column":68}},"4":{"start":{"line":5,"column":0},"end":{"line":5,"column":71}},"6":{"start":{"line":7,"column":0},"end":{"line":7,"column":41}},"7":{"start":{"line":8,"column":0},"end":{"line":8,"column":1}},"9":{"start":{"line":10,"column":0},"end":{"line":10,"column":45}},"10":{"start":{"line":11,"column":0},"end":{"line":11,"column":7}},"11":{"start":{"line":12,"column":0},"end":{"line":12,"column":49}},"12":{"start":{"line":13,"column":0},"end":{"line":13,"column":24}},"13":{"start":{"line":14,"column":0},"end":{"line":14,"column":76}},"14":{"start":{"line":15,"column":0},"end":{"line":15,"column":3}},"15":{"start":{"line":16,"column":0},"end":{"line":16,"column":1}},"17":{"start":{"line":18,"column":0},"end":{"line":18,"column":80}},"18":{"start":{"line":19,"column":0},"end":{"line":19,"column":48}},"19":{"start":{"line":20,"column":0},"end":{"line":20,"column":35}},"20":{"start":{"line":21,"column":0},"end":{"line":21,"column":1}},"22":{"start":{"line":23,"column":0},"end":{"line":23,"column":64}},"23":{"start":{"line":24,"column":0},"end":{"line":24,"column":40}},"24":{"start":{"line":25,"column":0},"end":{"line":25,"column":40}},"25":{"start":{"line":26,"column":0},"end":{"line":26,"column":15}},"26":{"start":{"line":27,"column":0},"end":{"line":27,"column":24}},"27":{"start":{"line":28,"column":0},"end":{"line":28,"column":31}},"28":{"start":{"line":29,"column":0},"end":{"line":29,"column":12}},"29":{"start":{"line":30,"column":0},"end":{"line":30,"column":13}},"30":{"start":{"line":31,"column":0},"end":{"line":31,"column":27}},"31":{"start":{"line":32,"column":0},"end":{"line":32,"column":1}},"35":{"start":{"line":36,"column":0},"end":{"line":36,"column":40}},"36":{"start":{"line":37,"column":0},"end":{"line":37,"column":35}},"38":{"start":{"line":39,"column":0},"end":{"line":39,"column":25}},"39":{"start":{"line":40,"column":0},"end":{"line":40,"column":84}},"40":{"start":{"line":41,"column":0},"end":{"line":41,"column":80}},"42":{"start":{"line":43,"column":0},"end":{"line":43,"column":18}},"43":{"start":{"line":44,"column":0},"end":{"line":44,"column":68}},"44":{"start":{"line":45,"column":0},"end":{"line":45,"column":30}},"47":{"start":{"line":48,"column":0},"end":{"line":48,"column":47}},"48":{"start":{"line":49,"column":0},"end":{"line":49,"column":29}},"49":{"start":{"line":50,"column":0},"end":{"line":50,"column":21}},"50":{"start":{"line":51,"column":0},"end":{"line":51,"column":28}},"51":{"start":{"line":52,"column":0},"end":{"line":52,"column":45}},"52":{"start":{"line":53,"column":0},"end":{"line":53,"column":12}},"53":{"start":{"line":54,"column":0},"end":{"line":54,"column":14}},"54":{"start":{"line":55,"column":0},"end":{"line":55,"column":19}},"55":{"start":{"line":56,"column":0},"end":{"line":56,"column":7}},"56":{"start":{"line":57,"column":0},"end":{"line":57,"column":15}},"57":{"start":{"line":58,"column":0},"end":{"line":58,"column":5}},"58":{"start":{"line":59,"column":0},"end":{"line":59,"column":30}},"59":{"start":{"line":60,"column":0},"end":{"line":60,"column":14}},"60":{"start":{"line":61,"column":0},"end":{"line":61,"column":12}},"61":{"start":{"line":62,"column":0},"end":{"line":62,"column":5}},"62":{"start":{"line":63,"column":0},"end":{"line":63,"column":3}},"64":{"start":{"line":65,"column":0},"end":{"line":65,"column":47}},"65":{"start":{"line":66,"column":0},"end":{"line":66,"column":92}},"67":{"start":{"line":68,"column":0},"end":{"line":68,"column":63}},"68":{"start":{"line":69,"column":0},"end":{"line":69,"column":18}},"69":{"start":{"line":70,"column":0},"end":{"line":70,"column":18}},"70":{"start":{"line":71,"column":0},"end":{"line":71,"column":43}},"71":{"start":{"line":72,"column":0},"end":{"line":72,"column":25}},"72":{"start":{"line":73,"column":0},"end":{"line":73,"column":23}},"73":{"start":{"line":74,"column":0},"end":{"line":74,"column":39}},"74":{"start":{"line":75,"column":0},"end":{"line":75,"column":14}},"75":{"start":{"line":76,"column":0},"end":{"line":76,"column":16}},"76":{"start":{"line":77,"column":0},"end":{"line":77,"column":17}},"77":{"start":{"line":78,"column":0},"end":{"line":78,"column":9}},"78":{"start":{"line":79,"column":0},"end":{"line":79,"column":40}},"79":{"start":{"line":80,"column":0},"end":{"line":80,"column":16}},"80":{"start":{"line":81,"column":0},"end":{"line":81,"column":7}},"81":{"start":{"line":82,"column":0},"end":{"line":82,"column":5}},"82":{"start":{"line":83,"column":0},"end":{"line":83,"column":17}},"83":{"start":{"line":84,"column":0},"end":{"line":84,"column":4}},"85":{"start":{"line":86,"column":0},"end":{"line":86,"column":16}},"86":{"start":{"line":87,"column":0},"end":{"line":87,"column":57}},"87":{"start":{"line":88,"column":0},"end":{"line":88,"column":57}},"89":{"start":{"line":90,"column":0},"end":{"line":90,"column":16}},"90":{"start":{"line":91,"column":0},"end":{"line":91,"column":14}},"91":{"start":{"line":92,"column":0},"end":{"line":92,"column":23}},"92":{"start":{"line":93,"column":0},"end":{"line":93,"column":14}},"93":{"start":{"line":94,"column":0},"end":{"line":94,"column":10}},"94":{"start":{"line":95,"column":0},"end":{"line":95,"column":35}},"95":{"start":{"line":96,"column":0},"end":{"line":96,"column":75}},"96":{"start":{"line":97,"column":0},"end":{"line":97,"column":20}},"97":{"start":{"line":98,"column":0},"end":{"line":98,"column":49}},"98":{"start":{"line":99,"column":0},"end":{"line":99,"column":51}},"99":{"start":{"line":100,"column":0},"end":{"line":100,"column":5}},"100":{"start":{"line":101,"column":0},"end":{"line":101,"column":30}},"101":{"start":{"line":102,"column":0},"end":{"line":102,"column":32}},"102":{"start":{"line":103,"column":0},"end":{"line":103,"column":12}},"104":{"start":{"line":105,"column":0},"end":{"line":105,"column":16}},"105":{"start":{"line":106,"column":0},"end":{"line":106,"column":5}},"106":{"start":{"line":107,"column":0},"end":{"line":107,"column":3}},"108":{"start":{"line":109,"column":0},"end":{"line":109,"column":33}},"109":{"start":{"line":110,"column":0},"end":{"line":110,"column":28}},"110":{"start":{"line":111,"column":0},"end":{"line":111,"column":17}},"111":{"start":{"line":112,"column":0},"end":{"line":112,"column":14}},"113":{"start":{"line":114,"column":0},"end":{"line":114,"column":38}},"114":{"start":{"line":115,"column":0},"end":{"line":115,"column":66}},"115":{"start":{"line":116,"column":0},"end":{"line":116,"column":62}},"116":{"start":{"line":117,"column":0},"end":{"line":117,"column":4}},"118":{"start":{"line":119,"column":0},"end":{"line":119,"column":48}},"119":{"start":{"line":120,"column":0},"end":{"line":120,"column":62}},"121":{"start":{"line":122,"column":0},"end":{"line":122,"column":21}},"122":{"start":{"line":123,"column":0},"end":{"line":123,"column":28}},"123":{"start":{"line":124,"column":0},"end":{"line":124,"column":45}},"124":{"start":{"line":125,"column":0},"end":{"line":125,"column":21}},"125":{"start":{"line":126,"column":0},"end":{"line":126,"column":12}},"126":{"start":{"line":127,"column":0},"end":{"line":127,"column":14}},"127":{"start":{"line":128,"column":0},"end":{"line":128,"column":19}},"128":{"start":{"line":129,"column":0},"end":{"line":129,"column":7}},"129":{"start":{"line":130,"column":0},"end":{"line":130,"column":15}},"130":{"start":{"line":131,"column":0},"end":{"line":131,"column":5}},"132":{"start":{"line":133,"column":0},"end":{"line":133,"column":29}},"133":{"start":{"line":134,"column":0},"end":{"line":134,"column":25}},"134":{"start":{"line":135,"column":0},"end":{"line":135,"column":17}},"135":{"start":{"line":136,"column":0},"end":{"line":136,"column":15}},"136":{"start":{"line":137,"column":0},"end":{"line":137,"column":5}},"138":{"start":{"line":139,"column":0},"end":{"line":139,"column":30}},"139":{"start":{"line":140,"column":0},"end":{"line":140,"column":25}},"140":{"start":{"line":141,"column":0},"end":{"line":141,"column":17}},"141":{"start":{"line":142,"column":0},"end":{"line":142,"column":29}},"142":{"start":{"line":143,"column":0},"end":{"line":143,"column":18}},"143":{"start":{"line":144,"column":0},"end":{"line":144,"column":15}},"144":{"start":{"line":145,"column":0},"end":{"line":145,"column":5}},"146":{"start":{"line":147,"column":0},"end":{"line":147,"column":16}},"147":{"start":{"line":148,"column":0},"end":{"line":148,"column":3}},"149":{"start":{"line":150,"column":0},"end":{"line":150,"column":99}},"152":{"start":{"line":153,"column":0},"end":{"line":153,"column":45}},"153":{"start":{"line":154,"column":0},"end":{"line":154,"column":28}},"154":{"start":{"line":155,"column":0},"end":{"line":155,"column":76}},"155":{"start":{"line":156,"column":0},"end":{"line":156,"column":13}},"156":{"start":{"line":157,"column":0},"end":{"line":157,"column":34}},"158":{"start":{"line":159,"column":0},"end":{"line":159,"column":18}},"159":{"start":{"line":160,"column":0},"end":{"line":160,"column":44}},"160":{"start":{"line":161,"column":0},"end":{"line":161,"column":28}},"161":{"start":{"line":162,"column":0},"end":{"line":162,"column":43}},"162":{"start":{"line":163,"column":0},"end":{"line":163,"column":45}},"163":{"start":{"line":164,"column":0},"end":{"line":164,"column":26}},"164":{"start":{"line":165,"column":0},"end":{"line":165,"column":29}},"165":{"start":{"line":166,"column":0},"end":{"line":166,"column":5}},"166":{"start":{"line":167,"column":0},"end":{"line":167,"column":19}},"167":{"start":{"line":168,"column":0},"end":{"line":168,"column":3}},"169":{"start":{"line":170,"column":0},"end":{"line":170,"column":79}},"170":{"start":{"line":171,"column":0},"end":{"line":171,"column":1}},"174":{"start":{"line":175,"column":0},"end":{"line":175,"column":62}},"175":{"start":{"line":176,"column":0},"end":{"line":176,"column":39}},"178":{"start":{"line":179,"column":0},"end":{"line":179,"column":37}},"179":{"start":{"line":180,"column":0},"end":{"line":180,"column":66}},"180":{"start":{"line":181,"column":0},"end":{"line":181,"column":16}},"181":{"start":{"line":182,"column":0},"end":{"line":182,"column":5}},"184":{"start":{"line":185,"column":0},"end":{"line":185,"column":63}},"185":{"start":{"line":186,"column":0},"end":{"line":186,"column":39}},"187":{"start":{"line":188,"column":0},"end":{"line":188,"column":28}},"188":{"start":{"line":189,"column":0},"end":{"line":189,"column":53}},"189":{"start":{"line":190,"column":0},"end":{"line":190,"column":5}},"191":{"start":{"line":192,"column":0},"end":{"line":192,"column":39}},"192":{"start":{"line":193,"column":0},"end":{"line":193,"column":71}},"195":{"start":{"line":196,"column":0},"end":{"line":196,"column":39}},"196":{"start":{"line":197,"column":0},"end":{"line":197,"column":32}},"197":{"start":{"line":198,"column":0},"end":{"line":198,"column":40}},"198":{"start":{"line":199,"column":0},"end":{"line":199,"column":4}},"200":{"start":{"line":201,"column":0},"end":{"line":201,"column":39}},"201":{"start":{"line":202,"column":0},"end":{"line":202,"column":38}},"202":{"start":{"line":203,"column":0},"end":{"line":203,"column":57}},"203":{"start":{"line":204,"column":0},"end":{"line":204,"column":5}},"205":{"start":{"line":206,"column":0},"end":{"line":206,"column":43}},"206":{"start":{"line":207,"column":0},"end":{"line":207,"column":1}},"210":{"start":{"line":211,"column":0},"end":{"line":211,"column":44}},"211":{"start":{"line":212,"column":0},"end":{"line":212,"column":49}},"212":{"start":{"line":213,"column":0},"end":{"line":213,"column":60}},"213":{"start":{"line":214,"column":0},"end":{"line":214,"column":47}},"214":{"start":{"line":215,"column":0},"end":{"line":215,"column":22}},"215":{"start":{"line":216,"column":0},"end":{"line":216,"column":22}},"216":{"start":{"line":217,"column":0},"end":{"line":217,"column":39}},"217":{"start":{"line":218,"column":0},"end":{"line":218,"column":1}},"219":{"start":{"line":220,"column":0},"end":{"line":220,"column":49}},"220":{"start":{"line":221,"column":0},"end":{"line":221,"column":37}},"221":{"start":{"line":222,"column":0},"end":{"line":222,"column":97}},"222":{"start":{"line":223,"column":0},"end":{"line":223,"column":14}},"223":{"start":{"line":224,"column":0},"end":{"line":224,"column":38}},"224":{"start":{"line":225,"column":0},"end":{"line":225,"column":29}},"225":{"start":{"line":226,"column":0},"end":{"line":226,"column":33}},"226":{"start":{"line":227,"column":0},"end":{"line":227,"column":48}},"227":{"start":{"line":228,"column":0},"end":{"line":228,"column":30}},"228":{"start":{"line":229,"column":0},"end":{"line":229,"column":18}},"229":{"start":{"line":230,"column":0},"end":{"line":230,"column":12}},"230":{"start":{"line":231,"column":0},"end":{"line":231,"column":18}},"231":{"start":{"line":232,"column":0},"end":{"line":232,"column":5}},"232":{"start":{"line":233,"column":0},"end":{"line":233,"column":3}},"233":{"start":{"line":234,"column":0},"end":{"line":234,"column":13}},"234":{"start":{"line":235,"column":0},"end":{"line":235,"column":1}},"250":{"start":{"line":251,"column":0},"end":{"line":251,"column":42}},"251":{"start":{"line":252,"column":0},"end":{"line":252,"column":49}},"252":{"start":{"line":253,"column":0},"end":{"line":253,"column":72}},"254":{"start":{"line":255,"column":0},"end":{"line":255,"column":30}},"255":{"start":{"line":256,"column":0},"end":{"line":256,"column":23}},"256":{"start":{"line":257,"column":0},"end":{"line":257,"column":33}},"259":{"start":{"line":260,"column":0},"end":{"line":260,"column":99}},"260":{"start":{"line":261,"column":0},"end":{"line":261,"column":35}},"266":{"start":{"line":267,"column":0},"end":{"line":267,"column":56}},"267":{"start":{"line":268,"column":0},"end":{"line":268,"column":14}},"268":{"start":{"line":269,"column":0},"end":{"line":269,"column":34}},"269":{"start":{"line":270,"column":0},"end":{"line":270,"column":66}},"270":{"start":{"line":271,"column":0},"end":{"line":271,"column":3}},"283":{"start":{"line":284,"column":0},"end":{"line":284,"column":46}},"285":{"start":{"line":286,"column":0},"end":{"line":286,"column":92}},"287":{"start":{"line":288,"column":0},"end":{"line":288,"column":93}},"289":{"start":{"line":290,"column":0},"end":{"line":290,"column":98}},"291":{"start":{"line":292,"column":0},"end":{"line":292,"column":84}},"293":{"start":{"line":294,"column":0},"end":{"line":294,"column":83}},"295":{"start":{"line":296,"column":0},"end":{"line":296,"column":82}},"296":{"start":{"line":297,"column":0},"end":{"line":297,"column":4}},"297":{"start":{"line":298,"column":0},"end":{"line":298,"column":49}},"298":{"start":{"line":299,"column":0},"end":{"line":299,"column":30}},"299":{"start":{"line":300,"column":0},"end":{"line":300,"column":12}},"300":{"start":{"line":301,"column":0},"end":{"line":301,"column":39}},"301":{"start":{"line":302,"column":0},"end":{"line":302,"column":29}},"302":{"start":{"line":303,"column":0},"end":{"line":303,"column":45}},"303":{"start":{"line":304,"column":0},"end":{"line":304,"column":48}},"304":{"start":{"line":305,"column":0},"end":{"line":305,"column":7}},"305":{"start":{"line":306,"column":0},"end":{"line":306,"column":5}},"306":{"start":{"line":307,"column":0},"end":{"line":307,"column":3}},"309":{"start":{"line":310,"column":0},"end":{"line":310,"column":65}},"310":{"start":{"line":311,"column":0},"end":{"line":311,"column":17}},"311":{"start":{"line":312,"column":0},"end":{"line":312,"column":30}},"312":{"start":{"line":313,"column":0},"end":{"line":313,"column":38}},"313":{"start":{"line":314,"column":0},"end":{"line":314,"column":27}},"314":{"start":{"line":315,"column":0},"end":{"line":315,"column":22}},"315":{"start":{"line":316,"column":0},"end":{"line":316,"column":48}},"316":{"start":{"line":317,"column":0},"end":{"line":317,"column":71}},"317":{"start":{"line":318,"column":0},"end":{"line":318,"column":77}},"319":{"start":{"line":320,"column":0},"end":{"line":320,"column":43}},"320":{"start":{"line":321,"column":0},"end":{"line":321,"column":46}},"321":{"start":{"line":322,"column":0},"end":{"line":322,"column":5}},"322":{"start":{"line":323,"column":0},"end":{"line":323,"column":3}},"325":{"start":{"line":326,"column":0},"end":{"line":326,"column":55}},"326":{"start":{"line":327,"column":0},"end":{"line":327,"column":19}},"327":{"start":{"line":328,"column":0},"end":{"line":328,"column":46}},"328":{"start":{"line":329,"column":0},"end":{"line":329,"column":60}},"329":{"start":{"line":330,"column":0},"end":{"line":330,"column":55}},"330":{"start":{"line":331,"column":0},"end":{"line":331,"column":5}},"331":{"start":{"line":332,"column":0},"end":{"line":332,"column":3}},"334":{"start":{"line":335,"column":0},"end":{"line":335,"column":51}},"335":{"start":{"line":336,"column":0},"end":{"line":336,"column":13}},"336":{"start":{"line":337,"column":0},"end":{"line":337,"column":30}},"337":{"start":{"line":338,"column":0},"end":{"line":338,"column":66}},"338":{"start":{"line":339,"column":0},"end":{"line":339,"column":3}},"340":{"start":{"line":341,"column":0},"end":{"line":341,"column":14}},"341":{"start":{"line":342,"column":0},"end":{"line":342,"column":1}},"343":{"start":{"line":344,"column":0},"end":{"line":344,"column":75}},"344":{"start":{"line":345,"column":0},"end":{"line":345,"column":41}},"345":{"start":{"line":346,"column":0},"end":{"line":346,"column":35}},"347":{"start":{"line":348,"column":0},"end":{"line":348,"column":13}},"348":{"start":{"line":349,"column":0},"end":{"line":349,"column":12}},"349":{"start":{"line":350,"column":0},"end":{"line":350,"column":20}},"350":{"start":{"line":351,"column":0},"end":{"line":351,"column":17}},"351":{"start":{"line":352,"column":0},"end":{"line":352,"column":10}},"352":{"start":{"line":353,"column":0},"end":{"line":353,"column":24}},"353":{"start":{"line":354,"column":0},"end":{"line":354,"column":52}},"354":{"start":{"line":355,"column":0},"end":{"line":355,"column":6}},"355":{"start":{"line":356,"column":0},"end":{"line":356,"column":3}},"357":{"start":{"line":358,"column":0},"end":{"line":358,"column":34}},"358":{"start":{"line":359,"column":0},"end":{"line":359,"column":25}},"359":{"start":{"line":360,"column":0},"end":{"line":360,"column":60}},"360":{"start":{"line":361,"column":0},"end":{"line":361,"column":42}},"361":{"start":{"line":362,"column":0},"end":{"line":362,"column":26}},"362":{"start":{"line":363,"column":0},"end":{"line":363,"column":120}},"363":{"start":{"line":364,"column":0},"end":{"line":364,"column":36}},"365":{"start":{"line":366,"column":0},"end":{"line":366,"column":62}},"366":{"start":{"line":367,"column":0},"end":{"line":367,"column":12}},"367":{"start":{"line":368,"column":0},"end":{"line":368,"column":23}},"368":{"start":{"line":369,"column":0},"end":{"line":369,"column":11}},"369":{"start":{"line":370,"column":0},"end":{"line":370,"column":10}},"370":{"start":{"line":371,"column":0},"end":{"line":371,"column":24}},"371":{"start":{"line":372,"column":0},"end":{"line":372,"column":54}},"372":{"start":{"line":373,"column":0},"end":{"line":373,"column":6}},"373":{"start":{"line":374,"column":0},"end":{"line":374,"column":3}},"375":{"start":{"line":376,"column":0},"end":{"line":376,"column":22}},"376":{"start":{"line":377,"column":0},"end":{"line":377,"column":12}},"377":{"start":{"line":378,"column":0},"end":{"line":378,"column":23}},"378":{"start":{"line":379,"column":0},"end":{"line":379,"column":11}},"379":{"start":{"line":380,"column":0},"end":{"line":380,"column":10}},"380":{"start":{"line":381,"column":0},"end":{"line":381,"column":24}},"381":{"start":{"line":382,"column":0},"end":{"line":382,"column":49}},"382":{"start":{"line":383,"column":0},"end":{"line":383,"column":6}},"383":{"start":{"line":384,"column":0},"end":{"line":384,"column":3}},"385":{"start":{"line":386,"column":0},"end":{"line":386,"column":14}},"386":{"start":{"line":387,"column":0},"end":{"line":387,"column":12}},"387":{"start":{"line":388,"column":0},"end":{"line":388,"column":23}},"388":{"start":{"line":389,"column":0},"end":{"line":389,"column":17}},"389":{"start":{"line":390,"column":0},"end":{"line":390,"column":10}},"390":{"start":{"line":391,"column":0},"end":{"line":391,"column":24}},"391":{"start":{"line":392,"column":0},"end":{"line":392,"column":50}},"392":{"start":{"line":393,"column":0},"end":{"line":393,"column":6}},"393":{"start":{"line":394,"column":0},"end":{"line":394,"column":3}},"395":{"start":{"line":396,"column":0},"end":{"line":396,"column":10}},"396":{"start":{"line":397,"column":0},"end":{"line":397,"column":18}},"397":{"start":{"line":398,"column":0},"end":{"line":398,"column":15}},"398":{"start":{"line":399,"column":0},"end":{"line":399,"column":8}},"399":{"start":{"line":400,"column":0},"end":{"line":400,"column":22}},"400":{"start":{"line":401,"column":0},"end":{"line":401,"column":50}},"401":{"start":{"line":402,"column":0},"end":{"line":402,"column":4}},"402":{"start":{"line":403,"column":0},"end":{"line":403,"column":1}},"404":{"start":{"line":405,"column":0},"end":{"line":405,"column":65}},"406":{"start":{"line":407,"column":0},"end":{"line":407,"column":37}},"407":{"start":{"line":408,"column":0},"end":{"line":408,"column":33}},"409":{"start":{"line":410,"column":0},"end":{"line":410,"column":41}},"411":{"start":{"line":412,"column":0},"end":{"line":412,"column":35}},"412":{"start":{"line":413,"column":0},"end":{"line":413,"column":25}},"413":{"start":{"line":414,"column":0},"end":{"line":414,"column":3}},"416":{"start":{"line":417,"column":0},"end":{"line":417,"column":48}},"417":{"start":{"line":418,"column":0},"end":{"line":418,"column":46}},"418":{"start":{"line":419,"column":0},"end":{"line":419,"column":67}},"419":{"start":{"line":420,"column":0},"end":{"line":420,"column":43}},"420":{"start":{"line":421,"column":0},"end":{"line":421,"column":53}},"421":{"start":{"line":422,"column":0},"end":{"line":422,"column":37}},"422":{"start":{"line":423,"column":0},"end":{"line":423,"column":3}},"424":{"start":{"line":425,"column":0},"end":{"line":425,"column":14}},"425":{"start":{"line":426,"column":0},"end":{"line":426,"column":1}},"427":{"start":{"line":428,"column":0},"end":{"line":428,"column":47}},"428":{"start":{"line":429,"column":0},"end":{"line":429,"column":62}},"429":{"start":{"line":430,"column":0},"end":{"line":430,"column":43}},"430":{"start":{"line":431,"column":0},"end":{"line":431,"column":49}},"431":{"start":{"line":432,"column":0},"end":{"line":432,"column":72}},"432":{"start":{"line":433,"column":0},"end":{"line":433,"column":72}},"433":{"start":{"line":434,"column":0},"end":{"line":434,"column":3}},"434":{"start":{"line":435,"column":0},"end":{"line":435,"column":105}},"435":{"start":{"line":436,"column":0},"end":{"line":436,"column":1}},"437":{"start":{"line":438,"column":0},"end":{"line":438,"column":46}},"438":{"start":{"line":439,"column":0},"end":{"line":439,"column":49}},"439":{"start":{"line":440,"column":0},"end":{"line":440,"column":86}},"440":{"start":{"line":441,"column":0},"end":{"line":441,"column":73}},"441":{"start":{"line":442,"column":0},"end":{"line":442,"column":15}},"442":{"start":{"line":443,"column":0},"end":{"line":443,"column":1}},"444":{"start":{"line":445,"column":0},"end":{"line":445,"column":44}},"445":{"start":{"line":446,"column":0},"end":{"line":446,"column":25}},"446":{"start":{"line":447,"column":0},"end":{"line":447,"column":1}},"448":{"start":{"line":449,"column":0},"end":{"line":449,"column":65}},"449":{"start":{"line":450,"column":0},"end":{"line":450,"column":105}},"450":{"start":{"line":451,"column":0},"end":{"line":451,"column":92}},"452":{"start":{"line":453,"column":0},"end":{"line":453,"column":105}},"453":{"start":{"line":454,"column":0},"end":{"line":454,"column":94}},"454":{"start":{"line":455,"column":0},"end":{"line":455,"column":45}},"455":{"start":{"line":456,"column":0},"end":{"line":456,"column":91}},"457":{"start":{"line":458,"column":0},"end":{"line":458,"column":80}},"458":{"start":{"line":459,"column":0},"end":{"line":459,"column":76}},"459":{"start":{"line":460,"column":0},"end":{"line":460,"column":127}},"461":{"start":{"line":462,"column":0},"end":{"line":462,"column":75}},"462":{"start":{"line":463,"column":0},"end":{"line":463,"column":1}},"464":{"start":{"line":465,"column":0},"end":{"line":465,"column":69}},"465":{"start":{"line":466,"column":0},"end":{"line":466,"column":31}},"466":{"start":{"line":467,"column":0},"end":{"line":467,"column":35}},"467":{"start":{"line":468,"column":0},"end":{"line":468,"column":34}},"468":{"start":{"line":469,"column":0},"end":{"line":469,"column":1}},"470":{"start":{"line":471,"column":0},"end":{"line":471,"column":59}},"471":{"start":{"line":472,"column":0},"end":{"line":472,"column":60}},"472":{"start":{"line":473,"column":0},"end":{"line":473,"column":35}},"473":{"start":{"line":474,"column":0},"end":{"line":474,"column":20}},"474":{"start":{"line":475,"column":0},"end":{"line":475,"column":1}},"476":{"start":{"line":477,"column":0},"end":{"line":477,"column":62}},"477":{"start":{"line":478,"column":0},"end":{"line":478,"column":61}},"478":{"start":{"line":479,"column":0},"end":{"line":479,"column":67}},"480":{"start":{"line":481,"column":0},"end":{"line":481,"column":43}},"481":{"start":{"line":482,"column":0},"end":{"line":482,"column":43}},"483":{"start":{"line":484,"column":0},"end":{"line":484,"column":38}},"484":{"start":{"line":485,"column":0},"end":{"line":485,"column":33}},"485":{"start":{"line":486,"column":0},"end":{"line":486,"column":16}},"486":{"start":{"line":487,"column":0},"end":{"line":487,"column":1}},"488":{"start":{"line":489,"column":0},"end":{"line":489,"column":51}},"489":{"start":{"line":490,"column":0},"end":{"line":490,"column":25}},"490":{"start":{"line":491,"column":0},"end":{"line":491,"column":37}},"491":{"start":{"line":492,"column":0},"end":{"line":492,"column":20}},"492":{"start":{"line":493,"column":0},"end":{"line":493,"column":3}},"493":{"start":{"line":494,"column":0},"end":{"line":494,"column":12}},"494":{"start":{"line":495,"column":0},"end":{"line":495,"column":1}},"496":{"start":{"line":497,"column":0},"end":{"line":497,"column":83}},"497":{"start":{"line":498,"column":0},"end":{"line":498,"column":82}},"498":{"start":{"line":499,"column":0},"end":{"line":499,"column":32}},"500":{"start":{"line":501,"column":0},"end":{"line":501,"column":84}},"501":{"start":{"line":502,"column":0},"end":{"line":502,"column":37}},"502":{"start":{"line":503,"column":0},"end":{"line":503,"column":1}},"504":{"start":{"line":505,"column":0},"end":{"line":505,"column":42}},"505":{"start":{"line":506,"column":0},"end":{"line":506,"column":36}},"506":{"start":{"line":507,"column":0},"end":{"line":507,"column":21}},"507":{"start":{"line":508,"column":0},"end":{"line":508,"column":42}},"508":{"start":{"line":509,"column":0},"end":{"line":509,"column":45}},"509":{"start":{"line":510,"column":0},"end":{"line":510,"column":49}},"510":{"start":{"line":511,"column":0},"end":{"line":511,"column":12}},"511":{"start":{"line":512,"column":0},"end":{"line":512,"column":1}},"513":{"start":{"line":514,"column":0},"end":{"line":514,"column":46}},"514":{"start":{"line":515,"column":0},"end":{"line":515,"column":35}},"515":{"start":{"line":516,"column":0},"end":{"line":516,"column":23}},"516":{"start":{"line":517,"column":0},"end":{"line":517,"column":43}},"517":{"start":{"line":518,"column":0},"end":{"line":518,"column":37}},"518":{"start":{"line":519,"column":0},"end":{"line":519,"column":15}},"519":{"start":{"line":520,"column":0},"end":{"line":520,"column":1}},"521":{"start":{"line":522,"column":0},"end":{"line":522,"column":37}},"522":{"start":{"line":523,"column":0},"end":{"line":523,"column":30}},"523":{"start":{"line":524,"column":0},"end":{"line":524,"column":28}},"524":{"start":{"line":525,"column":0},"end":{"line":525,"column":26}},"525":{"start":{"line":526,"column":0},"end":{"line":526,"column":40}},"526":{"start":{"line":527,"column":0},"end":{"line":527,"column":35}},"527":{"start":{"line":528,"column":0},"end":{"line":528,"column":16}},"528":{"start":{"line":529,"column":0},"end":{"line":529,"column":16}},"529":{"start":{"line":530,"column":0},"end":{"line":530,"column":15}},"530":{"start":{"line":531,"column":0},"end":{"line":531,"column":16}},"531":{"start":{"line":532,"column":0},"end":{"line":532,"column":15}},"532":{"start":{"line":533,"column":0},"end":{"line":533,"column":15}},"533":{"start":{"line":534,"column":0},"end":{"line":534,"column":14}},"534":{"start":{"line":535,"column":0},"end":{"line":535,"column":15}},"535":{"start":{"line":536,"column":0},"end":{"line":536,"column":14}},"536":{"start":{"line":537,"column":0},"end":{"line":537,"column":14}},"537":{"start":{"line":538,"column":0},"end":{"line":538,"column":13}},"538":{"start":{"line":539,"column":0},"end":{"line":539,"column":14}},"539":{"start":{"line":540,"column":0},"end":{"line":540,"column":13}},"540":{"start":{"line":541,"column":0},"end":{"line":541,"column":4}},"541":{"start":{"line":542,"column":0},"end":{"line":542,"column":13}},"542":{"start":{"line":543,"column":0},"end":{"line":543,"column":12}},"543":{"start":{"line":544,"column":0},"end":{"line":544,"column":33}},"544":{"start":{"line":545,"column":0},"end":{"line":545,"column":22}},"545":{"start":{"line":546,"column":0},"end":{"line":546,"column":15}},"546":{"start":{"line":547,"column":0},"end":{"line":547,"column":15}},"547":{"start":{"line":548,"column":0},"end":{"line":548,"column":5}},"548":{"start":{"line":549,"column":0},"end":{"line":549,"column":3}},"549":{"start":{"line":550,"column":0},"end":{"line":550,"column":11}},"550":{"start":{"line":551,"column":0},"end":{"line":551,"column":1}},"552":{"start":{"line":553,"column":0},"end":{"line":553,"column":45}},"553":{"start":{"line":554,"column":0},"end":{"line":554,"column":28}},"554":{"start":{"line":555,"column":0},"end":{"line":555,"column":30}},"555":{"start":{"line":556,"column":0},"end":{"line":556,"column":42}},"556":{"start":{"line":557,"column":0},"end":{"line":557,"column":39}},"557":{"start":{"line":558,"column":0},"end":{"line":558,"column":1}},"559":{"start":{"line":560,"column":0},"end":{"line":560,"column":48}},"560":{"start":{"line":561,"column":0},"end":{"line":561,"column":30}},"561":{"start":{"line":562,"column":0},"end":{"line":562,"column":32}},"562":{"start":{"line":563,"column":0},"end":{"line":563,"column":23}},"563":{"start":{"line":564,"column":0},"end":{"line":564,"column":31}},"564":{"start":{"line":565,"column":0},"end":{"line":565,"column":1}}},"s":{"3":1,"4":0,"6":0,"7":0,"9":1,"10":0,"11":0,"12":0,"13":0,"14":0,"15":0,"17":1,"18":0,"19":0,"20":0,"22":1,"23":0,"24":0,"25":0,"26":0,"27":0,"28":0,"29":0,"30":0,"31":0,"35":1,"36":7,"38":7,"39":7,"40":7,"42":7,"43":7,"44":7,"47":7,"48":69,"49":69,"50":0,"51":0,"52":0,"53":0,"54":0,"55":0,"56":0,"57":0,"58":69,"59":6,"60":6,"61":6,"62":69,"64":7,"65":7,"67":6,"68":16,"69":16,"70":16,"71":166,"72":166,"73":0,"74":0,"75":0,"76":0,"77":0,"78":166,"79":6,"80":6,"81":166,"82":16,"83":16,"85":6,"86":6,"87":6,"89":7,"90":1,"91":7,"92":3,"93":5,"94":2,"95":2,"96":2,"97":2,"98":2,"99":2,"100":2,"101":2,"102":2,"104":0,"105":0,"106":2,"108":6,"109":6,"110":6,"111":6,"113":6,"114":14,"115":14,"116":14,"118":7,"119":211,"121":211,"122":4,"123":4,"124":0,"125":0,"126":4,"127":4,"128":4,"129":4,"130":4,"132":211,"133":14,"134":14,"135":14,"136":14,"138":211,"139":14,"140":14,"141":14,"142":14,"143":14,"144":14,"146":179,"147":179,"149":7,"152":6,"153":12,"154":12,"155":12,"156":6,"158":6,"159":7,"160":8,"161":8,"162":8,"163":16,"164":16,"165":16,"166":8,"167":8,"169":6,"170":6,"174":1,"175":1,"178":1,"179":2,"180":2,"181":1,"184":1,"185":1,"187":1,"188":2,"189":1,"191":1,"192":1,"195":1,"196":4,"197":4,"198":4,"200":1,"201":1,"202":2,"203":1,"205":1,"206":1,"210":1,"211":236,"212":236,"213":5,"214":15,"215":4,"216":236,"217":236,"219":42,"220":42,"221":42,"222":42,"223":42,"224":136,"225":136,"226":136,"227":136,"228":4,"229":136,"230":132,"231":132,"232":136,"233":42,"234":42,"250":1,"251":617,"252":617,"254":69,"255":367,"256":64,"259":617,"260":617,"266":617,"267":617,"268":19,"269":19,"270":19,"283":45,"285":45,"287":45,"289":45,"291":45,"293":45,"295":45,"296":45,"297":367,"298":251,"299":251,"300":9,"301":9,"302":9,"303":9,"304":9,"305":9,"306":251,"309":36,"310":355,"311":20,"312":20,"313":20,"314":20,"315":20,"316":20,"317":20,"319":20,"320":20,"321":20,"322":20,"325":16,"326":58,"327":13,"328":13,"329":13,"330":13,"331":13,"334":3,"335":48,"336":0,"337":0,"338":0,"340":3,"341":3,"343":1,"344":12,"345":12,"347":12,"348":3,"349":3,"350":3,"351":3,"352":3,"353":3,"354":3,"355":3,"357":9,"358":9,"359":12,"360":6,"361":12,"362":12,"363":7,"365":12,"366":5,"367":5,"368":5,"369":5,"370":5,"371":5,"372":5,"373":5,"375":4,"376":4,"377":4,"378":4,"379":4,"380":4,"381":4,"382":4,"383":4,"385":0,"386":0,"387":0,"388":0,"389":0,"390":0,"391":0,"392":0,"393":0,"395":0,"396":0,"397":0,"398":0,"399":0,"400":0,"401":0,"402":0,"404":1,"406":27,"407":27,"409":27,"411":0,"412":0,"413":0,"416":27,"417":27,"418":27,"419":0,"420":0,"421":0,"422":0,"424":27,"425":27,"427":1,"428":5,"429":5,"430":2,"431":2,"432":1,"433":2,"434":2,"435":2,"437":1,"438":68,"439":68,"440":68,"441":0,"442":0,"444":1,"445":2,"446":2,"448":1,"449":28,"450":28,"452":28,"453":28,"454":28,"455":28,"457":28,"458":28,"459":28,"461":1,"462":1,"464":1,"465":28,"466":28,"467":28,"468":28,"470":1,"471":127,"472":127,"473":127,"474":127,"476":1,"477":35,"478":35,"480":35,"481":35,"483":35,"484":35,"485":35,"486":35,"488":1,"489":86,"490":103,"491":103,"492":103,"493":37,"494":37,"496":1,"497":42,"498":42,"500":31,"501":42,"502":42,"504":1,"505":20,"506":20,"507":20,"508":20,"509":6,"510":0,"511":0,"513":1,"514":70,"515":70,"516":70,"517":70,"518":34,"519":34,"521":1,"522":100,"523":100,"524":100,"525":100,"526":100,"527":100,"528":100,"529":100,"530":100,"531":100,"532":100,"533":100,"534":100,"535":100,"536":100,"537":100,"538":100,"539":100,"540":100,"541":100,"542":100,"543":100,"544":1300,"545":273,"546":273,"547":273,"548":1300,"549":100,"550":100,"552":1,"553":120,"554":120,"555":117,"556":120,"557":120,"559":1,"560":100,"561":100,"562":100,"563":100,"564":100},"branchMap":{"0":{"type":"branch","line":36,"loc":{"start":{"line":36,"column":7},"end":{"line":171,"column":1}},"locations":[{"start":{"line":36,"column":7},"end":{"line":171,"column":1}}]},"1":{"type":"branch","line":37,"loc":{"start":{"line":37,"column":23},"end":{"line":37,"column":33}},"locations":[{"start":{"line":37,"column":23},"end":{"line":37,"column":33}}]},"2":{"type":"branch","line":40,"loc":{"start":{"line":40,"column":35},"end":{"line":40,"column":84}},"locations":[{"start":{"line":40,"column":35},"end":{"line":40,"column":84}}]},"3":{"type":"branch","line":41,"loc":{"start":{"line":41,"column":33},"end":{"line":41,"column":80}},"locations":[{"start":{"line":41,"column":33},"end":{"line":41,"column":80}}]},"4":{"type":"branch","line":48,"loc":{"start":{"line":48,"column":46},"end":{"line":63,"column":3}},"locations":[{"start":{"line":48,"column":46},"end":{"line":63,"column":3}}]},"5":{"type":"branch","line":50,"loc":{"start":{"line":50,"column":20},"end":{"line":58,"column":5}},"locations":[{"start":{"line":50,"column":20},"end":{"line":58,"column":5}}]},"6":{"type":"branch","line":59,"loc":{"start":{"line":59,"column":29},"end":{"line":62,"column":5}},"locations":[{"start":{"line":59,"column":29},"end":{"line":62,"column":5}}]},"7":{"type":"branch","line":66,"loc":{"start":{"line":66,"column":27},"end":{"line":66,"column":92}},"locations":[{"start":{"line":66,"column":27},"end":{"line":66,"column":92}}]},"8":{"type":"branch","line":66,"loc":{"start":{"line":66,"column":90},"end":{"line":90,"column":15}},"locations":[{"start":{"line":66,"column":90},"end":{"line":90,"column":15}}]},"9":{"type":"branch","line":90,"loc":{"start":{"line":90,"column":15},"end":{"line":92,"column":13}},"locations":[{"start":{"line":90,"column":15},"end":{"line":92,"column":13}}]},"10":{"type":"branch","line":92,"loc":{"start":{"line":92,"column":2},"end":{"line":107,"column":3}},"locations":[{"start":{"line":92,"column":2},"end":{"line":107,"column":3}}]},"11":{"type":"branch","line":92,"loc":{"start":{"line":92,"column":22},"end":{"line":94,"column":9}},"locations":[{"start":{"line":92,"column":22},"end":{"line":94,"column":9}}]},"12":{"type":"branch","line":94,"loc":{"start":{"line":94,"column":2},"end":{"line":107,"column":3}},"locations":[{"start":{"line":94,"column":2},"end":{"line":107,"column":3}}]},"13":{"type":"branch","line":99,"loc":{"start":{"line":99,"column":39},"end":{"line":99,"column":51}},"locations":[{"start":{"line":99,"column":39},"end":{"line":99,"column":51}}]},"14":{"type":"branch","line":103,"loc":{"start":{"line":103,"column":4},"end":{"line":106,"column":5}},"locations":[{"start":{"line":103,"column":4},"end":{"line":106,"column":5}}]},"15":{"type":"branch","line":107,"loc":{"start":{"line":107,"column":2},"end":{"line":119,"column":47}},"locations":[{"start":{"line":107,"column":2},"end":{"line":119,"column":47}}]},"16":{"type":"branch","line":119,"loc":{"start":{"line":119,"column":47},"end":{"line":148,"column":3}},"locations":[{"start":{"line":119,"column":47},"end":{"line":148,"column":3}}]},"17":{"type":"branch","line":120,"loc":{"start":{"line":120,"column":32},"end":{"line":120,"column":48}},"locations":[{"start":{"line":120,"column":32},"end":{"line":120,"column":48}}]},"18":{"type":"branch","line":120,"loc":{"start":{"line":120,"column":41},"end":{"line":120,"column":62}},"locations":[{"start":{"line":120,"column":41},"end":{"line":120,"column":62}}]},"19":{"type":"branch","line":122,"loc":{"start":{"line":122,"column":20},"end":{"line":131,"column":5}},"locations":[{"start":{"line":122,"column":20},"end":{"line":131,"column":5}}]},"20":{"type":"branch","line":124,"loc":{"start":{"line":124,"column":10},"end":{"line":124,"column":44}},"locations":[{"start":{"line":124,"column":10},"end":{"line":124,"column":44}}]},"21":{"type":"branch","line":124,"loc":{"start":{"line":124,"column":44},"end":{"line":127,"column":13}},"locations":[{"start":{"line":124,"column":44},"end":{"line":127,"column":13}}]},"22":{"type":"branch","line":131,"loc":{"start":{"line":131,"column":4},"end":{"line":133,"column":16}},"locations":[{"start":{"line":131,"column":4},"end":{"line":133,"column":16}}]},"23":{"type":"branch","line":133,"loc":{"start":{"line":133,"column":9},"end":{"line":133,"column":28}},"locations":[{"start":{"line":133,"column":9},"end":{"line":133,"column":28}}]},"24":{"type":"branch","line":133,"loc":{"start":{"line":133,"column":28},"end":{"line":137,"column":5}},"locations":[{"start":{"line":133,"column":28},"end":{"line":137,"column":5}}]},"25":{"type":"branch","line":137,"loc":{"start":{"line":137,"column":4},"end":{"line":139,"column":16}},"locations":[{"start":{"line":137,"column":4},"end":{"line":139,"column":16}}]},"26":{"type":"branch","line":139,"loc":{"start":{"line":139,"column":9},"end":{"line":139,"column":29}},"locations":[{"start":{"line":139,"column":9},"end":{"line":139,"column":29}}]},"27":{"type":"branch","line":139,"loc":{"start":{"line":139,"column":29},"end":{"line":145,"column":5}},"locations":[{"start":{"line":139,"column":29},"end":{"line":145,"column":5}}]},"28":{"type":"branch","line":145,"loc":{"start":{"line":145,"column":4},"end":{"line":148,"column":3}},"locations":[{"start":{"line":145,"column":4},"end":{"line":148,"column":3}}]},"29":{"type":"branch","line":148,"loc":{"start":{"line":148,"column":2},"end":{"line":150,"column":33}},"locations":[{"start":{"line":148,"column":2},"end":{"line":150,"column":33}}]},"30":{"type":"branch","line":150,"loc":{"start":{"line":150,"column":26},"end":{"line":150,"column":99}},"locations":[{"start":{"line":150,"column":26},"end":{"line":150,"column":99}}]},"31":{"type":"branch","line":150,"loc":{"start":{"line":150,"column":97},"end":{"line":160,"column":43}},"locations":[{"start":{"line":150,"column":97},"end":{"line":160,"column":43}}]},"32":{"type":"branch","line":160,"loc":{"start":{"line":160,"column":43},"end":{"line":168,"column":3}},"locations":[{"start":{"line":160,"column":43},"end":{"line":168,"column":3}}]},"33":{"type":"branch","line":163,"loc":{"start":{"line":163,"column":44},"end":{"line":166,"column":5}},"locations":[{"start":{"line":163,"column":44},"end":{"line":166,"column":5}}]},"34":{"type":"branch","line":165,"loc":{"start":{"line":165,"column":21},"end":{"line":165,"column":29}},"locations":[{"start":{"line":165,"column":21},"end":{"line":165,"column":29}}]},"35":{"type":"branch","line":168,"loc":{"start":{"line":168,"column":2},"end":{"line":171,"column":1}},"locations":[{"start":{"line":168,"column":2},"end":{"line":171,"column":1}}]},"36":{"type":"branch","line":68,"loc":{"start":{"line":68,"column":27},"end":{"line":84,"column":4}},"locations":[{"start":{"line":68,"column":27},"end":{"line":84,"column":4}}]},"37":{"type":"branch","line":71,"loc":{"start":{"line":71,"column":42},"end":{"line":82,"column":5}},"locations":[{"start":{"line":71,"column":42},"end":{"line":82,"column":5}}]},"38":{"type":"branch","line":73,"loc":{"start":{"line":73,"column":22},"end":{"line":79,"column":17}},"locations":[{"start":{"line":73,"column":22},"end":{"line":79,"column":17}}]},"39":{"type":"branch","line":79,"loc":{"start":{"line":79,"column":39},"end":{"line":81,"column":7}},"locations":[{"start":{"line":79,"column":39},"end":{"line":81,"column":7}}]},"40":{"type":"branch","line":96,"loc":{"start":{"line":96,"column":34},"end":{"line":96,"column":73}},"locations":[{"start":{"line":96,"column":34},"end":{"line":96,"column":73}}]},"41":{"type":"branch","line":114,"loc":{"start":{"line":114,"column":31},"end":{"line":117,"column":4}},"locations":[{"start":{"line":114,"column":31},"end":{"line":117,"column":4}}]},"42":{"type":"branch","line":115,"loc":{"start":{"line":115,"column":34},"end":{"line":115,"column":64}},"locations":[{"start":{"line":115,"column":34},"end":{"line":115,"column":64}}]},"43":{"type":"branch","line":116,"loc":{"start":{"line":116,"column":43},"end":{"line":116,"column":59}},"locations":[{"start":{"line":116,"column":43},"end":{"line":116,"column":59}}]},"44":{"type":"branch","line":153,"loc":{"start":{"line":153,"column":32},"end":{"line":157,"column":3}},"locations":[{"start":{"line":153,"column":32},"end":{"line":157,"column":3}}]},"45":{"type":"branch","line":154,"loc":{"start":{"line":154,"column":19},"end":{"line":154,"column":26}},"locations":[{"start":{"line":154,"column":19},"end":{"line":154,"column":26}}]},"46":{"type":"branch","line":155,"loc":{"start":{"line":155,"column":16},"end":{"line":155,"column":33}},"locations":[{"start":{"line":155,"column":16},"end":{"line":155,"column":33}}]},"47":{"type":"branch","line":155,"loc":{"start":{"line":155,"column":23},"end":{"line":155,"column":61}},"locations":[{"start":{"line":155,"column":23},"end":{"line":155,"column":61}}]},"48":{"type":"branch","line":155,"loc":{"start":{"line":155,"column":61},"end":{"line":155,"column":76}},"locations":[{"start":{"line":155,"column":61},"end":{"line":155,"column":76}}]},"49":{"type":"branch","line":157,"loc":{"start":{"line":157,"column":12},"end":{"line":157,"column":32}},"locations":[{"start":{"line":157,"column":12},"end":{"line":157,"column":32}}]},"50":{"type":"branch","line":175,"loc":{"start":{"line":175,"column":7},"end":{"line":207,"column":1}},"locations":[{"start":{"line":175,"column":7},"end":{"line":207,"column":1}}]},"51":{"type":"branch","line":176,"loc":{"start":{"line":176,"column":29},"end":{"line":176,"column":39}},"locations":[{"start":{"line":176,"column":29},"end":{"line":176,"column":39}}]},"52":{"type":"branch","line":185,"loc":{"start":{"line":185,"column":56},"end":{"line":185,"column":63}},"locations":[{"start":{"line":185,"column":56},"end":{"line":185,"column":63}}]},"53":{"type":"branch","line":179,"loc":{"start":{"line":179,"column":29},"end":{"line":182,"column":3}},"locations":[{"start":{"line":179,"column":29},"end":{"line":182,"column":3}}]},"54":{"type":"branch","line":188,"loc":{"start":{"line":188,"column":20},"end":{"line":190,"column":3}},"locations":[{"start":{"line":188,"column":20},"end":{"line":190,"column":3}}]},"55":{"type":"branch","line":189,"loc":{"start":{"line":189,"column":29},"end":{"line":189,"column":51}},"locations":[{"start":{"line":189,"column":29},"end":{"line":189,"column":51}}]},"56":{"type":"branch","line":193,"loc":{"start":{"line":193,"column":27},"end":{"line":193,"column":69}},"locations":[{"start":{"line":193,"column":27},"end":{"line":193,"column":69}}]},"57":{"type":"branch","line":196,"loc":{"start":{"line":196,"column":20},"end":{"line":199,"column":4}},"locations":[{"start":{"line":196,"column":20},"end":{"line":199,"column":4}}]},"58":{"type":"branch","line":197,"loc":{"start":{"line":197,"column":21},"end":{"line":197,"column":30}},"locations":[{"start":{"line":197,"column":21},"end":{"line":197,"column":30}}]},"59":{"type":"branch","line":202,"loc":{"start":{"line":202,"column":30},"end":{"line":204,"column":3}},"locations":[{"start":{"line":202,"column":30},"end":{"line":204,"column":3}}]},"60":{"type":"branch","line":203,"loc":{"start":{"line":203,"column":23},"end":{"line":203,"column":45}},"locations":[{"start":{"line":203,"column":23},"end":{"line":203,"column":45}}]},"61":{"type":"branch","line":211,"loc":{"start":{"line":211,"column":7},"end":{"line":218,"column":1}},"locations":[{"start":{"line":211,"column":7},"end":{"line":218,"column":1}}]},"62":{"type":"branch","line":212,"loc":{"start":{"line":212,"column":12},"end":{"line":212,"column":37}},"locations":[{"start":{"line":212,"column":12},"end":{"line":212,"column":37}}]},"63":{"type":"branch","line":212,"loc":{"start":{"line":212,"column":37},"end":{"line":212,"column":49}},"locations":[{"start":{"line":212,"column":37},"end":{"line":212,"column":49}}]},"64":{"type":"branch","line":212,"loc":{"start":{"line":212,"column":44},"end":{"line":213,"column":51}},"locations":[{"start":{"line":212,"column":44},"end":{"line":213,"column":51}}]},"65":{"type":"branch","line":212,"loc":{"start":{"line":212,"column":44},"end":{"line":213,"column":31}},"locations":[{"start":{"line":212,"column":44},"end":{"line":213,"column":31}}]},"66":{"type":"branch","line":213,"loc":{"start":{"line":213,"column":19},"end":{"line":213,"column":51}},"locations":[{"start":{"line":213,"column":19},"end":{"line":213,"column":51}}]},"67":{"type":"branch","line":213,"loc":{"start":{"line":213,"column":51},"end":{"line":213,"column":60}},"locations":[{"start":{"line":213,"column":51},"end":{"line":213,"column":60}}]},"68":{"type":"branch","line":213,"loc":{"start":{"line":213,"column":58},"end":{"line":217,"column":34}},"locations":[{"start":{"line":213,"column":58},"end":{"line":217,"column":34}}]},"69":{"type":"branch","line":213,"loc":{"start":{"line":213,"column":58},"end":{"line":215,"column":17}},"locations":[{"start":{"line":213,"column":58},"end":{"line":215,"column":17}}]},"70":{"type":"branch","line":215,"loc":{"start":{"line":215,"column":10},"end":{"line":215,"column":22}},"locations":[{"start":{"line":215,"column":10},"end":{"line":215,"column":22}}]},"71":{"type":"branch","line":215,"loc":{"start":{"line":215,"column":17},"end":{"line":217,"column":30}},"locations":[{"start":{"line":215,"column":17},"end":{"line":217,"column":30}}]},"72":{"type":"branch","line":217,"loc":{"start":{"line":217,"column":26},"end":{"line":217,"column":34}},"locations":[{"start":{"line":217,"column":26},"end":{"line":217,"column":34}}]},"73":{"type":"branch","line":217,"loc":{"start":{"line":217,"column":30},"end":{"line":217,"column":39}},"locations":[{"start":{"line":217,"column":30},"end":{"line":217,"column":39}}]},"74":{"type":"branch","line":220,"loc":{"start":{"line":220,"column":0},"end":{"line":235,"column":1}},"locations":[{"start":{"line":220,"column":0},"end":{"line":235,"column":1}}]},"75":{"type":"branch","line":224,"loc":{"start":{"line":224,"column":37},"end":{"line":233,"column":3}},"locations":[{"start":{"line":224,"column":37},"end":{"line":233,"column":3}}]},"76":{"type":"branch","line":227,"loc":{"start":{"line":227,"column":15},"end":{"line":227,"column":48}},"locations":[{"start":{"line":227,"column":15},"end":{"line":227,"column":48}}]},"77":{"type":"branch","line":228,"loc":{"start":{"line":228,"column":8},"end":{"line":228,"column":29}},"locations":[{"start":{"line":228,"column":8},"end":{"line":228,"column":29}}]},"78":{"type":"branch","line":228,"loc":{"start":{"line":228,"column":29},"end":{"line":230,"column":11}},"locations":[{"start":{"line":228,"column":29},"end":{"line":230,"column":11}}]},"79":{"type":"branch","line":230,"loc":{"start":{"line":230,"column":4},"end":{"line":232,"column":5}},"locations":[{"start":{"line":230,"column":4},"end":{"line":232,"column":5}}]},"80":{"type":"branch","line":251,"loc":{"start":{"line":251,"column":7},"end":{"line":342,"column":1}},"locations":[{"start":{"line":251,"column":7},"end":{"line":342,"column":1}}]},"81":{"type":"branch","line":252,"loc":{"start":{"line":252,"column":12},"end":{"line":252,"column":37}},"locations":[{"start":{"line":252,"column":12},"end":{"line":252,"column":37}}]},"82":{"type":"branch","line":252,"loc":{"start":{"line":252,"column":37},"end":{"line":252,"column":49}},"locations":[{"start":{"line":252,"column":37},"end":{"line":252,"column":49}}]},"83":{"type":"branch","line":252,"loc":{"start":{"line":252,"column":44},"end":{"line":253,"column":51}},"locations":[{"start":{"line":252,"column":44},"end":{"line":253,"column":51}}]},"84":{"type":"branch","line":252,"loc":{"start":{"line":252,"column":44},"end":{"line":253,"column":31}},"locations":[{"start":{"line":252,"column":44},"end":{"line":253,"column":31}}]},"85":{"type":"branch","line":253,"loc":{"start":{"line":253,"column":19},"end":{"line":253,"column":51}},"locations":[{"start":{"line":253,"column":19},"end":{"line":253,"column":51}}]},"86":{"type":"branch","line":253,"loc":{"start":{"line":253,"column":51},"end":{"line":253,"column":72}},"locations":[{"start":{"line":253,"column":51},"end":{"line":253,"column":72}}]},"87":{"type":"branch","line":253,"loc":{"start":{"line":253,"column":70},"end":{"line":260,"column":65}},"locations":[{"start":{"line":253,"column":70},"end":{"line":260,"column":65}}]},"88":{"type":"branch","line":253,"loc":{"start":{"line":253,"column":70},"end":{"line":256,"column":18}},"locations":[{"start":{"line":253,"column":70},"end":{"line":256,"column":18}}]},"89":{"type":"branch","line":256,"loc":{"start":{"line":256,"column":11},"end":{"line":256,"column":23}},"locations":[{"start":{"line":256,"column":11},"end":{"line":256,"column":23}}]},"90":{"type":"branch","line":256,"loc":{"start":{"line":256,"column":18},"end":{"line":260,"column":65}},"locations":[{"start":{"line":256,"column":18},"end":{"line":260,"column":65}}]},"91":{"type":"branch","line":260,"loc":{"start":{"line":260,"column":60},"end":{"line":260,"column":99}},"locations":[{"start":{"line":260,"column":60},"end":{"line":260,"column":99}}]},"92":{"type":"branch","line":261,"loc":{"start":{"line":261,"column":21},"end":{"line":261,"column":33}},"locations":[{"start":{"line":261,"column":21},"end":{"line":261,"column":33}}]},"93":{"type":"branch","line":261,"loc":{"start":{"line":261,"column":28},"end":{"line":261,"column":35}},"locations":[{"start":{"line":261,"column":28},"end":{"line":261,"column":35}}]},"94":{"type":"branch","line":268,"loc":{"start":{"line":268,"column":13},"end":{"line":342,"column":1}},"locations":[{"start":{"line":268,"column":13},"end":{"line":342,"column":1}}]},"95":{"type":"branch","line":268,"loc":{"start":{"line":268,"column":13},"end":{"line":271,"column":3}},"locations":[{"start":{"line":268,"column":13},"end":{"line":271,"column":3}}]},"96":{"type":"branch","line":271,"loc":{"start":{"line":271,"column":2},"end":{"line":298,"column":48}},"locations":[{"start":{"line":271,"column":2},"end":{"line":298,"column":48}}]},"97":{"type":"branch","line":298,"loc":{"start":{"line":298,"column":48},"end":{"line":307,"column":3}},"locations":[{"start":{"line":298,"column":48},"end":{"line":307,"column":3}}]},"98":{"type":"branch","line":300,"loc":{"start":{"line":300,"column":11},"end":{"line":306,"column":5}},"locations":[{"start":{"line":300,"column":11},"end":{"line":306,"column":5}}]},"99":{"type":"branch","line":307,"loc":{"start":{"line":307,"column":2},"end":{"line":323,"column":3}},"locations":[{"start":{"line":307,"column":2},"end":{"line":323,"column":3}}]},"100":{"type":"branch","line":307,"loc":{"start":{"line":307,"column":2},"end":{"line":311,"column":16}},"locations":[{"start":{"line":307,"column":2},"end":{"line":311,"column":16}}]},"101":{"type":"branch","line":311,"loc":{"start":{"line":311,"column":16},"end":{"line":323,"column":3}},"locations":[{"start":{"line":311,"column":16},"end":{"line":323,"column":3}}]},"102":{"type":"branch","line":316,"loc":{"start":{"line":316,"column":37},"end":{"line":316,"column":48}},"locations":[{"start":{"line":316,"column":37},"end":{"line":316,"column":48}}]},"103":{"type":"branch","line":317,"loc":{"start":{"line":317,"column":59},"end":{"line":317,"column":71}},"locations":[{"start":{"line":317,"column":59},"end":{"line":317,"column":71}}]},"104":{"type":"branch","line":318,"loc":{"start":{"line":318,"column":65},"end":{"line":318,"column":77}},"locations":[{"start":{"line":318,"column":65},"end":{"line":318,"column":77}}]},"105":{"type":"branch","line":323,"loc":{"start":{"line":323,"column":2},"end":{"line":342,"column":1}},"locations":[{"start":{"line":323,"column":2},"end":{"line":342,"column":1}}]},"106":{"type":"branch","line":323,"loc":{"start":{"line":323,"column":2},"end":{"line":332,"column":3}},"locations":[{"start":{"line":323,"column":2},"end":{"line":332,"column":3}}]},"107":{"type":"branch","line":323,"loc":{"start":{"line":323,"column":2},"end":{"line":327,"column":18}},"locations":[{"start":{"line":323,"column":2},"end":{"line":327,"column":18}}]},"108":{"type":"branch","line":327,"loc":{"start":{"line":327,"column":18},"end":{"line":332,"column":3}},"locations":[{"start":{"line":327,"column":18},"end":{"line":332,"column":3}}]},"109":{"type":"branch","line":332,"loc":{"start":{"line":332,"column":2},"end":{"line":342,"column":1}},"locations":[{"start":{"line":332,"column":2},"end":{"line":342,"column":1}}]},"110":{"type":"branch","line":332,"loc":{"start":{"line":332,"column":2},"end":{"line":336,"column":12}},"locations":[{"start":{"line":332,"column":2},"end":{"line":336,"column":12}}]},"111":{"type":"branch","line":336,"loc":{"start":{"line":336,"column":12},"end":{"line":339,"column":3}},"locations":[{"start":{"line":336,"column":12},"end":{"line":339,"column":3}}]},"112":{"type":"branch","line":339,"loc":{"start":{"line":339,"column":2},"end":{"line":342,"column":1}},"locations":[{"start":{"line":339,"column":2},"end":{"line":342,"column":1}}]},"113":{"type":"branch","line":344,"loc":{"start":{"line":344,"column":7},"end":{"line":403,"column":1}},"locations":[{"start":{"line":344,"column":7},"end":{"line":403,"column":1}}]},"114":{"type":"branch","line":345,"loc":{"start":{"line":345,"column":21},"end":{"line":345,"column":32}},"locations":[{"start":{"line":345,"column":21},"end":{"line":345,"column":32}}]},"115":{"type":"branch","line":348,"loc":{"start":{"line":348,"column":12},"end":{"line":356,"column":3}},"locations":[{"start":{"line":348,"column":12},"end":{"line":356,"column":3}}]},"116":{"type":"branch","line":356,"loc":{"start":{"line":356,"column":2},"end":{"line":360,"column":34}},"locations":[{"start":{"line":356,"column":2},"end":{"line":360,"column":34}}]},"117":{"type":"branch","line":360,"loc":{"start":{"line":360,"column":22},"end":{"line":360,"column":60}},"locations":[{"start":{"line":360,"column":22},"end":{"line":360,"column":60}}]},"118":{"type":"branch","line":360,"loc":{"start":{"line":360,"column":55},"end":{"line":361,"column":42}},"locations":[{"start":{"line":360,"column":55},"end":{"line":361,"column":42}}]},"119":{"type":"branch","line":363,"loc":{"start":{"line":363,"column":116},"end":{"line":364,"column":36}},"locations":[{"start":{"line":363,"column":116},"end":{"line":364,"column":36}}]},"120":{"type":"branch","line":366,"loc":{"start":{"line":366,"column":15},"end":{"line":366,"column":42}},"locations":[{"start":{"line":366,"column":15},"end":{"line":366,"column":42}}]},"121":{"type":"branch","line":366,"loc":{"start":{"line":366,"column":23},"end":{"line":366,"column":61}},"locations":[{"start":{"line":366,"column":23},"end":{"line":366,"column":61}}]},"122":{"type":"branch","line":366,"loc":{"start":{"line":366,"column":61},"end":{"line":374,"column":3}},"locations":[{"start":{"line":366,"column":61},"end":{"line":374,"column":3}}]},"123":{"type":"branch","line":374,"loc":{"start":{"line":374,"column":2},"end":{"line":384,"column":3}},"locations":[{"start":{"line":374,"column":2},"end":{"line":384,"column":3}}]},"124":{"type":"branch","line":384,"loc":{"start":{"line":384,"column":2},"end":{"line":403,"column":1}},"locations":[{"start":{"line":384,"column":2},"end":{"line":403,"column":1}}]},"125":{"type":"branch","line":405,"loc":{"start":{"line":405,"column":7},"end":{"line":426,"column":1}},"locations":[{"start":{"line":405,"column":7},"end":{"line":426,"column":1}}]},"126":{"type":"branch","line":410,"loc":{"start":{"line":410,"column":17},"end":{"line":410,"column":40}},"locations":[{"start":{"line":410,"column":17},"end":{"line":410,"column":40}}]},"127":{"type":"branch","line":410,"loc":{"start":{"line":410,"column":40},"end":{"line":414,"column":3}},"locations":[{"start":{"line":410,"column":40},"end":{"line":414,"column":3}}]},"128":{"type":"branch","line":419,"loc":{"start":{"line":419,"column":32},"end":{"line":419,"column":66}},"locations":[{"start":{"line":419,"column":32},"end":{"line":419,"column":66}}]},"129":{"type":"branch","line":419,"loc":{"start":{"line":419,"column":66},"end":{"line":423,"column":3}},"locations":[{"start":{"line":419,"column":66},"end":{"line":423,"column":3}}]},"130":{"type":"branch","line":428,"loc":{"start":{"line":428,"column":7},"end":{"line":436,"column":1}},"locations":[{"start":{"line":428,"column":7},"end":{"line":436,"column":1}}]},"131":{"type":"branch","line":429,"loc":{"start":{"line":429,"column":28},"end":{"line":429,"column":62}},"locations":[{"start":{"line":429,"column":28},"end":{"line":429,"column":62}}]},"132":{"type":"branch","line":429,"loc":{"start":{"line":429,"column":60},"end":{"line":430,"column":15}},"locations":[{"start":{"line":429,"column":60},"end":{"line":430,"column":15}}]},"133":{"type":"branch","line":430,"loc":{"start":{"line":430,"column":6},"end":{"line":430,"column":42}},"locations":[{"start":{"line":430,"column":6},"end":{"line":430,"column":42}}]},"134":{"type":"branch","line":430,"loc":{"start":{"line":430,"column":42},"end":{"line":436,"column":1}},"locations":[{"start":{"line":430,"column":42},"end":{"line":436,"column":1}}]},"135":{"type":"branch","line":432,"loc":{"start":{"line":432,"column":34},"end":{"line":433,"column":72}},"locations":[{"start":{"line":432,"column":34},"end":{"line":433,"column":72}}]},"136":{"type":"branch","line":438,"loc":{"start":{"line":438,"column":7},"end":{"line":443,"column":1}},"locations":[{"start":{"line":438,"column":7},"end":{"line":443,"column":1}}]},"137":{"type":"branch","line":439,"loc":{"start":{"line":439,"column":19},"end":{"line":439,"column":26}},"locations":[{"start":{"line":439,"column":19},"end":{"line":439,"column":26}}]},"138":{"type":"branch","line":440,"loc":{"start":{"line":440,"column":12},"end":{"line":440,"column":34}},"locations":[{"start":{"line":440,"column":12},"end":{"line":440,"column":34}}]},"139":{"type":"branch","line":440,"loc":{"start":{"line":440,"column":26},"end":{"line":440,"column":50}},"locations":[{"start":{"line":440,"column":26},"end":{"line":440,"column":50}}]},"140":{"type":"branch","line":440,"loc":{"start":{"line":440,"column":40},"end":{"line":440,"column":63}},"locations":[{"start":{"line":440,"column":40},"end":{"line":440,"column":63}}]},"141":{"type":"branch","line":440,"loc":{"start":{"line":440,"column":56},"end":{"line":440,"column":74}},"locations":[{"start":{"line":440,"column":56},"end":{"line":440,"column":74}}]},"142":{"type":"branch","line":440,"loc":{"start":{"line":440,"column":74},"end":{"line":441,"column":20}},"locations":[{"start":{"line":440,"column":74},"end":{"line":441,"column":20}}]},"143":{"type":"branch","line":440,"loc":{"start":{"line":440,"column":74},"end":{"line":440,"column":86}},"locations":[{"start":{"line":440,"column":74},"end":{"line":440,"column":86}}]},"144":{"type":"branch","line":440,"loc":{"start":{"line":440,"column":81},"end":{"line":441,"column":20}},"locations":[{"start":{"line":440,"column":81},"end":{"line":441,"column":20}}]},"145":{"type":"branch","line":441,"loc":{"start":{"line":441,"column":12},"end":{"line":441,"column":37}},"locations":[{"start":{"line":441,"column":12},"end":{"line":441,"column":37}}]},"146":{"type":"branch","line":441,"loc":{"start":{"line":441,"column":26},"end":{"line":441,"column":50}},"locations":[{"start":{"line":441,"column":26},"end":{"line":441,"column":50}}]},"147":{"type":"branch","line":441,"loc":{"start":{"line":441,"column":43},"end":{"line":441,"column":60}},"locations":[{"start":{"line":441,"column":43},"end":{"line":441,"column":60}}]},"148":{"type":"branch","line":441,"loc":{"start":{"line":441,"column":60},"end":{"line":441,"column":73}},"locations":[{"start":{"line":441,"column":60},"end":{"line":441,"column":73}}]},"149":{"type":"branch","line":441,"loc":{"start":{"line":441,"column":67},"end":{"line":443,"column":1}},"locations":[{"start":{"line":441,"column":67},"end":{"line":443,"column":1}}]},"150":{"type":"branch","line":445,"loc":{"start":{"line":445,"column":7},"end":{"line":447,"column":1}},"locations":[{"start":{"line":445,"column":7},"end":{"line":447,"column":1}}]},"151":{"type":"branch","line":446,"loc":{"start":{"line":446,"column":9},"end":{"line":446,"column":20}},"locations":[{"start":{"line":446,"column":9},"end":{"line":446,"column":20}}]},"152":{"type":"branch","line":446,"loc":{"start":{"line":446,"column":13},"end":{"line":446,"column":25}},"locations":[{"start":{"line":446,"column":13},"end":{"line":446,"column":25}}]},"153":{"type":"branch","line":449,"loc":{"start":{"line":449,"column":7},"end":{"line":463,"column":1}},"locations":[{"start":{"line":449,"column":7},"end":{"line":463,"column":1}}]},"154":{"type":"branch","line":450,"loc":{"start":{"line":450,"column":74},"end":{"line":450,"column":103}},"locations":[{"start":{"line":450,"column":74},"end":{"line":450,"column":103}}]},"155":{"type":"branch","line":451,"loc":{"start":{"line":451,"column":20},"end":{"line":451,"column":92}},"locations":[{"start":{"line":451,"column":20},"end":{"line":451,"column":92}}]},"156":{"type":"branch","line":451,"loc":{"start":{"line":451,"column":90},"end":{"line":453,"column":38}},"locations":[{"start":{"line":451,"column":90},"end":{"line":453,"column":38}}]},"157":{"type":"branch","line":453,"loc":{"start":{"line":453,"column":21},"end":{"line":453,"column":73}},"locations":[{"start":{"line":453,"column":21},"end":{"line":453,"column":73}}]},"158":{"type":"branch","line":453,"loc":{"start":{"line":453,"column":68},"end":{"line":453,"column":105}},"locations":[{"start":{"line":453,"column":68},"end":{"line":453,"column":105}}]},"159":{"type":"branch","line":454,"loc":{"start":{"line":454,"column":14},"end":{"line":454,"column":33}},"locations":[{"start":{"line":454,"column":14},"end":{"line":454,"column":33}}]},"160":{"type":"branch","line":454,"loc":{"start":{"line":454,"column":19},"end":{"line":454,"column":65}},"locations":[{"start":{"line":454,"column":19},"end":{"line":454,"column":65}}]},"161":{"type":"branch","line":454,"loc":{"start":{"line":454,"column":60},"end":{"line":454,"column":94}},"locations":[{"start":{"line":454,"column":60},"end":{"line":454,"column":94}}]},"162":{"type":"branch","line":456,"loc":{"start":{"line":456,"column":21},"end":{"line":456,"column":91}},"locations":[{"start":{"line":456,"column":21},"end":{"line":456,"column":91}}]},"163":{"type":"branch","line":456,"loc":{"start":{"line":456,"column":89},"end":{"line":458,"column":63}},"locations":[{"start":{"line":456,"column":89},"end":{"line":458,"column":63}}]},"164":{"type":"branch","line":458,"loc":{"start":{"line":458,"column":58},"end":{"line":458,"column":78}},"locations":[{"start":{"line":458,"column":58},"end":{"line":458,"column":78}}]},"165":{"type":"branch","line":459,"loc":{"start":{"line":459,"column":26},"end":{"line":459,"column":62}},"locations":[{"start":{"line":459,"column":26},"end":{"line":459,"column":62}}]},"166":{"type":"branch","line":459,"loc":{"start":{"line":459,"column":57},"end":{"line":459,"column":74}},"locations":[{"start":{"line":459,"column":57},"end":{"line":459,"column":74}}]},"167":{"type":"branch","line":460,"loc":{"start":{"line":460,"column":13},"end":{"line":460,"column":36}},"locations":[{"start":{"line":460,"column":13},"end":{"line":460,"column":36}}]},"168":{"type":"branch","line":460,"loc":{"start":{"line":460,"column":28},"end":{"line":460,"column":46}},"locations":[{"start":{"line":460,"column":28},"end":{"line":460,"column":46}}]},"169":{"type":"branch","line":460,"loc":{"start":{"line":460,"column":46},"end":{"line":463,"column":1}},"locations":[{"start":{"line":460,"column":46},"end":{"line":463,"column":1}}]},"170":{"type":"branch","line":460,"loc":{"start":{"line":460,"column":125},"end":{"line":463,"column":1}},"locations":[{"start":{"line":460,"column":125},"end":{"line":463,"column":1}}]},"171":{"type":"branch","line":465,"loc":{"start":{"line":465,"column":7},"end":{"line":469,"column":1}},"locations":[{"start":{"line":465,"column":7},"end":{"line":469,"column":1}}]},"172":{"type":"branch","line":466,"loc":{"start":{"line":466,"column":17},"end":{"line":466,"column":31}},"locations":[{"start":{"line":466,"column":17},"end":{"line":466,"column":31}}]},"173":{"type":"branch","line":467,"loc":{"start":{"line":467,"column":19},"end":{"line":467,"column":26}},"locations":[{"start":{"line":467,"column":19},"end":{"line":467,"column":26}}]},"174":{"type":"branch","line":468,"loc":{"start":{"line":468,"column":13},"end":{"line":468,"column":34}},"locations":[{"start":{"line":468,"column":13},"end":{"line":468,"column":34}}]},"175":{"type":"branch","line":471,"loc":{"start":{"line":471,"column":7},"end":{"line":475,"column":1}},"locations":[{"start":{"line":471,"column":7},"end":{"line":475,"column":1}}]},"176":{"type":"branch","line":472,"loc":{"start":{"line":472,"column":17},"end":{"line":472,"column":46}},"locations":[{"start":{"line":472,"column":17},"end":{"line":472,"column":46}}]},"177":{"type":"branch","line":472,"loc":{"start":{"line":472,"column":34},"end":{"line":472,"column":60}},"locations":[{"start":{"line":472,"column":34},"end":{"line":472,"column":60}}]},"178":{"type":"branch","line":473,"loc":{"start":{"line":473,"column":19},"end":{"line":473,"column":26}},"locations":[{"start":{"line":473,"column":19},"end":{"line":473,"column":26}}]},"179":{"type":"branch","line":474,"loc":{"start":{"line":474,"column":9},"end":{"line":474,"column":17}},"locations":[{"start":{"line":474,"column":9},"end":{"line":474,"column":17}}]},"180":{"type":"branch","line":474,"loc":{"start":{"line":474,"column":13},"end":{"line":474,"column":20}},"locations":[{"start":{"line":474,"column":13},"end":{"line":474,"column":20}}]},"181":{"type":"branch","line":477,"loc":{"start":{"line":477,"column":7},"end":{"line":487,"column":1}},"locations":[{"start":{"line":477,"column":7},"end":{"line":487,"column":1}}]},"182":{"type":"branch","line":478,"loc":{"start":{"line":478,"column":25},"end":{"line":478,"column":50}},"locations":[{"start":{"line":478,"column":25},"end":{"line":478,"column":50}}]},"183":{"type":"branch","line":478,"loc":{"start":{"line":478,"column":40},"end":{"line":478,"column":52}},"locations":[{"start":{"line":478,"column":40},"end":{"line":478,"column":52}}]},"184":{"type":"branch","line":481,"loc":{"start":{"line":481,"column":31},"end":{"line":481,"column":40}},"locations":[{"start":{"line":481,"column":31},"end":{"line":481,"column":40}}]},"185":{"type":"branch","line":482,"loc":{"start":{"line":482,"column":31},"end":{"line":482,"column":40}},"locations":[{"start":{"line":482,"column":31},"end":{"line":482,"column":40}}]},"186":{"type":"branch","line":484,"loc":{"start":{"line":484,"column":7},"end":{"line":484,"column":16}},"locations":[{"start":{"line":484,"column":7},"end":{"line":484,"column":16}}]},"187":{"type":"branch","line":484,"loc":{"start":{"line":484,"column":16},"end":{"line":485,"column":14}},"locations":[{"start":{"line":484,"column":16},"end":{"line":485,"column":14}}]},"188":{"type":"branch","line":484,"loc":{"start":{"line":484,"column":16},"end":{"line":484,"column":38}},"locations":[{"start":{"line":484,"column":16},"end":{"line":484,"column":38}}]},"189":{"type":"branch","line":485,"loc":{"start":{"line":485,"column":14},"end":{"line":485,"column":33}},"locations":[{"start":{"line":485,"column":14},"end":{"line":485,"column":33}}]},"190":{"type":"branch","line":485,"loc":{"start":{"line":485,"column":30},"end":{"line":486,"column":14}},"locations":[{"start":{"line":485,"column":30},"end":{"line":486,"column":14}}]},"191":{"type":"branch","line":486,"loc":{"start":{"line":486,"column":9},"end":{"line":486,"column":16}},"locations":[{"start":{"line":486,"column":9},"end":{"line":486,"column":16}}]},"192":{"type":"branch","line":489,"loc":{"start":{"line":489,"column":7},"end":{"line":495,"column":1}},"locations":[{"start":{"line":489,"column":7},"end":{"line":495,"column":1}}]},"193":{"type":"branch","line":490,"loc":{"start":{"line":490,"column":24},"end":{"line":493,"column":3}},"locations":[{"start":{"line":490,"column":24},"end":{"line":493,"column":3}}]},"194":{"type":"branch","line":491,"loc":{"start":{"line":491,"column":21},"end":{"line":491,"column":28}},"locations":[{"start":{"line":491,"column":21},"end":{"line":491,"column":28}}]},"195":{"type":"branch","line":492,"loc":{"start":{"line":492,"column":11},"end":{"line":492,"column":20}},"locations":[{"start":{"line":492,"column":11},"end":{"line":492,"column":20}}]},"196":{"type":"branch","line":493,"loc":{"start":{"line":493,"column":2},"end":{"line":495,"column":1}},"locations":[{"start":{"line":493,"column":2},"end":{"line":495,"column":1}}]},"197":{"type":"branch","line":497,"loc":{"start":{"line":497,"column":7},"end":{"line":503,"column":1}},"locations":[{"start":{"line":497,"column":7},"end":{"line":503,"column":1}}]},"198":{"type":"branch","line":499,"loc":{"start":{"line":499,"column":16},"end":{"line":502,"column":22}},"locations":[{"start":{"line":499,"column":16},"end":{"line":502,"column":22}}]},"199":{"type":"branch","line":499,"loc":{"start":{"line":499,"column":16},"end":{"line":499,"column":32}},"locations":[{"start":{"line":499,"column":16},"end":{"line":499,"column":32}}]},"200":{"type":"branch","line":499,"loc":{"start":{"line":499,"column":23},"end":{"line":502,"column":22}},"locations":[{"start":{"line":499,"column":23},"end":{"line":502,"column":22}}]},"201":{"type":"branch","line":502,"loc":{"start":{"line":502,"column":9},"end":{"line":502,"column":37}},"locations":[{"start":{"line":502,"column":9},"end":{"line":502,"column":37}}]},"202":{"type":"branch","line":498,"loc":{"start":{"line":498,"column":45},"end":{"line":498,"column":79}},"locations":[{"start":{"line":498,"column":45},"end":{"line":498,"column":79}}]},"203":{"type":"branch","line":501,"loc":{"start":{"line":501,"column":46},"end":{"line":501,"column":81}},"locations":[{"start":{"line":501,"column":46},"end":{"line":501,"column":81}}]},"204":{"type":"branch","line":501,"loc":{"start":{"line":501,"column":60},"end":{"line":501,"column":81}},"locations":[{"start":{"line":501,"column":60},"end":{"line":501,"column":81}}]},"205":{"type":"branch","line":505,"loc":{"start":{"line":505,"column":7},"end":{"line":512,"column":1}},"locations":[{"start":{"line":505,"column":7},"end":{"line":512,"column":1}}]},"206":{"type":"branch","line":506,"loc":{"start":{"line":506,"column":20},"end":{"line":506,"column":27}},"locations":[{"start":{"line":506,"column":20},"end":{"line":506,"column":27}}]},"207":{"type":"branch","line":507,"loc":{"start":{"line":507,"column":11},"end":{"line":507,"column":21}},"locations":[{"start":{"line":507,"column":11},"end":{"line":507,"column":21}}]},"208":{"type":"branch","line":507,"loc":{"start":{"line":507,"column":18},"end":{"line":508,"column":39}},"locations":[{"start":{"line":507,"column":18},"end":{"line":508,"column":39}}]},"209":{"type":"branch","line":508,"loc":{"start":{"line":508,"column":32},"end":{"line":508,"column":42}},"locations":[{"start":{"line":508,"column":32},"end":{"line":508,"column":42}}]},"210":{"type":"branch","line":508,"loc":{"start":{"line":508,"column":39},"end":{"line":509,"column":31}},"locations":[{"start":{"line":508,"column":39},"end":{"line":509,"column":31}}]},"211":{"type":"branch","line":509,"loc":{"start":{"line":509,"column":24},"end":{"line":509,"column":45}},"locations":[{"start":{"line":509,"column":24},"end":{"line":509,"column":45}}]},"212":{"type":"branch","line":509,"loc":{"start":{"line":509,"column":42},"end":{"line":510,"column":49}},"locations":[{"start":{"line":509,"column":42},"end":{"line":510,"column":49}}]},"213":{"type":"branch","line":510,"loc":{"start":{"line":510,"column":46},"end":{"line":512,"column":1}},"locations":[{"start":{"line":510,"column":46},"end":{"line":512,"column":1}}]},"214":{"type":"branch","line":514,"loc":{"start":{"line":514,"column":7},"end":{"line":520,"column":1}},"locations":[{"start":{"line":514,"column":7},"end":{"line":520,"column":1}}]},"215":{"type":"branch","line":515,"loc":{"start":{"line":515,"column":19},"end":{"line":515,"column":26}},"locations":[{"start":{"line":515,"column":19},"end":{"line":515,"column":26}}]},"216":{"type":"branch","line":516,"loc":{"start":{"line":516,"column":10},"end":{"line":517,"column":38}},"locations":[{"start":{"line":516,"column":10},"end":{"line":517,"column":38}}]},"217":{"type":"branch","line":516,"loc":{"start":{"line":516,"column":10},"end":{"line":516,"column":23}},"locations":[{"start":{"line":516,"column":10},"end":{"line":516,"column":23}}]},"218":{"type":"branch","line":516,"loc":{"start":{"line":516,"column":17},"end":{"line":517,"column":38}},"locations":[{"start":{"line":516,"column":17},"end":{"line":517,"column":38}}]},"219":{"type":"branch","line":517,"loc":{"start":{"line":517,"column":31},"end":{"line":517,"column":43}},"locations":[{"start":{"line":517,"column":31},"end":{"line":517,"column":43}}]},"220":{"type":"branch","line":517,"loc":{"start":{"line":517,"column":38},"end":{"line":518,"column":32}},"locations":[{"start":{"line":517,"column":38},"end":{"line":518,"column":32}}]},"221":{"type":"branch","line":518,"loc":{"start":{"line":518,"column":25},"end":{"line":518,"column":37}},"locations":[{"start":{"line":518,"column":25},"end":{"line":518,"column":37}}]},"222":{"type":"branch","line":518,"loc":{"start":{"line":518,"column":32},"end":{"line":520,"column":1}},"locations":[{"start":{"line":518,"column":32},"end":{"line":520,"column":1}}]},"223":{"type":"branch","line":522,"loc":{"start":{"line":522,"column":7},"end":{"line":551,"column":1}},"locations":[{"start":{"line":522,"column":7},"end":{"line":551,"column":1}}]},"224":{"type":"branch","line":524,"loc":{"start":{"line":524,"column":18},"end":{"line":524,"column":28}},"locations":[{"start":{"line":524,"column":18},"end":{"line":524,"column":28}}]},"225":{"type":"branch","line":526,"loc":{"start":{"line":526,"column":30},"end":{"line":526,"column":40}},"locations":[{"start":{"line":526,"column":30},"end":{"line":526,"column":40}}]},"226":{"type":"branch","line":544,"loc":{"start":{"line":544,"column":32},"end":{"line":549,"column":3}},"locations":[{"start":{"line":544,"column":32},"end":{"line":549,"column":3}}]},"227":{"type":"branch","line":545,"loc":{"start":{"line":545,"column":21},"end":{"line":548,"column":5}},"locations":[{"start":{"line":545,"column":21},"end":{"line":548,"column":5}}]},"228":{"type":"branch","line":553,"loc":{"start":{"line":553,"column":7},"end":{"line":558,"column":1}},"locations":[{"start":{"line":553,"column":7},"end":{"line":558,"column":1}}]},"229":{"type":"branch","line":555,"loc":{"start":{"line":555,"column":18},"end":{"line":555,"column":30}},"locations":[{"start":{"line":555,"column":18},"end":{"line":555,"column":30}}]},"230":{"type":"branch","line":555,"loc":{"start":{"line":555,"column":25},"end":{"line":557,"column":34}},"locations":[{"start":{"line":555,"column":25},"end":{"line":557,"column":34}}]},"231":{"type":"branch","line":557,"loc":{"start":{"line":557,"column":30},"end":{"line":557,"column":39}},"locations":[{"start":{"line":557,"column":30},"end":{"line":557,"column":39}}]},"232":{"type":"branch","line":560,"loc":{"start":{"line":560,"column":7},"end":{"line":565,"column":1}},"locations":[{"start":{"line":560,"column":7},"end":{"line":565,"column":1}}]},"233":{"type":"branch","line":562,"loc":{"start":{"line":562,"column":15},"end":{"line":562,"column":32}},"locations":[{"start":{"line":562,"column":15},"end":{"line":562,"column":32}}]},"234":{"type":"branch","line":564,"loc":{"start":{"line":564,"column":23},"end":{"line":564,"column":31}},"locations":[{"start":{"line":564,"column":23},"end":{"line":564,"column":31}}]}},"b":{"0":[7],"1":[0],"2":[0],"3":[0],"4":[69],"5":[0],"6":[6],"7":[1],"8":[6],"9":[1],"10":[5],"11":[3],"12":[2],"13":[1],"14":[0],"15":[6],"16":[211],"17":[6],"18":[205],"19":[4],"20":[2],"21":[0],"22":[207],"23":[179],"24":[14],"25":[193],"26":[165],"27":[14],"28":[179],"29":[6],"30":[0],"31":[6],"32":[8],"33":[16],"34":[0],"35":[6],"36":[16],"37":[166],"38":[0],"39":[6],"40":[4],"41":[14],"42":[14],"43":[28],"44":[12],"45":[0],"46":[6],"47":[6],"48":[1],"49":[12],"50":[1],"51":[0],"52":[0],"53":[2],"54":[2],"55":[4],"56":[2],"57":[4],"58":[0],"59":[2],"60":[4],"61":[236],"62":[235],"63":[29],"64":[211],"65":[207],"66":[202],"67":[202],"68":[15],"69":[5],"70":[1],"71":[4],"72":[3],"73":[1],"74":[42],"75":[136],"76":[0],"77":[94],"78":[4],"79":[132],"80":[617],"81":[555],"82":[120],"83":[567],"84":[497],"85":[428],"86":[428],"87":[367],"88":[69],"89":[5],"90":[64],"91":[64],"92":[0],"93":[64],"94":[367],"95":[19],"96":[45],"97":[251],"98":[9],"99":[355],"100":[36],"101":[20],"102":[0],"103":[0],"104":[0],"105":[352],"106":[58],"107":[16],"108":[13],"109":[48],"110":[3],"111":[0],"112":[3],"113":[12],"114":[0],"115":[3],"116":[9],"117":[3],"118":[6],"119":[7],"120":[9],"121":[6],"122":[5],"123":[4],"124":[0],"125":[27],"126":[0],"127":[0],"128":[0],"129":[0],"130":[5],"131":[1],"132":[4],"133":[3],"134":[2],"135":[1],"136":[68],"137":[22],"138":[36],"139":[35],"140":[35],"141":[35],"142":[38],"143":[33],"144":[35],"145":[23],"146":[23],"147":[23],"148":[35],"149":[0],"150":[2],"151":[1],"152":[1],"153":[28],"154":[27],"155":[1],"156":[27],"157":[27],"158":[27],"159":[27],"160":[27],"161":[27],"162":[0],"163":[27],"164":[1],"165":[27],"166":[1],"167":[26],"168":[26],"169":[26],"170":[1],"171":[28],"172":[0],"173":[0],"174":[0],"175":[127],"176":[2],"177":[1],"178":[1],"179":[126],"180":[1],"181":[35],"182":[1],"183":[1],"184":[0],"185":[0],"186":[1],"187":[34],"188":[1],"189":[0],"190":[34],"191":[0],"192":[86],"193":[103],"194":[49],"195":[49],"196":[37],"197":[42],"198":[41],"199":[11],"200":[31],"201":[0],"202":[64],"203":[32],"204":[0],"205":[20],"206":[0],"207":[1],"208":[19],"209":[13],"210":[6],"211":[0],"212":[6],"213":[
[...]
end":{"line":187,"column":20}},"187":{"start":{"line":188,"column":0},"end":{"line":188,"column":52}},"188":{"start":{"line":189,"column":0},"end":{"line":189,"column":20}},"189":{"start":{"line":190,"column":0},"end":{"line":190,"column":52}},"190":{"start":{"line":191,"column":0},"end":{"line":191,"column":20}},"191":{"start":{"line":192,"column":0},"end":{"line":192,"column":52}},"192":{"start":{"line":193,"column":0},"end":{"line":193,"column":20}},"193":{"start":{"line":194,"column":0},"end":{"line":194,"column":36}},"194":{"start":{"line":195,"column":0},"end":{"line":195,"column":20}},"195":{"start":{"line":196,"column":0},"end":{"line":196,"column":36}},"196":{"start":{"line":197,"column":0},"end":{"line":197,"column":20}},"197":{"start":{"line":198,"column":0},"end":{"line":198,"column":36}},"198":{"start":{"line":199,"column":0},"end":{"line":199,"column":20}},"199":{"start":{"line":200,"column":0},"end":{"line":200,"column":36}},"200":{"start":{"line":201,"column":0},"end":{"line":201,"column":20}},"201":{"start":{"line":202,"column":0},"end":{"line":202,"column":36}},"202":{"start":{"line":203,"column":0},"end":{"line":203,"column":20}},"203":{"start":{"line":204,"column":0},"end":{"line":204,"column":46}},"204":{"start":{"line":205,"column":0},"end":{"line":205,"column":20}},"205":{"start":{"line":206,"column":0},"end":{"line":206,"column":36}},"206":{"start":{"line":207,"column":0},"end":{"line":207,"column":36}},"207":{"start":{"line":208,"column":0},"end":{"line":208,"column":5}},"209":{"start":{"line":210,"column":0},"end":{"line":210,"column":65}},"210":{"start":{"line":211,"column":0},"end":{"line":211,"column":16}},"211":{"start":{"line":212,"column":0},"end":{"line":212,"column":32}},"212":{"start":{"line":213,"column":0},"end":{"line":213,"column":16}},"213":{"start":{"line":214,"column":0},"end":{"line":214,"column":32}},"214":{"start":{"line":215,"column":0},"end":{"line":215,"column":16}},"215":{"start":{"line":216,"column":0},"end":{"line":216,"column":46}},"216":{"start":{"line":217,"column":0},"end":{"line":217,"column":16}},"217":{"start":{"line":218,"column":0},"end":{"line":218,"column":46}},"218":{"start":{"line":219,"column":0},"end":{"line":219,"column":16}},"219":{"start":{"line":220,"column":0},"end":{"line":220,"column":42}},"220":{"start":{"line":221,"column":0},"end":{"line":221,"column":16}},"221":{"start":{"line":222,"column":0},"end":{"line":222,"column":44}},"222":{"start":{"line":223,"column":0},"end":{"line":223,"column":16}},"223":{"start":{"line":224,"column":0},"end":{"line":224,"column":32}},"225":{"start":{"line":226,"column":0},"end":{"line":226,"column":15}},"226":{"start":{"line":227,"column":0},"end":{"line":227,"column":1}},"228":{"start":{"line":229,"column":0},"end":{"line":229,"column":62}},"229":{"start":{"line":230,"column":0},"end":{"line":230,"column":61}},"230":{"start":{"line":231,"column":0},"end":{"line":231,"column":72}},"231":{"start":{"line":232,"column":0},"end":{"line":232,"column":78}},"232":{"start":{"line":233,"column":0},"end":{"line":233,"column":26}},"233":{"start":{"line":234,"column":0},"end":{"line":234,"column":9}},"234":{"start":{"line":235,"column":0},"end":{"line":235,"column":5}},"235":{"start":{"line":236,"column":0},"end":{"line":236,"column":75}},"236":{"start":{"line":237,"column":0},"end":{"line":237,"column":1}},"238":{"start":{"line":239,"column":0},"end":{"line":239,"column":68}},"239":{"start":{"line":240,"column":0},"end":{"line":240,"column":55}},"240":{"start":{"line":241,"column":0},"end":{"line":241,"column":57}},"241":{"start":{"line":242,"column":0},"end":{"line":242,"column":58}},"242":{"start":{"line":243,"column":0},"end":{"line":243,"column":60}},"244":{"start":{"line":245,"column":0},"end":{"line":245,"column":52}},"245":{"start":{"line":246,"column":0},"end":{"line":246,"column":76}},"246":{"start":{"line":247,"column":0},"end":{"line":247,"column":5}},"248":{"start":{"line":249,"column":0},"end":{"line":249,"column":41}},"249":{"start":{"line":250,"column":0},"end":{"line":250,"column":31}},"251":{"start":{"line":252,"column":0},"end":{"line":252,"column":42}},"252":{"start":{"line":253,"column":0},"end":{"line":253,"column":71}},"253":{"start":{"line":254,"column":0},"end":{"line":254,"column":77}},"254":{"start":{"line":255,"column":0},"end":{"line":255,"column":9}},"256":{"start":{"line":257,"column":0},"end":{"line":257,"column":53}},"257":{"start":{"line":258,"column":0},"end":{"line":258,"column":38}},"258":{"start":{"line":259,"column":0},"end":{"line":259,"column":89}},"259":{"start":{"line":260,"column":0},"end":{"line":260,"column":9}},"261":{"start":{"line":262,"column":0},"end":{"line":262,"column":61}},"262":{"start":{"line":263,"column":0},"end":{"line":263,"column":63}},"263":{"start":{"line":264,"column":0},"end":{"line":264,"column":57}},"264":{"start":{"line":265,"column":0},"end":{"line":265,"column":58}},"265":{"start":{"line":266,"column":0},"end":{"line":266,"column":60}},"266":{"start":{"line":267,"column":0},"end":{"line":267,"column":58}},"267":{"start":{"line":268,"column":0},"end":{"line":268,"column":38}},"268":{"start":{"line":269,"column":0},"end":{"line":269,"column":47}},"270":{"start":{"line":271,"column":0},"end":{"line":271,"column":102}},"271":{"start":{"line":272,"column":0},"end":{"line":272,"column":85}},"273":{"start":{"line":274,"column":0},"end":{"line":274,"column":50}},"274":{"start":{"line":275,"column":0},"end":{"line":275,"column":90}},"275":{"start":{"line":276,"column":0},"end":{"line":276,"column":9}},"276":{"start":{"line":277,"column":0},"end":{"line":277,"column":76}},"277":{"start":{"line":278,"column":0},"end":{"line":278,"column":75}},"278":{"start":{"line":279,"column":0},"end":{"line":279,"column":9}},"280":{"start":{"line":281,"column":0},"end":{"line":281,"column":67}},"281":{"start":{"line":282,"column":0},"end":{"line":282,"column":68}},"282":{"start":{"line":283,"column":0},"end":{"line":283,"column":80}},"283":{"start":{"line":284,"column":0},"end":{"line":284,"column":51}},"284":{"start":{"line":285,"column":0},"end":{"line":285,"column":101}},"286":{"start":{"line":287,"column":0},"end":{"line":287,"column":22}},"287":{"start":{"line":288,"column":0},"end":{"line":288,"column":17}},"288":{"start":{"line":289,"column":0},"end":{"line":289,"column":49}},"289":{"start":{"line":290,"column":0},"end":{"line":290,"column":11}},"291":{"start":{"line":292,"column":0},"end":{"line":292,"column":55}},"292":{"start":{"line":293,"column":0},"end":{"line":293,"column":5}},"294":{"start":{"line":295,"column":0},"end":{"line":295,"column":19}},"295":{"start":{"line":296,"column":0},"end":{"line":296,"column":1}}},"s":{"14":1,"15":1,"16":1,"17":1,"18":1,"19":1,"21":1,"22":1,"24":1,"26":3,"27":3,"29":1,"30":3,"31":256,"32":256,"33":2048,"34":2048,"35":256,"36":256,"37":1,"38":1,"39":1,"41":3,"42":3,"43":3,"45":3,"46":48,"47":48,"49":3,"50":3,"52":13,"53":13,"54":13,"55":13,"57":13,"58":13,"59":13,"60":13,"61":13,"62":13,"63":13,"64":13,"65":13,"67":41,"68":41,"69":41,"70":41,"72":23,"73":23,"74":23,"75":23,"76":23,"77":23,"79":3,"80":3,"81":3,"83":9,"84":9,"85":0,"86":0,"87":9,"89":1,"90":13,"91":13,"93":13,"94":13,"95":13,"96":12,"97":12,"98":11,"99":11,"100":13,"101":4,"102":4,"104":9,"105":9,"107":1,"108":2,"109":2,"110":4,"111":4,"112":3,"114":3,"115":3,"116":3,"118":3,"119":3,"121":3,"122":2,"124":2,"125":2,"126":2,"128":2,"129":2,"130":2,"132":2,"133":2,"134":2,"136":2,"137":2,"138":2,"140":2,"141":2,"142":2,"143":2,"144":2,"145":2,"146":2,"147":2,"148":2,"149":2,"150":2,"151":2,"152":2,"153":2,"154":2,"155":2,"156":2,"157":2,"158":2,"159":2,"160":2,"161":2,"162":2,"163":2,"164":2,"165":2,"166":2,"168":1,"170":2,"171":2,"172":2,"173":2,"174":2,"175":2,"176":2,"177":2,"178":2,"179":2,"180":2,"181":2,"182":2,"183":2,"184":2,"185":2,"186":2,"187":2,"188":2,"189":2,"190":2,"191":2,"192":2,"193":2,"194":2,"195":2,"196":2,"197":2,"198":2,"199":2,"200":2,"201":2,"202":2,"203":2,"204":2,"205":2,"206":2,"207":2,"209":1,"210":1,"211":1,"212":1,"213":1,"214":1,"215":1,"216":1,"217":1,"218":1,"219":1,"220":1,"221":1,"222":1,"223":1,"225":1,"226":1,"228":1,"229":1,"230":1,"231":1,"232":1,"233":1,"234":1,"235":0,"236":0,"238":1,"239":1,"240":1,"241":1,"242":1,"244":1,"245":0,"246":0,"248":1,"249":1,"251":1,"252":2,"253":0,"254":0,"256":2,"257":2,"258":0,"259":0,"261":2,"262":2,"263":2,"264":2,"265":2,"266":2,"267":2,"268":2,"270":2,"271":2,"273":2,"274":0,"275":0,"276":2,"277":0,"278":0,"280":2,"281":2,"282":2,"283":2,"284":2,"286":2,"287":2,"288":2,"289":2,"291":2,"292":2,"294":1,"295":1},"branchMap":{"0":{"type":"branch","line":27,"loc":{"start":{"line":27,"column":0},"end":{"line":40,"column":1}},"locations":[{"start":{"line":27,"column":0},"end":{"line":40,"column":1}}]},"1":{"type":"branch","line":28,"loc":{"start":{"line":28,"column":18},"end":{"line":28,"column":34}},"locations":[{"start":{"line":28,"column":18},"end":{"line":28,"column":34}}]},"2":{"type":"branch","line":28,"loc":{"start":{"line":28,"column":25},"end":{"line":31,"column":34}},"locations":[{"start":{"line":28,"column":25},"end":{"line":31,"column":34}}]},"3":{"type":"branch","line":31,"loc":{"start":{"line":31,"column":34},"end":{"line":37,"column":5}},"locations":[{"start":{"line":31,"column":34},"end":{"line":37,"column":5}}]},"4":{"type":"branch","line":33,"loc":{"start":{"line":33,"column":36},"end":{"line":35,"column":9}},"locations":[{"start":{"line":33,"column":36},"end":{"line":35,"column":9}}]},"5":{"type":"branch","line":34,"loc":{"start":{"line":34,"column":21},"end":{"line":34,"column":54}},"locations":[{"start":{"line":34,"column":21},"end":{"line":34,"column":54}}]},"6":{"type":"branch","line":34,"loc":{"start":{"line":34,"column":47},"end":{"line":34,"column":63}},"locations":[{"start":{"line":34,"column":47},"end":{"line":34,"column":63}}]},"7":{"type":"branch","line":37,"loc":{"start":{"line":37,"column":4},"end":{"line":40,"column":1}},"locations":[{"start":{"line":37,"column":4},"end":{"line":40,"column":1}}]},"8":{"type":"branch","line":42,"loc":{"start":{"line":42,"column":0},"end":{"line":51,"column":1}},"locations":[{"start":{"line":42,"column":0},"end":{"line":51,"column":1}}]},"9":{"type":"branch","line":46,"loc":{"start":{"line":46,"column":29},"end":{"line":48,"column":5}},"locations":[{"start":{"line":46,"column":29},"end":{"line":48,"column":5}}]},"10":{"type":"branch","line":53,"loc":{"start":{"line":53,"column":0},"end":{"line":56,"column":1}},"locations":[{"start":{"line":53,"column":0},"end":{"line":56,"column":1}}]},"11":{"type":"branch","line":54,"loc":{"start":{"line":54,"column":34},"end":{"line":54,"column":91}},"locations":[{"start":{"line":54,"column":34},"end":{"line":54,"column":91}}]},"12":{"type":"branch","line":58,"loc":{"start":{"line":58,"column":0},"end":{"line":66,"column":1}},"locations":[{"start":{"line":58,"column":0},"end":{"line":66,"column":1}}]},"13":{"type":"branch","line":59,"loc":{"start":{"line":59,"column":34},"end":{"line":59,"column":91}},"locations":[{"start":{"line":59,"column":34},"end":{"line":59,"column":91}}]},"14":{"type":"branch","line":68,"loc":{"start":{"line":68,"column":0},"end":{"line":71,"column":1}},"locations":[{"start":{"line":68,"column":0},"end":{"line":71,"column":1}}]},"15":{"type":"branch","line":73,"loc":{"start":{"line":73,"column":0},"end":{"line":78,"column":1}},"locations":[{"start":{"line":73,"column":0},"end":{"line":78,"column":1}}]},"16":{"type":"branch","line":80,"loc":{"start":{"line":80,"column":0},"end":{"line":82,"column":1}},"locations":[{"start":{"line":80,"column":0},"end":{"line":82,"column":1}}]},"17":{"type":"branch","line":81,"loc":{"start":{"line":81,"column":57},"end":{"line":81,"column":66}},"locations":[{"start":{"line":81,"column":57},"end":{"line":81,"column":66}}]},"18":{"type":"branch","line":84,"loc":{"start":{"line":84,"column":0},"end":{"line":88,"column":1}},"locations":[{"start":{"line":84,"column":0},"end":{"line":88,"column":1}}]},"19":{"type":"branch","line":85,"loc":{"start":{"line":85,"column":69},"end":{"line":87,"column":5}},"locations":[{"start":{"line":85,"column":69},"end":{"line":87,"column":5}}]},"20":{"type":"branch","line":90,"loc":{"start":{"line":90,"column":7},"end":{"line":106,"column":1}},"locations":[{"start":{"line":90,"column":7},"end":{"line":106,"column":1}}]},"21":{"type":"branch","line":91,"loc":{"start":{"line":91,"column":30},"end":{"line":91,"column":40}},"locations":[{"start":{"line":91,"column":30},"end":{"line":91,"column":40}}]},"22":{"type":"branch","line":96,"loc":{"start":{"line":96,"column":33},"end":{"line":97,"column":35}},"locations":[{"start":{"line":96,"column":33},"end":{"line":97,"column":35}}]},"23":{"type":"branch","line":97,"loc":{"start":{"line":97,"column":31},"end":{"line":98,"column":40}},"locations":[{"start":{"line":97,"column":31},"end":{"line":98,"column":40}}]},"24":{"type":"branch","line":98,"loc":{"start":{"line":98,"column":36},"end":{"line":99,"column":36}},"locations":[{"start":{"line":98,"column":36},"end":{"line":99,"column":36}}]},"25":{"type":"branch","line":99,"loc":{"start":{"line":99,"column":32},"end":{"line":100,"column":68}},"locations":[{"start":{"line":99,"column":32},"end":{"line":100,"column":68}}]},"26":{"type":"branch","line":101,"loc":{"start":{"line":101,"column":6},"end":{"line":103,"column":5}},"locations":[{"start":{"line":101,"column":6},"end":{"line":103,"column":5}}]},"27":{"type":"branch","line":103,"loc":{"start":{"line":103,"column":4},"end":{"line":106,"column":1}},"locations":[{"start":{"line":103,"column":4},"end":{"line":106,"column":1}}]},"28":{"type":"branch","line":100,"loc":{"start":{"line":100,"column":19},"end":{"line":100,"column":67}},"locations":[{"start":{"line":100,"column":19},"end":{"line":100,"column":67}}]},"29":{"type":"branch","line":108,"loc":{"start":{"line":108,"column":7},"end":{"line":227,"column":1}},"locations":[{"start":{"line":108,"column":7},"end":{"line":227,"column":1}}]},"30":{"type":"branch","line":167,"loc":{"start":{"line":167,"column":4},"end":{"line":171,"column":57}},"locations":[{"start":{"line":167,"column":4},"end":{"line":171,"column":57}}]},"31":{"type":"branch","line":208,"loc":{"start":{"line":208,"column":4},"end":{"line":227,"column":1}},"locations":[{"start":{"line":208,"column":4},"end":{"line":227,"column":1}}]},"32":{"type":"branch","line":110,"loc":{"start":{"line":110,"column":33},"end":{"line":123,"column":5}},"locations":[{"start":{"line":110,"column":33},"end":{"line":123,"column":5}}]},"33":{"type":"branch","line":112,"loc":{"start":{"line":112,"column":33},"end":{"line":112,"column":80}},"locations":[{"start":{"line":112,"column":33},"end":{"line":112,"column":80}}]},"34":{"type":"branch","line":112,"loc":{"start":{"line":112,"column":78},"end":{"line":122,"column":41}},"locations":[{"start":{"line":112,"column":78},"end":{"line":122,"column":41}}]},"35":{"type":"branch","line":125,"loc":{"start":{"line":125,"column":38},"end":{"line":125,"column":108}},"locations":[{"start":{"line":125,"column":38},"end":{"line":125,"column":108}}]},"36":{"type":"branch","line":126,"loc":{"start":{"line":126,"column":40},"end":{"line":126,"column":90}},"locations":[{"start":{"line":126,"column":40},"end":{"line":126,"column":90}}]},"37":{"type":"branch","line":229,"loc":{"start":{"line":229,"column":0},"end":{"line":237,"column":1}},"locations":[{"start":{"line":229,"column":0},"end":{"line":237,"column":1}}]},"38":{"type":"branch","line":235,"loc":{"start":{"line":235,"column":4},"end":{"line":237,"column":1}},"locations":[{"start":{"line":235,"column":4},"end":{"line":237,"column":1}}]},"39":{"type":"branch","line":239,"loc":{"start":{"line":239,"column":7},"end":{"line":296,"column":1}},"locations":[{"start":{"line":239,"column":7},"end":{"line":296,"column":1}}]},"40":{"type":"branch","line":245,"loc":{"start":{"line":245,"column":51},"end":{"line":247,"column":5}},"locations":[{"start":{"line":245,"column":51},"end":{"line":247,"column":5}}]},"41":{"type":"branch","line":252,"loc":{"start":{"line":252,"column":41},"end":{"line":293,"column":5}},"locations":[{"start":{"line":252,"column":41},"end":{"line":293,"column":5}}]},"42":{"type":"branch","line":253,"loc":{"start":{"line":253,"column":70},"end":{"line":255,"column":9}},"locations":[{"start":{"line":253,"column":70},"end":{"line":255,"column":9}}]},"43":{"type":"branch","line":258,"loc":{"start":{"line":258,"column":37},"end":{"line":260,"column":9}},"locations":[{"start":{"line":258,"column":37},"end":{"line":260,"column":9}}]},"44":{"type":"branch","line":271,"loc":{"start":{"line":271,"column":35},"end":{"line":271,"column":102}},"locations":[{"start":{"line":271,"column":35},"end":{"line":271,"column":102}}]},"45":{"type":"branch","line":274,"loc":{"start":{"line":274,"column":49},"end":{"line":276,"column":9}},"locations":[{"start":{"line":274,"column":49},"end":{"line":276,"column":9}}]},"46":{"type":"branch","line":277,"loc":{"start":{"line":277,"column":75},"end":{"line":279,"column":9}},"locations":[{"start":{"line":277,"column":75},"end":{"line":279,"column":9}}]},"47":{"type":"branch","line":285,"loc":{"start":{"line":285,"column":35},"end":{"line":285,"column":101}},"locations":[{"start":{"line":285,"column":35},"end":{"line":285,"column":101}}]}},"b":{"0":[3],"1":[2],"2":[1],"3":[256],"4":[2048],"5":[1024],"6":[1024],"7":[1],"8":[3],"9":[48],"10":[13],"11":[0],"12":[13],"13":[0],"14":[41],"15":[23],"16":[3],"17":[0],"18":[9],"19":[0],"20":[13],"21":[0],"22":[12],"23":[12],"24":[11],"25":[11],"26":[4],"27":[9],"28":[17],"29":[2],"30":[1],"31":[1],"32":[4],"33":[1],"34":[3],"35":[2],"36":[2],"37":[1],"38":[0],"39":[1],"40":[0],"41":[2],"42":[0],"43":[0],"44":[0],"45":[0],"46":[0],"47":[0]},"fnMap":{"0":{"name":"getCrcTable","decl":{"start":{"line":27,"column":0},"end":{"line":40,"column":1}},"loc":{"start":{"line":27,"column":0},"end":{"line":40,"column":1}},"line":27},"1":{"name":"crc32","decl":{"start":{"line":42,"column":0},"end":{"line":51,"column":1}},"loc":{"start":{"line":42,"column":0},"end":{"line":51,"column":1}},"line":42},"2":{"name":"readUint16","decl":{"start":{"line":53,"column":0},"end":{"line":56,"column":1}},"loc":{"start":{"line":53,"column":0},"end":{"line":56,"column":1}},"line":53},"3":{"name":"readUint32","decl":{"start":{"line":58,"column":0},"end":{"line":66,"column":1}},"loc":{"start":{"line":58,"column":0},"end":{"line":66,"column":1}},"line":58},"4":{"name":"writeUint16","decl":{"start":{"line":68,"column":0},"end":{"line":71,"column":1}},"loc":{"start":{"line":68,"column":0},"end":{"line":71,"column":1}},"line":68},"5":{"name":"writeUint32","decl":{"start":{"line":73,"column":0},"end":{"line":78,"column":1}},"loc":{"start":{"line":73,"column":0},"end":{"line":78,"column":1}},"line":73},"6":{"name":"normalizeEntryData","decl":{"start":{"line":80,"column":0},"end":{"line":82,"column":1}},"loc":{"start":{"line":80,"column":0},"end":{"line":82,"column":1}},"line":80},"7":{"name":"assertUint32","decl":{"start":{"line":84,"column":0},"end":{"line":88,"column":1}},"loc":{"start":{"line":84,"column":0},"end":{"line":88,"column":1}},"line":84},"8":{"name":"validateZipPath","decl":{"start":{"line":90,"column":7},"end":{"line":106,"column":1}},"loc":{"start":{"line":90,"column":7},"end":{"line":106,"column":1}},"line":90},"9":{"name":"createStoredZip","decl":{"start":{"line":108,"column":7},"end":{"line":227,"column":1}},"loc":{"start":{"line":108,"column":7},"end":{"line":227,"column":1}},"line":108},"10":{"name":"findEndOfCentralDirectory","decl":{"start":{"line":229,"column":0},"end":{"line":237,"column":1}},"loc":{"start":{"line":229,"column":0},"end":{"line":237,"column":1}},"line":229},"11":{"name":"parseStoredZip","decl":{"start":{"line":239,"column":7},"end":{"line":296,"column":1}},"loc":{"start":{"line":239,"column":7},"end":{"line":296,"column":1}},"line":239}},"f":{"0":3,"1":3,"2":13,"3":13,"4":41,"5":23,"6":3,"7":9,"8":13,"9":2,"10":1,"11":1}}
}
