{"D:\\A DATOS\\PROYECTOS\\GOBERNANTES_HISPANOS\\lib\\data.ts": {"path":"D:\\A DATOS\\PROYECTOS\\GOBERNANTES_HISPANOS\\lib\\data.ts","all":false,"statementMap":{"3":{"start":{"line":4,"column":0},"end":{"line":4,"column":68}},"4":{"start":{"line":5,"column":0},"end":{"line":5,"column":71}},"6":{"start":{"line":7,"column":0},"end":{"line":7,"column":41}},"7":{"start":{"line":8,"column":0},"end":{"line":8,"column":1}},"9":{"start":{"line":10,"column":0},"end":{"line":10,"column":45}},"10":{"start":{"line":11,"column":0},"end":{"line":11,"column":7}},"11":{"start":{"line":12,"column":0},"end":{"line":12,"column":49}},"12":{"start":{"line":13,"column":0},"end":{"line":13,"column":20}},"13":{"start":{"line":14,"column":0},"end":{"line":14,"column":57}},"14":{"start":{"line":15,"column":0},"end":{"line":15,"column":3}},"15":{"start":{"line":16,"column":0},"end":{"line":16,"column":1}},"17":{"start":{"line":18,"column":0},"end":{"line":18,"column":80}},"18":{"start":{"line":19,"column":0},"end":{"line":19,"column":48}},"19":{"start":{"line":20,"column":0},"end":{"line":20,"column":40}},"20":{"start":{"line":21,"column":0},"end":{"line":21,"column":40}},"21":{"start":{"line":22,"column":0},"end":{"line":22,"column":15}},"22":{"start":{"line":23,"column":0},"end":{"line":23,"column":24}},"23":{"start":{"line":24,"column":0},"end":{"line":24,"column":31}},"24":{"start":{"line":25,"column":0},"end":{"line":25,"column":12}},"25":{"start":{"line":26,"column":0},"end":{"line":26,"column":13}},"26":{"start":{"line":27,"column":0},"end":{"line":27,"column":27}},"27":{"start":{"line":28,"column":0},"end":{"line":28,"column":1}},"31":{"start":{"line":32,"column":0},"end":{"line":32,"column":40}},"32":{"start":{"line":33,"column":0},"end":{"line":33,"column":35}},"34":{"start":{"line":35,"column":0},"end":{"line":35,"column":25}},"35":{"start":{"line":36,"column":0},"end":{"line":36,"column":84}},"36":{"start":{"line":37,"column":0},"end":{"line":37,"column":80}},"38":{"start":{"line":39,"column":0},"end":{"line":39,"column":18}},"39":{"start":{"line":40,"column":0},"end":{"line":40,"column":68}},"40":{"start":{"line":41,"column":0},"end":{"line":41,"column":30}},"43":{"start":{"line":44,"column":0},"end":{"line":44,"column":47}},"44":{"start":{"line":45,"column":0},"end":{"line":45,"column":29}},"45":{"start":{"line":46,"column":0},"end":{"line":46,"column":21}},"46":{"start":{"line":47,"column":0},"end":{"line":47,"column":28}},"47":{"start":{"line":48,"column":0},"end":{"line":48,"column":45}},"48":{"start":{"line":49,"column":0},"end":{"line":49,"column":12}},"49":{"start":{"line":50,"column":0},"end":{"line":50,"column":14}},"50":{"start":{"line":51,"column":0},"end":{"line":51,"column":19}},"51":{"start":{"line":52,"column":0},"end":{"line":52,"column":7}},"52":{"start":{"line":53,"column":0},"end":{"line":53,"column":15}},"53":{"start":{"line":54,"column":0},"end":{"line":54,"column":5}},"54":{"start":{"line":55,"column":0},"end":{"line":55,"column":30}},"55":{"start":{"line":56,"column":0},"end":{"line":56,"column":14}},"56":{"start":{"line":57,"column":0},"end":{"line":57,"column":12}},"57":{"start":{"line":58,"column":0},"end":{"line":58,"column":5}},"58":{"start":{"line":59,"column":0},"end":{"line":59,"column":3}},"60":{"start":{"line":61,"column":0},"end":{"line":61,"column":47}},"61":{"start":{"line":62,"column":0},"end":{"line":62,"column":92}},"63":{"start":{"line":64,"column":0},"end":{"line":64,"column":63}},"64":{"start":{"line":65,"column":0},"end":{"line":65,"column":18}},"65":{"start":{"line":66,"column":0},"end":{"line":66,"column":18}},"66":{"start":{"line":67,"column":0},"end":{"line":67,"column":43}},"67":{"start":{"line":68,"column":0},"end":{"line":68,"column":25}},"68":{"start":{"line":69,"column":0},"end":{"line":69,"column":23}},"69":{"start":{"line":70,"column":0},"end":{"line":70,"column":39}},"70":{"start":{"line":71,"column":0},"end":{"line":71,"column":14}},"71":{"start":{"line":72,"column":0},"end":{"line":72,"column":16}},"72":{"start":{"line":73,"column":0},"end":{"line":73,"column":17}},"73":{"start":{"line":74,"column":0},"end":{"line":74,"column":9}},"74":{"start":{"line":75,"column":0},"end":{"line":75,"column":40}},"75":{"start":{"line":76,"column":0},"end":{"line":76,"column":16}},"76":{"start":{"line":77,"column":0},"end":{"line":77,"column":7}},"77":{"start":{"line":78,"column":0},"end":{"line":78,"column":5}},"78":{"start":{"line":79,"column":0},"end":{"line":79,"column":17}},"79":{"start":{"line":80,"column":0},"end":{"line":80,"column":4}},"81":{"start":{"line":82,"column":0},"end":{"line":82,"column":16}},"82":{"start":{"line":83,"column":0},"end":{"line":83,"column":57}},"83":{"start":{"line":84,"column":0},"end":{"line":84,"column":57}},"85":{"start":{"line":86,"column":0},"end":{"line":86,"column":16}},"86":{"start":{"line":87,"column":0},"end":{"line":87,"column":14}},"87":{"start":{"line":88,"column":0},"end":{"line":88,"column":23}},"88":{"start":{"line":89,"column":0},"end":{"line":89,"column":14}},"89":{"start":{"line":90,"column":0},"end":{"line":90,"column":10}},"90":{"start":{"line":91,"column":0},"end":{"line":91,"column":35}},"91":{"start":{"line":92,"column":0},"end":{"line":92,"column":75}},"92":{"start":{"line":93,"column":0},"end":{"line":93,"column":20}},"93":{"start":{"line":94,"column":0},"end":{"line":94,"column":49}},"94":{"start":{"line":95,"column":0},"end":{"line":95,"column":51}},"95":{"start":{"line":96,"column":0},"end":{"line":96,"column":5}},"96":{"start":{"line":97,"column":0},"end":{"line":97,"column":30}},"97":{"start":{"line":98,"column":0},"end":{"line":98,"column":32}},"98":{"start":{"line":99,"column":0},"end":{"line":99,"column":12}},"100":{"start":{"line":101,"column":0},"end":{"line":101,"column":16}},"101":{"start":{"line":102,"column":0},"end":{"line":102,"column":5}},"102":{"start":{"line":103,"column":0},"end":{"line":103,"column":3}},"104":{"start":{"line":105,"column":0},"end":{"line":105,"column":33}},"105":{"start":{"line":106,"column":0},"end":{"line":106,"column":28}},"106":{"start":{"line":107,"column":0},"end":{"line":107,"column":17}},"107":{"start":{"line":108,"column":0},"end":{"line":108,"column":14}},"109":{"start":{"line":110,"column":0},"end":{"line":110,"column":38}},"110":{"start":{"line":111,"column":0},"end":{"line":111,"column":66}},"111":{"start":{"line":112,"column":0},"end":{"line":112,"column":62}},"112":{"start":{"line":113,"column":0},"end":{"line":113,"column":4}},"114":{"start":{"line":115,"column":0},"end":{"line":115,"column":48}},"115":{"start":{"line":116,"column":0},"end":{"line":116,"column":62}},"117":{"start":{"line":118,"column":0},"end":{"line":118,"column":21}},"118":{"start":{"line":119,"column":0},"end":{"line":119,"column":28}},"119":{"start":{"line":120,"column":0},"end":{"line":120,"column":45}},"120":{"start":{"line":121,"column":0},"end":{"line":121,"column":21}},"121":{"start":{"line":122,"column":0},"end":{"line":122,"column":12}},"122":{"start":{"line":123,"column":0},"end":{"line":123,"column":14}},"123":{"start":{"line":124,"column":0},"end":{"line":124,"column":19}},"124":{"start":{"line":125,"column":0},"end":{"line":125,"column":7}},"125":{"start":{"line":126,"column":0},"end":{"line":126,"column":15}},"126":{"start":{"line":127,"column":0},"end":{"line":127,"column":5}},"128":{"start":{"line":129,"column":0},"end":{"line":129,"column":29}},"129":{"start":{"line":130,"column":0},"end":{"line":130,"column":25}},"130":{"start":{"line":131,"column":0},"end":{"line":131,"column":17}},"131":{"start":{"line":132,"column":0},"end":{"line":132,"column":15}},"132":{"start":{"line":133,"column":0},"end":{"line":133,"column":5}},"134":{"start":{"line":135,"column":0},"end":{"line":135,"column":30}},"135":{"start":{"line":136,"column":0},"end":{"line":136,"column":25}},"136":{"start":{"line":137,"column":0},"end":{"line":137,"column":17}},"137":{"start":{"line":138,"column":0},"end":{"line":138,"column":29}},"138":{"start":{"line":139,"column":0},"end":{"line":139,"column":18}},"139":{"start":{"line":140,"column":0},"end":{"line":140,"column":15}},"140":{"start":{"line":141,"column":0},"end":{"line":141,"column":5}},"142":{"start":{"line":143,"column":0},"end":{"line":143,"column":16}},"143":{"start":{"line":144,"column":0},"end":{"line":144,"column":3}},"145":{"start":{"line":146,"column":0},"end":{"line":146,"column":99}},"148":{"start":{"line":149,"column":0},"end":{"line":149,"column":45}},"149":{"start":{"line":150,"column":0},"end":{"line":150,"column":28}},"150":{"start":{"line":151,"column":0},"end":{"line":151,"column":76}},"151":{"start":{"line":152,"column":0},"end":{"line":152,"column":13}},"152":{"start":{"line":153,"column":0},"end":{"line":153,"column":34}},"154":{"start":{"line":155,"column":0},"end":{"line":155,"column":18}},"155":{"start":{"line":156,"column":0},"end":{"line":156,"column":44}},"156":{"start":{"line":157,"column":0},"end":{"line":157,"column":28}},"157":{"start":{"line":158,"column":0},"end":{"line":158,"column":24}},"158":{"start":{"line":159,"column":0},"end":{"line":159,"column":45}},"159":{"start":{"line":160,"column":0},"end":{"line":160,"column":26}},"160":{"start":{"line":161,"column":0},"end":{"line":161,"column":29}},"161":{"start":{"line":162,"column":0},"end":{"line":162,"column":5}},"162":{"start":{"line":163,"column":0},"end":{"line":163,"column":19}},"163":{"start":{"line":164,"column":0},"end":{"line":164,"column":3}},"165":{"start":{"line":166,"column":0},"end":{"line":166,"column":79}},"166":{"start":{"line":167,"column":0},"end":{"line":167,"column":1}},"170":{"start":{"line":171,"column":0},"end":{"line":171,"column":42}},"171":{"start":{"line":172,"column":0},"end":{"line":172,"column":39}},"174":{"start":{"line":175,"column":0},"end":{"line":175,"column":37}},"175":{"start":{"line":176,"column":0},"end":{"line":176,"column":66}},"176":{"start":{"line":177,"column":0},"end":{"line":177,"column":16}},"177":{"start":{"line":178,"column":0},"end":{"line":178,"column":5}},"180":{"start":{"line":181,"column":0},"end":{"line":181,"column":63}},"181":{"start":{"line":182,"column":0},"end":{"line":182,"column":39}},"183":{"start":{"line":184,"column":0},"end":{"line":184,"column":28}},"184":{"start":{"line":185,"column":0},"end":{"line":185,"column":53}},"185":{"start":{"line":186,"column":0},"end":{"line":186,"column":5}},"187":{"start":{"line":188,"column":0},"end":{"line":188,"column":39}},"188":{"start":{"line":189,"column":0},"end":{"line":189,"column":71}},"191":{"start":{"line":192,"column":0},"end":{"line":192,"column":35}},"192":{"start":{"line":193,"column":0},"end":{"line":193,"column":32}},"193":{"start":{"line":194,"column":0},"end":{"line":194,"column":40}},"194":{"start":{"line":195,"column":0},"end":{"line":195,"column":4}},"196":{"start":{"line":197,"column":0},"end":{"line":197,"column":39}},"197":{"start":{"line":198,"column":0},"end":{"line":198,"column":38}},"198":{"start":{"line":199,"column":0},"end":{"line":199,"column":57}},"199":{"start":{"line":200,"column":0},"end":{"line":200,"column":5}},"201":{"start":{"line":202,"column":0},"end":{"line":202,"column":43}},"202":{"start":{"line":203,"column":0},"end":{"line":203,"column":1}},"206":{"start":{"line":207,"column":0},"end":{"line":207,"column":40}},"207":{"start":{"line":208,"column":0},"end":{"line":208,"column":49}},"208":{"start":{"line":209,"column":0},"end":{"line":209,"column":60}},"209":{"start":{"line":210,"column":0},"end":{"line":210,"column":47}},"210":{"start":{"line":211,"column":0},"end":{"line":211,"column":22}},"211":{"start":{"line":212,"column":0},"end":{"line":212,"column":22}},"212":{"start":{"line":213,"column":0},"end":{"line":213,"column":39}},"213":{"start":{"line":214,"column":0},"end":{"line":214,"column":1}},"215":{"start":{"line":216,"column":0},"end":{"line":216,"column":49}},"216":{"start":{"line":217,"column":0},"end":{"line":217,"column":37}},"217":{"start":{"line":218,"column":0},"end":{"line":218,"column":97}},"218":{"start":{"line":219,"column":0},"end":{"line":219,"column":14}},"219":{"start":{"line":220,"column":0},"end":{"line":220,"column":38}},"220":{"start":{"line":221,"column":0},"end":{"line":221,"column":29}},"221":{"start":{"line":222,"column":0},"end":{"line":222,"column":33}},"222":{"start":{"line":223,"column":0},"end":{"line":223,"column":48}},"223":{"start":{"line":224,"column":0},"end":{"line":224,"column":30}},"224":{"start":{"line":225,"column":0},"end":{"line":225,"column":18}},"225":{"start":{"line":226,"column":0},"end":{"line":226,"column":12}},"226":{"start":{"line":227,"column":0},"end":{"line":227,"column":18}},"227":{"start":{"line":228,"column":0},"end":{"line":228,"column":5}},"228":{"start":{"line":229,"column":0},"end":{"line":229,"column":3}},"229":{"start":{"line":230,"column":0},"end":{"line":230,"column":13}},"230":{"start":{"line":231,"column":0},"end":{"line":231,"column":1}},"236":{"start":{"line":237,"column":0},"end":{"line":237,"column":38}},"237":{"start":{"line":238,"column":0},"end":{"line":238,"column":49}},"238":{"start":{"line":239,"column":0},"end":{"line":239,"column":72}},"240":{"start":{"line":241,"column":0},"end":{"line":241,"column":30}},"241":{"start":{"line":242,"column":0},"end":{"line":242,"column":23}},"242":{"start":{"line":243,"column":0},"end":{"line":243,"column":33}},"245":{"start":{"line":246,"column":0},"end":{"line":246,"column":99}},"246":{"start":{"line":247,"column":0},"end":{"line":247,"column":35}},"250":{"start":{"line":251,"column":0},"end":{"line":251,"column":65}},"254":{"start":{"line":255,"column":0},"end":{"line":255,"column":56}},"255":{"start":{"line":256,"column":0},"end":{"line":256,"column":14}},"256":{"start":{"line":257,"column":0},"end":{"line":257,"column":34}},"257":{"start":{"line":258,"column":0},"end":{"line":258,"column":66}},"258":{"start":{"line":259,"column":0},"end":{"line":259,"column":3}},"271":{"start":{"line":272,"column":0},"end":{"line":272,"column":46}},"273":{"start":{"line":274,"column":0},"end":{"line":274,"column":92}},"275":{"start":{"line":276,"column":0},"end":{"line":276,"column":93}},"277":{"start":{"line":278,"column":0},"end":{"line":278,"column":98}},"279":{"start":{"line":280,"column":0},"end":{"line":280,"column":84}},"281":{"start":{"line":282,"column":0},"end":{"line":282,"column":83}},"283":{"start":{"line":284,"column":0},"end":{"line":284,"column":82}},"284":{"start":{"line":285,"column":0},"end":{"line":285,"column":4}},"285":{"start":{"line":286,"column":0},"end":{"line":286,"column":49}},"286":{"start":{"line":287,"column":0},"end":{"line":287,"column":30}},"287":{"start":{"line":288,"column":0},"end":{"line":288,"column":12}},"288":{"start":{"line":289,"column":0},"end":{"line":289,"column":39}},"289":{"start":{"line":290,"column":0},"end":{"line":290,"column":29}},"290":{"start":{"line":291,"column":0},"end":{"line":291,"column":45}},"291":{"start":{"line":292,"column":0},"end":{"line":292,"column":48}},"292":{"start":{"line":293,"column":0},"end":{"line":293,"column":7}},"293":{"start":{"line":294,"column":0},"end":{"line":294,"column":5}},"294":{"start":{"line":295,"column":0},"end":{"line":295,"column":3}},"297":{"start":{"line":298,"column":0},"end":{"line":298,"column":65}},"298":{"start":{"line":299,"column":0},"end":{"line":299,"column":17}},"299":{"start":{"line":300,"column":0},"end":{"line":300,"column":30}},"300":{"start":{"line":301,"column":0},"end":{"line":301,"column":38}},"301":{"start":{"line":302,"column":0},"end":{"line":302,"column":27}},"302":{"start":{"line":303,"column":0},"end":{"line":303,"column":21}},"303":{"start":{"line":304,"column":0},"end":{"line":304,"column":71}},"304":{"start":{"line":305,"column":0},"end":{"line":305,"column":77}},"306":{"start":{"line":307,"column":0},"end":{"line":307,"column":43}},"307":{"start":{"line":308,"column":0},"end":{"line":308,"column":46}},"308":{"start":{"line":309,"column":0},"end":{"line":309,"column":5}},"309":{"start":{"line":310,"column":0},"end":{"line":310,"column":3}},"312":{"start":{"line":313,"column":0},"end":{"line":313,"column":51}},"313":{"start":{"line":314,"column":0},"end":{"line":314,"column":13}},"314":{"start":{"line":315,"column":0},"end":{"line":315,"column":30}},"315":{"start":{"line":316,"column":0},"end":{"line":316,"column":66}},"316":{"start":{"line":317,"column":0},"end":{"line":317,"column":3}},"318":{"start":{"line":319,"column":0},"end":{"line":319,"column":14}},"319":{"start":{"line":320,"column":0},"end":{"line":320,"column":1}},"321":{"start":{"line":322,"column":0},"end":{"line":322,"column":57}},"323":{"start":{"line":324,"column":0},"end":{"line":324,"column":37}},"324":{"start":{"line":325,"column":0},"end":{"line":325,"column":33}},"326":{"start":{"line":327,"column":0},"end":{"line":327,"column":41}},"328":{"start":{"line":329,"column":0},"end":{"line":329,"column":35}},"329":{"start":{"line":330,"column":0},"end":{"line":330,"column":25}},"330":{"start":{"line":331,"column":0},"end":{"line":331,"column":3}},"333":{"start":{"line":334,"column":0},"end":{"line":334,"column":29}},"334":{"start":{"line":335,"column":0},"end":{"line":335,"column":27}},"335":{"start":{"line":336,"column":0},"end":{"line":336,"column":67}},"336":{"start":{"line":337,"column":0},"end":{"line":337,"column":43}},"337":{"start":{"line":338,"column":0},"end":{"line":338,"column":53}},"338":{"start":{"line":339,"column":0},"end":{"line":339,"column":37}},"339":{"start":{"line":340,"column":0},"end":{"line":340,"column":3}},"341":{"start":{"line":342,"column":0},"end":{"line":342,"column":14}},"342":{"start":{"line":343,"column":0},"end":{"line":343,"column":1}},"344":{"start":{"line":345,"column":0},"end":{"line":345,"column":43}},"345":{"start":{"line":346,"column":0},"end":{"line":346,"column":62}},"346":{"start":{"line":347,"column":0},"end":{"line":347,"column":112}},"347":{"start":{"line":348,"column":0},"end":{"line":348,"column":112}},"348":{"start":{"line":349,"column":0},"end":{"line":349,"column":105}},"349":{"start":{"line":350,"column":0},"end":{"line":350,"column":1}},"351":{"start":{"line":352,"column":0},"end":{"line":352,"column":42}},"352":{"start":{"line":353,"column":0},"end":{"line":353,"column":49}},"353":{"start":{"line":354,"column":0},"end":{"line":354,"column":86}},"354":{"start":{"line":355,"column":0},"end":{"line":355,"column":73}},"355":{"start":{"line":356,"column":0},"end":{"line":356,"column":15}},"356":{"start":{"line":357,"column":0},"end":{"line":357,"column":1}},"358":{"start":{"line":359,"column":0},"end":{"line":359,"column":44}},"359":{"start":{"line":360,"column":0},"end":{"line":360,"column":25}},"360":{"start":{"line":361,"column":0},"end":{"line":361,"column":1}},"362":{"start":{"line":363,"column":0},"end":{"line":363,"column":45}},"363":{"start":{"line":364,"column":0},"end":{"line":364,"column":105}},"364":{"start":{"line":365,"column":0},"end":{"line":365,"column":92}},"366":{"start":{"line":367,"column":0},"end":{"line":367,"column":105}},"367":{"start":{"line":368,"column":0},"end":{"line":368,"column":94}},"368":{"start":{"line":369,"column":0},"end":{"line":369,"column":45}},"369":{"start":{"line":370,"column":0},"end":{"line":370,"column":91}},"371":{"start":{"line":372,"column":0},"end":{"line":372,"column":80}},"372":{"start":{"line":373,"column":0},"end":{"line":373,"column":76}},"373":{"start":{"line":374,"column":0},"end":{"line":374,"column":127}},"375":{"start":{"line":376,"column":0},"end":{"line":376,"column":75}},"376":{"start":{"line":377,"column":0},"end":{"line":377,"column":1}},"378":{"start":{"line":379,"column":0},"end":{"line":379,"column":49}},"379":{"start":{"line":380,"column":0},"end":{"line":380,"column":31}},"380":{"start":{"line":381,"column":0},"end":{"line":381,"column":35}},"381":{"start":{"line":382,"column":0},"end":{"line":382,"column":34}},"382":{"start":{"line":383,"column":0},"end":{"line":383,"column":1}},"384":{"start":{"line":385,"column":0},"end":{"line":385,"column":39}},"385":{"start":{"line":386,"column":0},"end":{"line":386,"column":60}},"386":{"start":{"line":387,"column":0},"end":{"line":387,"column":35}},"387":{"start":{"line":388,"column":0},"end":{"line":388,"column":20}},"388":{"start":{"line":389,"column":0},"end":{"line":389,"column":1}},"390":{"start":{"line":391,"column":0},"end":{"line":391,"column":42}},"391":{"start":{"line":392,"column":0},"end":{"line":392,"column":61}},"392":{"start":{"line":393,"column":0},"end":{"line":393,"column":67}},"394":{"start":{"line":395,"column":0},"end":{"line":395,"column":43}},"395":{"start":{"line":396,"column":0},"end":{"line":396,"column":43}},"397":{"start":{"line":398,"column":0},"end":{"line":398,"column":38}},"398":{"start":{"line":399,"column":0},"end":{"line":399,"column":33}},"399":{"start":{"line":400,"column":0},"end":{"line":400,"column":16}},"400":{"start":{"line":401,"column":0},"end":{"line":401,"column":1}},"402":{"start":{"line":403,"column":0},"end":{"line":403,"column":47}},"403":{"start":{"line":404,"column":0},"end":{"line":404,"column":25}},"404":{"start":{"line":405,"column":0},"end":{"line":405,"column":37}},"405":{"start":{"line":406,"column":0},"end":{"line":406,"column":20}},"406":{"start":{"line":407,"column":0},"end":{"line":407,"column":3}},"407":{"start":{"line":408,"column":0},"end":{"line":408,"column":12}},"408":{"start":{"line":409,"column":0},"end":{"line":409,"column":1}},"410":{"start":{"line":411,"column":0},"end":{"line":411,"column":38}},"411":{"start":{"line":412,"column":0},"end":{"line":412,"column":36}},"412":{"start":{"line":413,"column":0},"end":{"line":413,"column":21}},"413":{"start":{"line":414,"column":0},"end":{"line":414,"column":42}},"414":{"start":{"line":415,"column":0},"end":{"line":415,"column":45}},"415":{"start":{"line":416,"column":0},"end":{"line":416,"column":49}},"416":{"start":{"line":417,"column":0},"end":{"line":417,"column":12}},"417":{"start":{"line":418,"column":0},"end":{"line":418,"column":1}},"419":{"start":{"line":420,"column":0},"end":{"line":420,"column":42}},"420":{"start":{"line":421,"column":0},"end":{"line":421,"column":35}},"421":{"start":{"line":422,"column":0},"end":{"line":422,"column":23}},"422":{"start":{"line":423,"column":0},"end":{"line":423,"column":43}},"423":{"start":{"line":424,"column":0},"end":{"line":424,"column":37}},"424":{"start":{"line":425,"column":0},"end":{"line":425,"column":15}},"425":{"start":{"line":426,"column":0},"end":{"line":426,"column":1}},"427":{"start":{"line":428,"column":0},"end":{"line":428,"column":33}},"428":{"start":{"line":429,"column":0},"end":{"line":429,"column":30}},"429":{"start":{"line":430,"column":0},"end":{"line":430,"column":28}},"430":{"start":{"line":431,"column":0},"end":{"line":431,"column":26}},"431":{"start":{"line":432,"column":0},"end":{"line":432,"column":40}},"432":{"start":{"line":433,"column":0},"end":{"line":433,"column":35}},"433":{"start":{"line":434,"column":0},"end":{"line":434,"column":16}},"434":{"start":{"line":435,"column":0},"end":{"line":435,"column":16}},"435":{"start":{"line":436,"column":0},"end":{"line":436,"column":15}},"436":{"start":{"line":437,"column":0},"end":{"line":437,"column":16}},"437":{"start":{"line":438,"column":0},"end":{"line":438,"column":15}},"438":{"start":{"line":439,"column":0},"end":{"line":439,"column":15}},"439":{"start":{"line":440,"column":0},"end":{"line":440,"column":14}},"440":{"start":{"line":441,"column":0},"end":{"line":441,"column":15}},"441":{"start":{"line":442,"column":0},"end":{"line":442,"column":14}},"442":{"start":{"line":443,"column":0},"end":{"line":443,"column":14}},"443":{"start":{"line":444,"column":0},"end":{"line":444,"column":13}},"444":{"start":{"line":445,"column":0},"end":{"line":445,"column":14}},"445":{"start":{"line":446,"column":0},"end":{"line":446,"column":13}},"446":{"start":{"line":447,"column":0},"end":{"line":447,"column":4}},"447":{"start":{"line":448,"column":0},"end":{"line":448,"column":13}},"448":{"start":{"line":449,"column":0},"end":{"line":449,"column":12}},"449":{"start":{"line":450,"column":0},"end":{"line":450,"column":33}},"450":{"start":{"line":451,"column":0},"end":{"line":451,"column":22}},"451":{"start":{"line":452,"column":0},"end":{"line":452,"column":15}},"452":{"start":{"line":453,"column":0},"end":{"line":453,"column":15}},"453":{"start":{"line":454,"column":0},"end":{"line":454,"column":5}},"454":{"start":{"line":455,"column":0},"end":{"line":455,"column":3}},"455":{"start":{"line":456,"column":0},"end":{"line":456,"column":11}},"456":{"start":{"line":457,"column":0},"end":{"line":457,"column":1}},"458":{"start":{"line":459,"column":0},"end":{"line":459,"column":41}},"459":{"start":{"line":460,"column":0},"end":{"line":460,"column":28}},"460":{"start":{"line":461,"column":0},"end":{"line":461,"column":30}},"461":{"start":{"line":462,"column":0},"end":{"line":462,"column":42}},"462":{"start":{"line":463,"column":0},"end":{"line":463,"column":39}},"463":{"start":{"line":464,"column":0},"end":{"line":464,"column":1}},"465":{"start":{"line":466,"column":0},"end":{"line":466,"column":44}},"466":{"start":{"line":467,"column":0},"end":{"line":467,"column":30}},"467":{"start":{"line":468,"column":0},"end":{"line":468,"column":32}},"468":{"start":{"line":469,"column":0},"end":{"line":469,"column":23}},"469":{"start":{"line":470,"column":0},"end":{"line":470,"column":31}},"470":{"start":{"line":471,"column":0},"end":{"line":471,"column":1}}},"s":{"3":1,"4":0,"6":0,"7":0,"9":1,"10":0,"11":0,"12":0,"13":0,"14":0,"15":0,"17":1,"18":0,"19":0,"20":0,"21":0,"22":0,"23":0,"24":0,"25":0,"26":0,"27":0,"31":1,"32":7,"34":7,"35":7,"36":7,"38":7,"39":7,"40":7,"43":7,"44":69,"45":69,"46":0,"47":0,"48":0,"49":0,"50":0,"51":0,"52":0,"53":0,"54":69,"55":6,"56":6,"57":6,"58":69,"60":7,"61":7,"63":6,"64":16,"65":16,"66":16,"67":166,"68":166,"69":0,"70":0,"71":0,"72":0,"73":0,"74":166,"75":6,"76":6,"77":166,"78":16,"79":16,"81":6,"82":6,"83":6,"85":7,"86":1,"87":7,"88":3,"89":5,"90":2,"91":2,"92":2,"93":2,"94":2,"95":2,"96":2,"97":2,"98":2,"100":0,"101":0,"102":2,"104":6,"105":6,"106":6,"107":6,"109":6,"110":14,"111":14,"112":14,"114":7,"115":211,"117":211,"118":4,"119":4,"120":0,"121":0,"122":4,"123":4,"124":4,"125":4,"126":4,"128":211,"129":14,"130":14,"131":14,"132":14,"134":211,"135":14,"136":14,"137":14,"138":14,"139":14,"140":14,"142":179,"143":179,"145":7,"148":6,"149":12,"150":12,"151":12,"152":6,"154":6,"155":7,"156":8,"157":8,"158":8,"159":16,"160":16,"161":16,"162":8,"163":8,"165":6,"166":6,"170":1,"171":1,"174":1,"175":2,"176":2,"177":1,"180":1,"181":1,"183":1,"184":2,"185":1,"187":1,"188":1,"191":1,"192":4,"193":4,"194":4,"196":1,"197":1,"198":2,"199":1,"201":1,"202":1,"206":1,"207":235,"208":235,"209":4,"210":14,"211":3,"212":235,"213":235,"215":9,"216":9,"217":9,"218":9,"219":9,"220":21,"221":21,"222":21,"223":21,"224":4,"225":21,"226":17,"227":17,"228":21,"229":9,"230":9,"236":1,"237":291,"238":291,"240":21,"241":41,"242":19,"245":291,"246":291,"250":291,"254":291,"255":291,"256":6,"257":6,"258":6,"271":13,"273":13,"275":13,"277":13,"279":13,"281":13,"283":13,"284":13,"285":41,"286":59,"287":59,"288":9,"289":9,"290":9,"291":9,"292":9,"293":9,"294":59,"297":4,"298":41,"299":0,"300":0,"301":0,"302":0,"303":0,"304":0,"306":0,"307":0,"308":0,"309":0,"312":4,"313":41,"314":0,"315":0,"316":0,"318":4,"319":4,"321":1,"323":27,"324":27,"326":27,"328":0,"329":0,"330":0,"333":27,"334":27,"335":27,"336":0,"337":0,"338":0,"339":0,"341":27,"342":27,"344":1,"345":5,"346":5,"347":5,"348":2,"349":2,"351":1,"352":8,"353":8,"354":8,"355":0,"356":0,"358":1,"359":2,"360":2,"362":1,"363":28,"364":28,"366":28,"367":28,"368":28,"369":28,"371":28,"372":28,"373":28,"375":1,"376":1,"378":1,"379":28,"380":28,"381":28,"382":28,"384":1,"385":53,"386":53,"387":53,"388":53,"390":1,"391":27,"392":27,"394":27,"395":27,"397":27,"398":27,"399":27,"400":27,"402":1,"403":0,"404":0,"405":0,"406":0,"407":0,"408":0,"410":1,"411":0,"412":0,"413":0,"414":0,"415":0,"416":0,"417":0,"419":1,"420":54,"421":54,"422":54,"423":54,"424":26,"425":26,"427":1,"428":100,"429":100,"430":100,"431":100,"432":100,"433":100,"434":100,"435":100,"436":100,"437":100,"438":100,"439":100,"440":100,"441":100,"442":100,"443":100,"444":100,"445":100,"446":100,"447":100,"448":100,"449":100,"450":1300,"451":273,"452":273,"453":273,"454":1300,"455":100,"456":100,"458":1,"459":59,"460":59,"461":56,"462":59,"463":59,"465":1,"466":100,"467":100,"468":100,"469":100,"470":100},"branchMap":{"0":{"type":"branch","line":32,"loc":{"start":{"line":32,"column":7},"end":{"line":167,"column":1}},"locations":[{"start":{"line":32,"column":7},"end":{"line":167,"column":1}}]},"1":{"type":"branch","line":33,"loc":{"start":{"line":33,"column":23},"end":{"line":33,"column":33}},"locations":[{"start":{"line":33,"column":23},"end":{"line":33,"column":33}}]},"2":{"type":"branch","line":36,"loc":{"start":{"line":36,"column":35},"end":{"line":36,"column":84}},"locations":[{"start":{"line":36,"column":35},"end":{"line":36,"column":84}}]},"3":{"type":"branch","line":37,"loc":{"start":{"line":37,"column":33},"end":{"line":37,"column":80}},"locations":[{"start":{"line":37,"column":33},"end":{"line":37,"column":80}}]},"4":{"type":"branch","line":44,"loc":{"start":{"line":44,"column":46},"end":{"line":59,"column":3}},"locations":[{"start":{"line":44,"column":46},"end":{"line":59,"column":3}}]},"5":{"type":"branch","line":46,"loc":{"start":{"line":46,"column":20},"end":{"line":54,"column":5}},"locations":[{"start":{"line":46,"column":20},"end":{"line":54,"column":5}}]},"6":{"type":"branch","line":55,"loc":{"start":{"line":55,"column":29},"end":{"line":58,"column":5}},"locations":[{"start":{"line":55,"column":29},"end":{"line":58,"column":5}}]},"7":{"type":"branch","line":62,"loc":{"start":{"line":62,"column":27},"end":{"line":62,"column":92}},"locations":[{"start":{"line":62,"column":27},"end":{"line":62,"column":92}}]},"8":{"type":"branch","line":62,"loc":{"start":{"line":62,"column":90},"end":{"line":86,"column":15}},"locations":[{"start":{"line":62,"column":90},"end":{"line":86,"column":15}}]},"9":{"type":"branch","line":86,"loc":{"start":{"line":86,"column":15},"end":{"line":88,"column":13}},"locations":[{"start":{"line":86,"column":15},"end":{"line":88,"column":13}}]},"10":{"type":"branch","line":88,"loc":{"start":{"line":88,"column":2},"end":{"line":103,"column":3}},"locations":[{"start":{"line":88,"column":2},"end":{"line":103,"column":3}}]},"11":{"type":"branch","line":88,"loc":{"start":{"line":88,"column":22},"end":{"line":90,"column":9}},"locations":[{"start":{"line":88,"column":22},"end":{"line":90,"column":9}}]},"12":{"type":"branch","line":90,"loc":{"start":{"line":90,"column":2},"end":{"line":103,"column":3}},"locations":[{"start":{"line":90,"column":2},"end":{"line":103,"column":3}}]},"13":{"type":"branch","line":95,"loc":{"start":{"line":95,"column":39},"end":{"line":95,"column":51}},"locations":[{"start":{"line":95,"column":39},"end":{"line":95,"column":51}}]},"14":{"type":"branch","line":99,"loc":{"start":{"line":99,"column":4},"end":{"line":102,"column":5}},"locations":[{"start":{"line":99,"column":4},"end":{"line":102,"column":5}}]},"15":{"type":"branch","line":103,"loc":{"start":{"line":103,"column":2},"end":{"line":115,"column":47}},"locations":[{"start":{"line":103,"column":2},"end":{"line":115,"column":47}}]},"16":{"type":"branch","line":115,"loc":{"start":{"line":115,"column":47},"end":{"line":144,"column":3}},"locations":[{"start":{"line":115,"column":47},"end":{"line":144,"column":3}}]},"17":{"type":"branch","line":116,"loc":{"start":{"line":116,"column":32},"end":{"line":116,"column":48}},"locations":[{"start":{"line":116,"column":32},"end":{"line":116,"column":48}}]},"18":{"type":"branch","line":116,"loc":{"start":{"line":116,"column":41},"end":{"line":116,"column":62}},"locations":[{"start":{"line":116,"column":41},"end":{"line":116,"column":62}}]},"19":{"type":"branch","line":118,"loc":{"start":{"line":118,"column":20},"end":{"line":127,"column":5}},"locations":[{"start":{"line":118,"column":20},"end":{"line":127,"column":5}}]},"20":{"type":"branch","line":120,"loc":{"start":{"line":120,"column":10},"end":{"line":120,"column":44}},"locations":[{"start":{"line":120,"column":10},"end":{"line":120,"column":44}}]},"21":{"type":"branch","line":120,"loc":{"start":{"line":120,"column":44},"end":{"line":123,"column":13}},"locations":[{"start":{"line":120,"column":44},"end":{"line":123,"column":13}}]},"22":{"type":"branch","line":127,"loc":{"start":{"line":127,"column":4},"end":{"line":129,"column":16}},"locations":[{"start":{"line":127,"column":4},"end":{"line":129,"column":16}}]},"23":{"type":"branch","line":129,"loc":{"start":{"line":129,"column":9},"end":{"line":129,"column":28}},"locations":[{"start":{"line":129,"column":9},"end":{"line":129,"column":28}}]},"24":{"type":"branch","line":129,"loc":{"start":{"line":129,"column":28},"end":{"line":133,"column":5}},"locations":[{"start":{"line":129,"column":28},"end":{"line":133,"column":5}}]},"25":{"type":"branch","line":133,"loc":{"start":{"line":133,"column":4},"end":{"line":135,"column":16}},"locations":[{"start":{"line":133,"column":4},"end":{"line":135,"column":16}}]},"26":{"type":"branch","line":135,"loc":{"start":{"line":135,"column":9},"end":{"line":135,"column":29}},"locations":[{"start":{"line":135,"column":9},"end":{"line":135,"column":29}}]},"27":{"type":"branch","line":135,"loc":{"start":{"line":135,"column":29},"end":{"line":141,"column":5}},"locations":[{"start":{"line":135,"column":29},"end":{"line":141,"column":5}}]},"28":{"type":"branch","line":141,"loc":{"start":{"line":141,"column":4},"end":{"line":144,"column":3}},"locations":[{"start":{"line":141,"column":4},"end":{"line":144,"column":3}}]},"29":{"type":"branch","line":144,"loc":{"start":{"line":144,"column":2},"end":{"line":146,"column":33}},"locations":[{"start":{"line":144,"column":2},"end":{"line":146,"column":33}}]},"30":{"type":"branch","line":146,"loc":{"start":{"line":146,"column":26},"end":{"line":146,"column":99}},"locations":[{"start":{"line":146,"column":26},"end":{"line":146,"column":99}}]},"31":{"type":"branch","line":146,"loc":{"start":{"line":146,"column":97},"end":{"line":156,"column":43}},"locations":[{"start":{"line":146,"column":97},"end":{"line":156,"column":43}}]},"32":{"type":"branch","line":156,"loc":{"start":{"line":156,"column":43},"end":{"line":164,"column":3}},"locations":[{"start":{"line":156,"column":43},"end":{"line":164,"column":3}}]},"33":{"type":"branch","line":159,"loc":{"start":{"line":159,"column":44},"end":{"line":162,"column":5}},"locations":[{"start":{"line":159,"column":44},"end":{"line":162,"column":5}}]},"34":{"type":"branch","line":161,"loc":{"start":{"line":161,"column":21},"end":{"line":161,"column":29}},"locations":[{"start":{"line":161,"column":21},"end":{"line":161,"column":29}}]},"35":{"type":"branch","line":164,"loc":{"start":{"line":164,"column":2},"end":{"line":167,"column":1}},"locations":[{"start":{"line":164,"column":2},"end":{"line":167,"column":1}}]},"36":{"type":"branch","line":64,"loc":{"start":{"line":64,"column":27},"end":{"line":80,"column":4}},"locations":[{"start":{"line":64,"column":27},"end":{"line":80,"column":4}}]},"37":{"type":"branch","line":67,"loc":{"start":{"line":67,"column":42},"end":{"line":78,"column":5}},"locations":[{"start":{"line":67,"column":42},"end":{"line":78,"column":5}}]},"38":{"type":"branch","line":69,"loc":{"start":{"line":69,"column":22},"end":{"line":75,"column":17}},"locations":[{"start":{"line":69,"column":22},"end":{"line":75,"column":17}}]},"39":{"type":"branch","line":75,"loc":{"start":{"line":75,"column":39},"end":{"line":77,"column":7}},"locations":[{"start":{"line":75,"column":39},"end":{"line":77,"column":7}}]},"40":{"type":"branch","line":92,"loc":{"start":{"line":92,"column":34},"end":{"line":92,"column":73}},"locations":[{"start":{"line":92,"column":34},"end":{"line":92,"column":73}}]},"41":{"type":"branch","line":110,"loc":{"start":{"line":110,"column":31},"end":{"line":113,"column":4}},"locations":[{"start":{"line":110,"column":31},"end":{"line":113,"column":4}}]},"42":{"type":"branch","line":111,"loc":{"start":{"line":111,"column":34},"end":{"line":111,"column":64}},"locations":[{"start":{"line":111,"column":34},"end":{"line":111,"column":64}}]},"43":{"type":"branch","line":112,"loc":{"start":{"line":112,"column":43},"end":{"line":112,"column":59}},"locations":[{"start":{"line":112,"column":43},"end":{"line":112,"column":59}}]},"44":{"type":"branch","line":149,"loc":{"start":{"line":149,"column":32},"end":{"line":153,"column":3}},"locations":[{"start":{"line":149,"column":32},"end":{"line":153,"column":3}}]},"45":{"type":"branch","line":150,"loc":{"start":{"line":150,"column":19},"end":{"line":150,"column":26}},"locations":[{"start":{"line":150,"column":19},"end":{"line":150,"column":26}}]},"46":{"type":"branch","line":151,"loc":{"start":{"line":151,"column":16},"end":{"line":151,"column":33}},"locations":[{"start":{"line":151,"column":16},"end":{"line":151,"column":33}}]},"47":{"type":"branch","line":151,"loc":{"start":{"line":151,"column":23},"end":{"line":151,"column":61}},"locations":[{"start":{"line":151,"column":23},"end":{"line":151,"column":61}}]},"48":{"type":"branch","line":151,"loc":{"start":{"line":151,"column":61},"end":{"line":151,"column":76}},"locations":[{"start":{"line":151,"column":61},"end":{"line":151,"column":76}}]},"49":{"type":"branch","line":153,"loc":{"start":{"line":153,"column":12},"end":{"line":153,"column":32}},"locations":[{"start":{"line":153,"column":12},"end":{"line":153,"column":32}}]},"50":{"type":"branch","line":171,"loc":{"start":{"line":171,"column":7},"end":{"line":203,"column":1}},"locations":[{"start":{"line":171,"column":7},"end":{"line":203,"column":1}}]},"51":{"type":"branch","line":172,"loc":{"start":{"line":172,"column":29},"end":{"line":172,"column":39}},"locations":[{"start":{"line":172,"column":29},"end":{"line":172,"column":39}}]},"52":{"type":"branch","line":181,"loc":{"start":{"line":181,"column":56},"end":{"line":181,"column":63}},"locations":[{"start":{"line":181,"column":56},"end":{"line":181,"column":63}}]},"53":{"type":"branch","line":175,"loc":{"start":{"line":175,"column":29},"end":{"line":178,"column":3}},"locations":[{"start":{"line":175,"column":29},"end":{"line":178,"column":3}}]},"54":{"type":"branch","line":184,"loc":{"start":{"line":184,"column":20},"end":{"line":186,"column":3}},"locations":[{"start":{"line":184,"column":20},"end":{"line":186,"column":3}}]},"55":{"type":"branch","line":185,"loc":{"start":{"line":185,"column":29},"end":{"line":185,"column":51}},"locations":[{"start":{"line":185,"column":29},"end":{"line":185,"column":51}}]},"56":{"type":"branch","line":189,"loc":{"start":{"line":189,"column":27},"end":{"line":189,"column":69}},"locations":[{"start":{"line":189,"column":27},"end":{"line":189,"column":69}}]},"57":{"type":"branch","line":192,"loc":{"start":{"line":192,"column":20},"end":{"line":195,"column":4}},"locations":[{"start":{"line":192,"column":20},"end":{"line":195,"column":4}}]},"58":{"type":"branch","line":193,"loc":{"start":{"line":193,"column":21},"end":{"line":193,"column":30}},"locations":[{"start":{"line":193,"column":21},"end":{"line":193,"column":30}}]},"59":{"type":"branch","line":198,"loc":{"start":{"line":198,"column":30},"end":{"line":200,"column":3}},"locations":[{"start":{"line":198,"column":30},"end":{"line":200,"column":3}}]},"60":{"type":"branch","line":199,"loc":{"start":{"line":199,"column":23},"end":{"line":199,"column":45}},"locations":[{"start":{"line":199,"column":23},"end":{"line":199,"column":45}}]},"61":{"type":"branch","line":207,"loc":{"start":{"line":207,"column":7},"end":{"line":214,"column":1}},"locations":[{"start":{"line":207,"column":7},"end":{"line":214,"column":1}}]},"62":{"type":"branch","line":208,"loc":{"start":{"line":208,"column":12},"end":{"line":208,"column":37}},"locations":[{"start":{"line":208,"column":12},"end":{"line":208,"column":37}}]},"63":{"type":"branch","line":208,"loc":{"start":{"line":208,"column":37},"end":{"line":208,"column":49}},"locations":[{"start":{"line":208,"column":37},"end":{"line":208,"column":49}}]},"64":{"type":"branch","line":208,"loc":{"start":{"line":208,"column":44},"end":{"line":209,"column":51}},"locations":[{"start":{"line":208,"column":44},"end":{"line":209,"column":51}}]},"65":{"type":"branch","line":208,"loc":{"start":{"line":208,"column":44},"end":{"line":209,"column":31}},"locations":[{"start":{"line":208,"column":44},"end":{"line":209,"column":31}}]},"66":{"type":"branch","line":209,"loc":{"start":{"line":209,"column":19},"end":{"line":209,"column":51}},"locations":[{"start":{"line":209,"column":19},"end":{"line":209,"column":51}}]},"67":{"type":"branch","line":209,"loc":{"start":{"line":209,"column":51},"end":{"line":209,"column":60}},"locations":[{"start":{"line":209,"column":51},"end":{"line":209,"column":60}}]},"68":{"type":"branch","line":209,"loc":{"start":{"line":209,"column":58},"end":{"line":213,"column":34}},"locations":[{"start":{"line":209,"column":58},"end":{"line":213,"column":34}}]},"69":{"type":"branch","line":209,"loc":{"start":{"line":209,"column":58},"end":{"line":211,"column":17}},"locations":[{"start":{"line":209,"column":58},"end":{"line":211,"column":17}}]},"70":{"type":"branch","line":211,"loc":{"start":{"line":211,"column":10},"end":{"line":211,"column":22}},"locations":[{"start":{"line":211,"column":10},"end":{"line":211,"column":22}}]},"71":{"type":"branch","line":211,"loc":{"start":{"line":211,"column":17},"end":{"line":213,"column":30}},"locations":[{"start":{"line":211,"column":17},"end":{"line":213,"column":30}}]},"72":{"type":"branch","line":213,"loc":{"start":{"line":213,"column":26},"end":{"line":213,"column":34}},"locations":[{"start":{"line":213,"column":26},"end":{"line":213,"column":34}}]},"73":{"type":"branch","line":213,"loc":{"start":{"line":213,"column":30},"end":{"line":213,"column":39}},"locations":[{"start":{"line":213,"column":30},"end":{"line":213,"column":39}}]},"74":{"type":"branch","line":216,"loc":{"start":{"line":216,"column":0},"end":{"line":231,"column":1}},"locations":[{"start":{"line":216,"column":0},"end":{"line":231,"column":1}}]},"75":{"type":"branch","line":220,"loc":{"start":{"line":220,"column":37},"end":{"line":229,"column":3}},"locations":[{"start":{"line":220,"column":37},"end":{"line":229,"column":3}}]},"76":{"type":"branch","line":223,"loc":{"start":{"line":223,"column":15},"end":{"line":223,"column":48}},"locations":[{"start":{"line":223,"column":15},"end":{"line":223,"column":48}}]},"77":{"type":"branch","line":224,"loc":{"start":{"line":224,"column":8},"end":{"line":224,"column":29}},"locations":[{"start":{"line":224,"column":8},"end":{"line":224,"column":29}}]},"78":{"type":"branch","line":224,"loc":{"start":{"line":224,"column":29},"end":{"line":226,"column":11}},"locations":[{"start":{"line":224,"column":29},"end":{"line":226,"column":11}}]},"79":{"type":"branch","line":226,"loc":{"start":{"line":226,"column":4},"end":{"line":228,"column":5}},"locations":[{"start":{"line":226,"column":4},"end":{"line":228,"column":5}}]},"80":{"type":"branch","line":237,"loc":{"start":{"line":237,"column":7},"end":{"line":320,"column":1}},"locations":[{"start":{"line":237,"column":7},"end":{"line":320,"column":1}}]},"81":{"type":"branch","line":238,"loc":{"start":{"line":238,"column":12},"end":{"line":238,"column":37}},"locations":[{"start":{"line":238,"column":12},"end":{"line":238,"column":37}}]},"82":{"type":"branch","line":238,"loc":{"start":{"line":238,"column":37},"end":{"line":238,"column":49}},"locations":[{"start":{"line":238,"column":37},"end":{"line":238,"column":49}}]},"83":{"type":"branch","line":238,"loc":{"start":{"line":238,"column":44},"end":{"line":239,"column":51}},"locations":[{"start":{"line":238,"column":44},"end":{"line":239,"column":51}}]},"84":{"type":"branch","line":238,"loc":{"start":{"line":238,"column":44},"end":{"line":239,"column":31}},"locations":[{"start":{"line":238,"column":44},"end":{"line":239,"column":31}}]},"85":{"type":"branch","line":239,"loc":{"start":{"line":239,"column":19},"end":{"line":239,"column":51}},"locations":[{"start":{"line":239,"column":19},"end":{"line":239,"column":51}}]},"86":{"type":"branch","line":239,"loc":{"start":{"line":239,"column":51},"end":{"line":239,"column":72}},"locations":[{"start":{"line":239,"column":51},"end":{"line":239,"column":72}}]},"87":{"type":"branch","line":239,"loc":{"start":{"line":239,"column":70},"end":{"line":246,"column":65}},"locations":[{"start":{"line":239,"column":70},"end":{"line":246,"column":65}}]},"88":{"type":"branch","line":239,"loc":{"start":{"line":239,"column":70},"end":{"line":242,"column":18}},"locations":[{"start":{"line":239,"column":70},"end":{"line":242,"column":18}}]},"89":{"type":"branch","line":242,"loc":{"start":{"line":242,"column":11},"end":{"line":242,"column":23}},"locations":[{"start":{"line":242,"column":11},"end":{"line":242,"column":23}}]},"90":{"type":"branch","line":242,"loc":{"start":{"line":242,"column":18},"end":{"line":246,"column":65}},"locations":[{"start":{"line":242,"column":18},"end":{"line":246,"column":65}}]},"91":{"type":"branch","line":246,"loc":{"start":{"line":246,"column":60},"end":{"line":246,"column":99}},"locations":[{"start":{"line":246,"column":60},"end":{"line":246,"column":99}}]},"92":{"type":"branch","line":247,"loc":{"start":{"line":247,"column":21},"end":{"line":247,"column":33}},"locations":[{"start":{"line":247,"column":21},"end":{"line":247,"column":33}}]},"93":{"type":"branch","line":247,"loc":{"start":{"line":247,"column":28},"end":{"line":247,"column":35}},"locations":[{"start":{"line":247,"column":28},"end":{"line":247,"column":35}}]},"94":{"type":"branch","line":256,"loc":{"start":{"line":256,"column":13},"end":{"line":320,"column":1}},"locations":[{"start":{"line":256,"column":13},"end":{"line":320,"column":1}}]},"95":{"type":"branch","line":256,"loc":{"start":{"line":256,"column":13},"end":{"line":259,"column":3}},"locations":[{"start":{"line":256,"column":13},"end":{"line":259,"column":3}}]},"96":{"type":"branch","line":259,"loc":{"start":{"line":259,"column":2},"end":{"line":286,"column":48}},"locations":[{"start":{"line":259,"column":2},"end":{"line":286,"column":48}}]},"97":{"type":"branch","line":286,"loc":{"start":{"line":286,"column":48},"end":{"line":295,"column":3}},"locations":[{"start":{"line":286,"column":48},"end":{"line":295,"column":3}}]},"98":{"type":"branch","line":288,"loc":{"start":{"line":288,"column":11},"end":{"line":294,"column":5}},"locations":[{"start":{"line":288,"column":11},"end":{"line":294,"column":5}}]},"99":{"type":"branch","line":295,"loc":{"start":{"line":295,"column":2},"end":{"line":299,"column":16}},"locations":[{"start":{"line":295,"column":2},"end":{"line":299,"column":16}}]},"100":{"type":"branch","line":299,"loc":{"start":{"line":299,"column":16},"end":{"line":310,"column":3}},"locations":[{"start":{"line":299,"column":16},"end":{"line":310,"column":3}}]},"101":{"type":"branch","line":310,"loc":{"start":{"line":310,"column":2},"end":{"line":314,"column":12}},"locations":[{"start":{"line":310,"column":2},"end":{"line":314,"column":12}}]},"102":{"type":"branch","line":314,"loc":{"start":{"line":314,"column":12},"end":{"line":317,"column":3}},"locations":[{"start":{"line":314,"column":12},"end":{"line":317,"column":3}}]},"103":{"type":"branch","line":317,"loc":{"start":{"line":317,"column":2},"end":{"line":320,"column":1}},"locations":[{"start":{"line":317,"column":2},"end":{"line":320,"column":1}}]},"104":{"type":"branch","line":322,"loc":{"start":{"line":322,"column":7},"end":{"line":343,"column":1}},"locations":[{"start":{"line":322,"column":7},"end":{"line":343,"column":1}}]},"105":{"type":"branch","line":327,"loc":{"start":{"line":327,"column":17},"end":{"line":327,"column":40}},"locations":[{"start":{"line":327,"column":17},"end":{"line":327,"column":40}}]},"106":{"type":"branch","line":327,"loc":{"start":{"line":327,"column":40},"end":{"line":331,"column":3}},"locations":[{"start":{"line":327,"column":40},"end":{"line":331,"column":3}}]},"107":{"type":"branch","line":336,"loc":{"start":{"line":336,"column":32},"end":{"line":336,"column":66}},"locations":[{"start":{"line":336,"column":32},"end":{"line":336,"column":66}}]},"108":{"type":"branch","line":336,"loc":{"start":{"line":336,"column":66},"end":{"line":340,"column":3}},"locations":[{"start":{"line":336,"column":66},"end":{"line":340,"column":3}}]},"109":{"type":"branch","line":345,"loc":{"start":{"line":345,"column":7},"end":{"line":350,"column":1}},"locations":[{"start":{"line":345,"column":7},"end":{"line":350,"column":1}}]},"110":{"type":"branch","line":346,"loc":{"start":{"line":346,"column":28},"end":{"line":346,"column":62}},"locations":[{"start":{"line":346,"column":28},"end":{"line":346,"column":62}}]},"111":{"type":"branch","line":346,"loc":{"start":{"line":346,"column":60},"end":{"line":347,"column":15}},"locations":[{"start":{"line":346,"column":60},"end":{"line":347,"column":15}}]},"112":{"type":"branch","line":347,"loc":{"start":{"line":347,"column":6},"end":{"line":347,"column":44}},"locations":[{"start":{"line":347,"column":6},"end":{"line":347,"column":44}}]},"113":{"type":"branch","line":347,"loc":{"start":{"line":347,"column":32},"end":{"line":347,"column":72}},"locations":[{"start":{"line":347,"column":32},"end":{"line":347,"column":72}}]},"114":{"type":"branch","line":347,"loc":{"start":{"line":347,"column":72},"end":{"line":347,"column":112}},"locations":[{"start":{"line":347,"column":72},"end":{"line":347,"column":112}}]},"115":{"type":"branch","line":347,"loc":{"start":{"line":347,"column":110},"end":{"line":348,"column":15}},"locations":[{"start":{"line":347,"column":110},"end":{"line":348,"column":15}}]},"116":{"type":"branch","line":348,"loc":{"start":{"line":348,"column":6},"end":{"line":348,"column":44}},"locations":[{"start":{"line":348,"column":6},"end":{"line":348,"column":44}}]},"117":{"type":"branch","line":348,"loc":{"start":{"line":348,"column":32},"end":{"line":348,"column":72}},"locations":[{"start":{"line":348,"column":32},"end":{"line":348,"column":72}}]},"118":{"type":"branch","line":348,"loc":{"start":{"line":348,"column":72},"end":{"line":348,"column":112}},"locations":[{"start":{"line":348,"column":72},"end":{"line":348,"column":112}}]},"119":{"type":"branch","line":348,"loc":{"start":{"line":348,"column":110},"end":{"line":350,"column":1}},"locations":[{"start":{"line":348,"column":110},"end":{"line":350,"column":1}}]},"120":{"type":"branch","line":352,"loc":{"start":{"line":352,"column":7},"end":{"line":357,"column":1}},"locations":[{"start":{"line":352,"column":7},"end":{"line":357,"column":1}}]},"121":{"type":"branch","line":353,"loc":{"start":{"line":353,"column":19},"end":{"line":353,"column":26}},"locations":[{"start":{"line":353,"column":19},"end":{"line":353,"column":26}}]},"122":{"type":"branch","line":354,"loc":{"start":{"line":354,"column":12},"end":{"line":354,"column":34}},"locations":[{"start":{"line":354,"column":12},"end":{"line":354,"column":34}}]},"123":{"type":"branch","line":354,"loc":{"start":{"line":354,"column":26},"end":{"line":354,"column":50}},"locations":[{"start":{"line":354,"column":26},"end":{"line":354,"column":50}}]},"124":{"type":"branch","line":354,"loc":{"start":{"line":354,"column":40},"end":{"line":354,"column":63}},"locations":[{"start":{"line":354,"column":40},"end":{"line":354,"column":63}}]},"125":{"type":"branch","line":354,"loc":{"start":{"line":354,"column":56},"end":{"line":354,"column":74}},"locations":[{"start":{"line":354,"column":56},"end":{"line":354,"column":74}}]},"126":{"type":"branch","line":354,"loc":{"start":{"line":354,"column":74},"end":{"line":354,"column":86}},"locations":[{"start":{"line":354,"column":74},"end":{"line":354,"column":86}}]},"127":{"type":"branch","line":354,"loc":{"start":{"line":354,"column":81},"end":{"line":355,"column":20}},"locations":[{"start":{"line":354,"column":81},"end":{"line":355,"column":20}}]},"128":{"type":"branch","line":355,"loc":{"start":{"line":355,"column":12},"end":{"line":355,"column":37}},"locations":[{"start":{"line":355,"column":12},"end":{"line":355,"column":37}}]},"129":{"type":"branch","line":355,"loc":{"start":{"line":355,"column":26},"end":{"line":355,"column":50}},"locations":[{"start":{"line":355,"column":26},"end":{"line":355,"column":50}}]},"130":{"type":"branch","line":355,"loc":{"start":{"line":355,"column":43},"end":{"line":355,"column":60}},"locations":[{"start":{"line":355,"column":43},"end":{"line":355,"column":60}}]},"131":{"type":"branch","line":355,"loc":{"start":{"line":355,"column":60},"end":{"line":355,"column":73}},"locations":[{"start":{"line":355,"column":60},"end":{"line":355,"column":73}}]},"132":{"type":"branch","line":355,"loc":{"start":{"line":355,"column":67},"end":{"line":357,"column":1}},"locations":[{"start":{"line":355,"column":67},"end":{"line":357,"column":1}}]},"133":{"type":"branch","line":359,"loc":{"start":{"line":359,"column":7},"end":{"line":361,"column":1}},"locations":[{"start":{"line":359,"column":7},"end":{"line":361,"column":1}}]},"134":{"type":"branch","line":360,"loc":{"start":{"line":360,"column":9},"end":{"line":360,"column":20}},"locations":[{"start":{"line":360,"column":9},"end":{"line":360,"column":20}}]},"135":{"type":"branch","line":360,"loc":{"start":{"line":360,"column":13},"end":{"line":360,"column":25}},"locations":[{"start":{"line":360,"column":13},"end":{"line":360,"column":25}}]},"136":{"type":"branch","line":363,"loc":{"start":{"line":363,"column":7},"end":{"line":377,"column":1}},"locations":[{"start":{"line":363,"column":7},"end":{"line":377,"column":1}}]},"137":{"type":"branch","line":364,"loc":{"start":{"line":364,"column":74},"end":{"line":364,"column":103}},"locations":[{"start":{"line":364,"column":74},"end":{"line":364,"column":103}}]},"138":{"type":"branch","line":365,"loc":{"start":{"line":365,"column":20},"end":{"line":365,"column":92}},"locations":[{"start":{"line":365,"column":20},"end":{"line":365,"column":92}}]},"139":{"type":"branch","line":365,"loc":{"start":{"line":365,"column":90},"end":{"line":367,"column":38}},"locations":[{"start":{"line":365,"column":90},"end":{"line":367,"column":38}}]},"140":{"type":"branch","line":367,"loc":{"start":{"line":367,"column":21},"end":{"line":367,"column":73}},"locations":[{"start":{"line":367,"column":21},"end":{"line":367,"column":73}}]},"141":{"type":"branch","line":367,"loc":{"start":{"line":367,"column":68},"end":{"line":367,"column":105}},"locations":[{"start":{"line":367,"column":68},"end":{"line":367,"column":105}}]},"142":{"type":"branch","line":368,"loc":{"start":{"line":368,"column":14},"end":{"line":368,"column":33}},"locations":[{"start":{"line":368,"column":14},"end":{"line":368,"column":33}}]},"143":{"type":"branch","line":368,"loc":{"start":{"line":368,"column":19},"end":{"line":368,"column":65}},"locations":[{"start":{"line":368,"column":19},"end":{"line":368,"column":65}}]},"144":{"type":"branch","line":368,"loc":{"start":{"line":368,"column":60},"end":{"line":368,"column":94}},"locations":[{"start":{"line":368,"column":60},"end":{"line":368,"column":94}}]},"145":{"type":"branch","line":370,"loc":{"start":{"line":370,"column":21},"end":{"line":370,"column":91}},"locations":[{"start":{"line":370,"column":21},"end":{"line":370,"column":91}}]},"146":{"type":"branch","line":370,"loc":{"start":{"line":370,"column":89},"end":{"line":372,"column":63}},"locations":[{"start":{"line":370,"column":89},"end":{"line":372,"column":63}}]},"147":{"type":"branch","line":372,"loc":{"start":{"line":372,"column":58},"end":{"line":372,"column":78}},"locations":[{"start":{"line":372,"column":58},"end":{"line":372,"column":78}}]},"148":{"type":"branch","line":373,"loc":{"start":{"line":373,"column":26},"end":{"line":373,"column":62}},"locations":[{"start":{"line":373,"column":26},"end":{"line":373,"column":62}}]},"149":{"type":"branch","line":373,"loc":{"start":{"line":373,"column":57},"end":{"line":373,"column":74}},"locations":[{"start":{"line":373,"column":57},"end":{"line":373,"column":74}}]},"150":{"type":"branch","line":374,"loc":{"start":{"line":374,"column":13},"end":{"line":374,"column":36}},"locations":[{"start":{"line":374,"column":13},"end":{"line":374,"column":36}}]},"151":{"type":"branch","line":374,"loc":{"start":{"line":374,"column":28},"end":{"line":374,"column":46}},"locations":[{"start":{"line":374,"column":28},"end":{"line":374,"column":46}}]},"152":{"type":"branch","line":374,"loc":{"start":{"line":374,"column":46},"end":{"line":377,"column":1}},"locations":[{"start":{"line":374,"column":46},"end":{"line":377,"column":1}}]},"153":{"type":"branch","line":374,"loc":{"start":{"line":374,"column":125},"end":{"line":377,"column":1}},"locations":[{"start":{"line":374,"column":125},"end":{"line":377,"column":1}}]},"154":{"type":"branch","line":379,"loc":{"start":{"line":379,"column":7},"end":{"line":383,"column":1}},"locations":[{"start":{"line":379,"column":7},"end":{"line":383,"column":1}}]},"155":{"type":"branch","line":380,"loc":{"start":{"line":380,"column":17},"end":{"line":380,"column":31}},"locations":[{"start":{"line":380,"column":17},"end":{"line":380,"column":31}}]},"156":{"type":"branch","line":381,"loc":{"start":{"line":381,"column":19},"end":{"line":381,"column":26}},"locations":[{"start":{"line":381,"column":19},"end":{"line":381,"column":26}}]},"157":{"type":"branch","line":382,"loc":{"start":{"line":382,"column":13},"end":{"line":382,"column":34}},"locations":[{"start":{"line":382,"column":13},"end":{"line":382,"column":34}}]},"158":{"type":"branch","line":385,"loc":{"start":{"line":385,"column":7},"end":{"line":389,"column":1}},"locations":[{"start":{"line":385,"column":7},"end":{"line":389,"column":1}}]},"159":{"type":"branch","line":386,"loc":{"start":{"line":386,"column":17},"end":{"line":386,"column":46}},"locations":[{"start":{"line":386,"column":17},"end":{"line":386,"column":46}}]},"160":{"type":"branch","line":386,"loc":{"start":{"line":386,"column":34},"end":{"line":386,"column":60}},"locations":[{"start":{"line":386,"column":34},"end":{"line":386,"column":60}}]},"161":{"type":"branch","line":387,"loc":{"start":{"line":387,"column":19},"end":{"line":387,"column":26}},"locations":[{"start":{"line":387,"column":19},"end":{"line":387,"column":26}}]},"162":{"type":"branch","line":388,"loc":{"start":{"line":388,"column":9},"end":{"line":388,"column":17}},"locations":[{"start":{"line":388,"column":9},"end":{"line":388,"column":17}}]},"163":{"type":"branch","line":388,"loc":{"start":{"line":388,"column":13},"end":{"line":388,"column":20}},"locations":[{"start":{"line":388,"column":13},"end":{"line":388,"column":20}}]},"164":{"type":"branch","line":391,"loc":{"start":{"line":391,"column":7},"end":{"line":401,"column":1}},"locations":[{"start":{"line":391,"column":7},"end":{"line":401,"column":1}}]},"165":{"type":"branch","line":392,"loc":{"start":{"line":392,"column":25},"end":{"line":392,"column":50}},"locations":[{"start":{"line":392,"column":25},"end":{"line":392,"column":50}}]},"166":{"type":"branch","line":392,"loc":{"start":{"line":392,"column":40},"end":{"line":392,"column":52}},"locations":[{"start":{"line":392,"column":40},"end":{"line":392,"column":52}}]},"167":{"type":"branch","line":395,"loc":{"start":{"line":395,"column":31},"end":{"line":395,"column":40}},"locations":[{"start":{"line":395,"column":31},"end":{"line":395,"column":40}}]},"168":{"type":"branch","line":396,"loc":{"start":{"line":396,"column":31},"end":{"line":396,"column":40}},"locations":[{"start":{"line":396,"column":31},"end":{"line":396,"column":40}}]},"169":{"type":"branch","line":398,"loc":{"start":{"line":398,"column":7},"end":{"line":398,"column":16}},"locations":[{"start":{"line":398,"column":7},"end":{"line":398,"column":16}}]},"170":{"type":"branch","line":398,"loc":{"start":{"line":398,"column":16},"end":{"line":399,"column":14}},"locations":[{"start":{"line":398,"column":16},"end":{"line":399,"column":14}}]},"171":{"type":"branch","line":398,"loc":{"start":{"line":398,"column":16},"end":{"line":398,"column":38}},"locations":[{"start":{"line":398,"column":16},"end":{"line":398,"column":38}}]},"172":{"type":"branch","line":399,"loc":{"start":{"line":399,"column":14},"end":{"line":399,"column":33}},"locations":[{"start":{"line":399,"column":14},"end":{"line":399,"column":33}}]},"173":{"type":"branch","line":399,"loc":{"start":{"line":399,"column":30},"end":{"line":400,"column":14}},"locations":[{"start":{"line":399,"column":30},"end":{"line":400,"column":14}}]},"174":{"type":"branch","line":400,"loc":{"start":{"line":400,"column":9},"end":{"line":400,"column":16}},"locations":[{"start":{"line":400,"column":9},"end":{"line":400,"column":16}}]},"175":{"type":"branch","line":420,"loc":{"start":{"line":420,"column":7},"end":{"line":426,"column":1}},"locations":[{"start":{"line":420,"column":7},"end":{"line":426,"column":1}}]},"176":{"type":"branch","line":421,"loc":{"start":{"line":421,"column":19},"end":{"line":421,"column":26}},"locations":[{"start":{"line":421,"column":19},"end":{"line":421,"column":26}}]},"177":{"type":"branch","line":422,"loc":{"start":{"line":422,"column":10},"end":{"line":423,"column":38}},"locations":[{"start":{"line":422,"column":10},"end":{"line":423,"column":38}}]},"178":{"type":"branch","line":422,"loc":{"start":{"line":422,"column":10},"end":{"line":422,"column":23}},"locations":[{"start":{"line":422,"column":10},"end":{"line":422,"column":23}}]},"179":{"type":"branch","line":422,"loc":{"start":{"line":422,"column":17},"end":{"line":423,"column":38}},"locations":[{"start":{"line":422,"column":17},"end":{"line":423,"column":38}}]},"180":{"type":"branch","line":423,"loc":{"start":{"line":423,"column":31},"end":{"line":423,"column":43}},"locations":[{"start":{"line":423,"column":31},"end":{"line":423,"column":43}}]},"181":{"type":"branch","line":423,"loc":{"start":{"line":423,"column":38},"end":{"line":424,"column":32}},"locations":[{"start":{"line":423,"column":38},"end":{"line":424,"column":32}}]},"182":{"type":"branch","line":424,"loc":{"start":{"line":424,"column":25},"end":{"line":424,"column":37}},"locations":[{"start":{"line":424,"column":25},"end":{"line":424,"column":37}}]},"183":{"type":"branch","line":424,"loc":{"start":{"line":424,"column":32},"end":{"line":426,"column":1}},"locations":[{"start":{"line":424,"column":32},"end":{"line":426,"column":1}}]},"184":{"type":"branch","line":428,"loc":{"start":{"line":428,"column":7},"end":{"line":457,"column":1}},"locations":[{"start":{"line":428,"column":7},"end":{"line":457,"column":1}}]},"185":{"type":"branch","line":430,"loc":{"start":{"line":430,"column":18},"end":{"line":430,"column":28}},"locations":[{"start":{"line":430,"column":18},"end":{"line":430,"column":28}}]},"186":{"type":"branch","line":432,"loc":{"start":{"line":432,"column":30},"end":{"line":432,"column":40}},"locations":[{"start":{"line":432,"column":30},"end":{"line":432,"column":40}}]},"187":{"type":"branch","line":450,"loc":{"start":{"line":450,"column":32},"end":{"line":455,"column":3}},"locations":[{"start":{"line":450,"column":32},"end":{"line":455,"column":3}}]},"188":{"type":"branch","line":451,"loc":{"start":{"line":451,"column":21},"end":{"line":454,"column":5}},"locations":[{"start":{"line":451,"column":21},"end":{"line":454,"column":5}}]},"189":{"type":"branch","line":459,"loc":{"start":{"line":459,"column":7},"end":{"line":464,"column":1}},"locations":[{"start":{"line":459,"column":7},"end":{"line":464,"column":1}}]},"190":{"type":"branch","line":461,"loc":{"start":{"line":461,"column":18},"end":{"line":461,"column":30}},"locations":[{"start":{"line":461,"column":18},"end":{"line":461,"column":30}}]},"191":{"type":"branch","line":461,"loc":{"start":{"line":461,"column":25},"end":{"line":463,"column":34}},"locations":[{"start":{"line":461,"column":25},"end":{"line":463,"column":34}}]},"192":{"type":"branch","line":463,"loc":{"start":{"line":463,"column":30},"end":{"line":463,"column":39}},"locations":[{"start":{"line":463,"column":30},"end":{"line":463,"column":39}}]},"193":{"type":"branch","line":466,"loc":{"start":{"line":466,"column":7},"end":{"line":471,"column":1}},"locations":[{"start":{"line":466,"column":7},"end":{"line":471,"column":1}}]},"194":{"type":"branch","line":468,"loc":{"start":{"line":468,"column":15},"end":{"line":468,"column":32}},"locations":[{"start":{"line":468,"column":15},"end":{"line":468,"column":32}}]},"195":{"type":"branch","line":470,"loc":{"start":{"line":470,"column":23},"end":{"line":470,"column":31}},"locations":[{"start":{"line":470,"column":23},"end":{"line":470,"column":31}}]}},"b":{"0":[7],"1":[0],"2":[0],"3":[0],"4":[69],"5":[0],"6":[6],"7":[1],"8":[6],"9":[1],"10":[5],"11":[3],"12":[2],"13":[1],"14":[0],"15":[6],"16":[211],"17":[6],"18":[205],"19":[4],"20":[2],"21":[0],"22":[207],"23":[179],"24":[14],"25":[193],"26":[165],"27":[14],"28":[179],"29":[6],"30":[0],"31":[6],"32":[8],"33":[16],"34":[0],"35":[6],"36":[16],"37":[166],"38":[0],"39":[6],"40":[4],"41":[14],"42":[14],"43":[28],"44":[12],"45":[0],"46":[6],"47":[6],"48":[1],"49":[12],"50":[1],"51":[0],"52":[0],"53":[2],"54":[2],"55":[4],"56":[2],"57":[4],"58":[0],"59":[2],"60":[4],"61":[235],"62":[234],"63":[29],"64":[210],"65":[206],"66":[202],"67":[202],"68":[14],"69":[4],"70":[1],"71":[3],"72":[2],"73":[1],"74":[9],"75":[21],"76":[0],"77":[12],"78":[4],"79":[17],"80":[291],"81":[289],"82":[60],"83":[241],"84":[231],"85":[210],"86":[210],"87":[41],"88":[21],"89":[2],"90":[19],"91":[19],"92":[0],"93":[19],"94":[41],"95":[6],"96":[13],"97":[59],"98":[9],"99":[4],"100":[0],"101":[4],"102":[0],"103":[4],"104":[27],"105":[0],"106":[0],"107":[0],"108":[0],"109":[5],"110":[1],"111":[4],"112":[3],"113":[2],"114":[1],"115":[3],"116":[2],"117":[1],"118":[1],"119":[2],"120":[8],"121":[2],"122":[6],"123":[5],"124":[5],"125":[5],"126":[3],"127":[5],"128":[3],"129":[3],"130":[3],"131":[5],"132":[0],"133":[2],"134":[1],"135":[1],"136":[28],"137":[27],"138":[1],"139":[27],"140":[27],"141":[27],"142":[27],"143":[27],"144":[27],"145":[0],"146":[27],"147":[1],"148":[27],"149":[1],"150":[26],"151":[26],"152":[26],"153":[1],"154":[28],"155":[0],"156":[0],"157":[0],"158":[53],"159":[2],"160":[1],"161":[1],"162":[52],"163":[1],"164":[27],"165":[1],"166":[1],"167":[0],"168":[0],"169":[1],"170":[26],"171":[1],"172":[0],"173":[26],"174":[0],"175":[54],"176":[0],"177":[29],"178":[28],"179":[26],"180":[0],"181":[26],"182":[0],"183":[26],"184":[100],"185":[0],"186":[0],"187":[1300],"188":[273],"189":[59],"190":[3],"191":[56],"192":[0],"193":[100],"194":[0],"195":[0]},"fnMap":{"0":{"name":"formatNumber","decl":{"start":{"line":4,"column":7},"end":{"line":8,"column":1}},"loc":{"start":{"line":4,"column":7},"end":{"line":8,"column":1}},"line":4},"1":{"name":"safeJsonParse","decl":{"start":{"line":10,"column":7},"end":{"line":16,"column":1}},"loc":{"start":{"line":10,"column":7},"end":{"line":16,"column":1}},"line":10},"2":{"name":"downloadTextFile","decl":{"start":{"line":18,"column":7},"end":{"line":28,"column":1}},"loc":{"start":{"line":18,"column":7},"end":{"line":28,"column":1}},"line":18},"3":{"name":"parseCsv","decl":{"start":{"line":32,"column":7},"end":{"line":167,"column":1}},"loc":{"start":{"line":32,"column":7},"end":{"line":167,"column":1}},"line":32},"4":{"name":"countSepUnquoted","decl":{"start":{"line":64,"column":27},"end":{"line":80,"column":4}},"loc":{"start":{"line":64,"column":27},"end":{"line":80,"column":4}},"line":64},"5":{"name":"pushRecordIfNotEmpty","decl":{"start":{"line":110,"column":31},"end":{"line":113,"column":4}},"loc":{"start":{"line":110,"column":31},"end":{"line":113,"column":4}},"line":110},"6":{"name":"generateCsv","decl":{"start":{"line":171,"column":7},"end":{"line":203,"column":1}},"loc":{"start":{"line":171,"column":7},"end":{"line":203,"column":1}},"line":171},"7":{"name":"escapeCsv","decl":{"start":{"line":192,"column":20},"end":{"line":195,"column":4}},"loc":{"start":{"line":192,"column":20},"end":{"line":195,"column":4}},"line":192},"8":{"name":"asNumberOrNull","decl":{"start":{"line":207,"column":7},"end":{"line":214,"column":1}},"loc":{"start":{"line":207,"column":7},"end":{"line":214,"column":1}},"line":207},"9":{"name":"parseRoman","decl":{"start":{"line":216,"column":0},"end":{"line":231,"column":1}},"loc":{"start":{"line":216,"column":0},"end":{"line":231,"column":1}},"line":216},"10":{"name":"asYearOrNull","decl":{"start":{"line":237,"column":7},"end":{"line":320,"column":1}},"loc":{"start":{"line":237,"column":7},"end":{"line":320,"column":1}},"line":237},"11":{"name":"yearsBetweenMaybe","decl":{"start":{"line":322,"column":7},"end":{"line":343,"column":1}},"loc":{"start":{"line":322,"column":7},"end":{"line":343,"column":1}},"line":322},"12":{"name":"normalizeRows","decl":{"start":{"line":345,"column":7},"end":{"line":350,"column":1}},"loc":{"start":{"line":345,"column":7},"end":{"line":350,"column":1}},"line":345},"13":{"name":"boolFromVerified","decl":{"start":{"line":352,"column":7},"end":{"line":357,"column":1}},"loc":{"start":{"line":352,"column":7},"end":{"line":357,"column":1}},"line":352},"14":{"name":"verifiedToText","decl":{"start":{"line":359,"column":7},"end":{"line":361,"column":1}},"loc":{"start":{"line":359,"column":7},"end":{"line":361,"column":1}},"line":359},"15":{"name":"computeDerivedRow","decl":{"start":{"line":363,"column":7},"end":{"line":377,"column":1}},"loc":{"start":{"line":363,"column":7},"end":{"line":377,"column":1}},"line":363},"16":{"name":"getRowId","decl":{"start":{"line":379,"column":7},"end":{"line":383,"column":1}},"loc":{"start":{"line":379,"column":7},"end":{"line":383,"column":1}},"line":379},"17":{"name":"getPersonId","decl":{"start":{"line":385,"column":7},"end":{"line":389,"column":1}},"loc":{"start":{"line":385,"column":7},"end":{"line":389,"column":1}},"line":385},"18":{"name":"rowDisplayName","decl":{"start":{"line":391,"column":7},"end":{"line":401,"column":1}},"loc":{"start":{"line":391,"column":7},"end":{"line":401,"column":1}},"line":391},"19":{"name":"firstNonEmpty","decl":{"start":{"line":403,"column":7},"end":{"line":409,"column":1}},"loc":{"start":{"line":403,"column":7},"end":{"line":409,"column":1}},"line":403},"20":{"name":"normalizeUrl","decl":{"start":{"line":411,"column":7},"end":{"line":418,"column":1}},"loc":{"start":{"line":411,"column":7},"end":{"line":418,"column":1}},"line":411},"21":{"name":"looksLikeUrlText","decl":{"start":{"line":420,"column":7},"end":{"line":426,"column":1}},"loc":{"start":{"line":420,"column":7},"end":{"line":426,"column":1}},"line":420},"22":{"name":"toRoman","decl":{"start":{"line":428,"column":7},"end":{"line":457,"column":1}},"loc":{"start":{"line":428,"column":7},"end":{"line":457,"column":1}},"line":428},"23":{"name":"centuryFromYear","decl":{"start":{"line":459,"column":7},"end":{"line":464,"column":1}},"loc":{"start":{"line":459,"column":7},"end":{"line":464,"column":1}},"line":459},"24":{"name":"formatCenturyLabel","decl":{"start":{"line":466,"column":7},"end":{"line":471,"column":1}},"loc":{"start":{"line":466,"column":7},"end":{"line":471,"column":1}},"line":466}},"f":{"0":0,"1":0,"2":0,"3":7,"4":16,"5":14,"6":1,"7":4,"8":235,"9":9,"10":291,"11":27,"12":5,"13":8,"14":2,"15":28,"16":28,"17":53,"18":27,"19":0,"20":0,"21":54,"22":100,"23":59,"24":100}}
,"D:\\A DATOS\\PROYECTOS\\GOBERNANTES_HISPANOS\\lib\\stats.ts": {"path":"D:\\A DATOS\\PROYECTOS\\GOBERNANTES_HISPANOS\\lib\\stats.ts","all":false,"statementMap":{"14":{"start":{"line":15,"column":0},"end":{"line":15,"column":8}},"27":{"start":{"line":28,"column":0},"end":{"line":28,"column":37}},"28":{"start":{"line":29,"column":0},"end":{"line":29,"column":24}},"29":{"start":{"line":30,"column":0},"end":{"line":30,"column":25}},"30":{"start":{"line":31,"column":0},"end":{"line":31,"column":10}},"31":{"start":{"line":32,"column":0},"end":{"line":32,"column":9}},"32":{"start":{"line":33,"column":0},"end":{"line":33,"column":44}},"33":{"start":{"line":34,"column":0},"end":{"line":34,"column":49}},"34":{"start":{"line":35,"column":0},"end":{"line":35,"column":81}},"36":{"start":{"line":37,"column":0},"end":{"line":37,"column":35}},"37":{"start":{"line":38,"column":0},"end":{"line":38,"column":40}},"38":{"start":{"line":39,"column":0},"end":{"line":39,"column":85}},"39":{"start":{"line":40,"column":0},"end":{"line":40,"column":40}},"40":{"start":{"line":41,"column":0},"end":{"line":41,"column":61}},"41":{"start":{"line":42,"column":0},"end":{"line":42,"column":70}},"44":{"start":{"line":45,"column":0},"end":{"line":45,"column":56}},"45":{"start":{"line":46,"column":0},"end":{"line":46,"column":38}},"46":{"start":{"line":47,"column":0},"end":{"line":47,"column":84}},"47":{"start":{"line":48,"column":0},"end":{"line":48,"column":66}},"48":{"start":{"line":49,"column":0},"end":{"line":49,"column":9}},"49":{"start":{"line":50,"column":0},"end":{"line":50,"column":76}},"50":{"start":{"line":51,"column":0},"end":{"line":51,"column":54}},"51":{"start":{"line":52,"column":0},"end":{"line":52,"column":85}},"54":{"start":{"line":55,"column":0},"end":{"line":55,"column":52}},"55":{"start":{"line":56,"column":0},"end":{"line":56,"column":54}},"56":{"start":{"line":57,"column":0},"end":{"line":57,"column":62}},"58":{"start":{"line":59,"column":0},"end":{"line":59,"column":36}},"59":{"start":{"line":60,"column":0},"end":{"line":60,"column":21}},"60":{"start":{"line":61,"column":0},"end":{"line":61,"column":83}},"61":{"start":{"line":62,"column":0},"end":{"line":62,"column":80}},"63":{"start":{"line":64,"column":0},"end":{"line":64,"column":58}},"64":{"start":{"line":65,"column":0},"end":{"line":65,"column":70}},"66":{"start":{"line":67,"column":0},"end":{"line":67,"column":23}},"67":{"start":{"line":68,"column":0},"end":{"line":68,"column":87}},"68":{"start":{"line":69,"column":0},"end":{"line":69,"column":37}},"69":{"start":{"line":70,"column":0},"end":{"line":70,"column":24}},"70":{"start":{"line":71,"column":0},"end":{"line":71,"column":36}},"71":{"start":{"line":72,"column":0},"end":{"line":72,"column":22}},"72":{"start":{"line":73,"column":0},"end":{"line":73,"column":59}},"73":{"start":{"line":74,"column":0},"end":{"line":74,"column":14}},"74":{"start":{"line":75,"column":0},"end":{"line":75,"column":9}},"76":{"start":{"line":77,"column":0},"end":{"line":77,"column":76}},"77":{"start":{"line":78,"column":0},"end":{"line":78,"column":54}},"78":{"start":{"line":79,"column":0},"end":{"line":79,"column":85}},"80":{"start":{"line":81,"column":0},"end":{"line":81,"column":72}},"81":{"start":{"line":82,"column":0},"end":{"line":82,"column":54}},"82":{"start":{"line":83,"column":0},"end":{"line":83,"column":85}},"84":{"start":{"line":85,"column":0},"end":{"line":85,"column":69}},"85":{"start":{"line":86,"column":0},"end":{"line":86,"column":41}},"86":{"start":{"line":87,"column":0},"end":{"line":87,"column":9}},"87":{"start":{"line":88,"column":0},"end":{"line":88,"column":54}},"88":{"start":{"line":89,"column":0},"end":{"line":89,"column":85}},"91":{"start":{"line":92,"column":0},"end":{"line":92,"column":55}},"92":{"start":{"line":93,"column":0},"end":{"line":93,"column":25}},"93":{"start":{"line":94,"column":0},"end":{"line":94,"column":43}},"94":{"start":{"line":95,"column":0},"end":{"line":95,"column":80}},"95":{"start":{"line":96,"column":0},"end":{"line":96,"column":49}},"96":{"start":{"line":97,"column":0},"end":{"line":97,"column":60}},"97":{"start":{"line":98,"column":0},"end":{"line":98,"column":77}},"98":{"start":{"line":99,"column":0},"end":{"line":99,"column":73}},"99":{"start":{"line":100,"column":0},"end":{"line":100,"column":29}},"100":{"start":{"line":101,"column":0},"end":{"line":101,"column":51}},"101":{"start":{"line":102,"column":0},"end":{"line":102,"column":58}},"102":{"start":{"line":103,"column":0},"end":{"line":103,"column":29}},"103":{"start":{"line":104,"column":0},"end":{"line":104,"column":28}},"104":{"start":{"line":105,"column":0},"end":{"line":105,"column":84}},"105":{"start":{"line":106,"column":0},"end":{"line":106,"column":66}},"106":{"start":{"line":107,"column":0},"end":{"line":107,"column":83}},"107":{"start":{"line":108,"column":0},"end":{"line":108,"column":14}},"108":{"start":{"line":109,"column":0},"end":{"line":109,"column":59}},"110":{"start":{"line":111,"column":0},"end":{"line":111,"column":49}},"111":{"start":{"line":112,"column":0},"end":{"line":112,"column":46}},"112":{"start":{"line":113,"column":0},"end":{"line":113,"column":26}},"113":{"start":{"line":114,"column":0},"end":{"line":114,"column":50}},"114":{"start":{"line":115,"column":0},"end":{"line":115,"column":46}},"115":{"start":{"line":116,"column":0},"end":{"line":116,"column":26}},"118":{"start":{"line":119,"column":0},"end":{"line":119,"column":47}},"119":{"start":{"line":120,"column":0},"end":{"line":120,"column":25}},"120":{"start":{"line":121,"column":0},"end":{"line":121,"column":61}},"121":{"start":{"line":122,"column":0},"end":{"line":122,"column":36}},"122":{"start":{"line":123,"column":0},"end":{"line":123,"column":79}},"123":{"start":{"line":124,"column":0},"end":{"line":124,"column":28}},"124":{"start":{"line":125,"column":0},"end":{"line":125,"column":86}},"125":{"start":{"line":126,"column":0},"end":{"line":126,"column":35}},"126":{"start":{"line":127,"column":0},"end":{"line":127,"column":33}},"127":{"start":{"line":128,"column":0},"end":{"line":128,"column":53}},"128":{"start":{"line":129,"column":0},"end":{"line":129,"column":22}},"129":{"start":{"line":130,"column":0},"end":{"line":130,"column":17}},"130":{"start":{"line":131,"column":0},"end":{"line":131,"column":28}},"131":{"start":{"line":132,"column":0},"end":{"line":132,"column":14}},"132":{"start":{"line":133,"column":0},"end":{"line":133,"column":54}},"134":{"start":{"line":135,"column":0},"end":{"line":135,"column":45}},"135":{"start":{"line":136,"column":0},"end":{"line":136,"column":42}},"136":{"start":{"line":137,"column":0},"end":{"line":137,"column":26}},"137":{"start":{"line":138,"column":0},"end":{"line":138,"column":47}},"138":{"start":{"line":139,"column":0},"end":{"line":139,"column":42}},"139":{"start":{"line":140,"column":0},"end":{"line":140,"column":26}},"142":{"start":{"line":143,"column":0},"end":{"line":143,"column":51}},"143":{"start":{"line":144,"column":0},"end":{"line":144,"column":28}},"144":{"start":{"line":145,"column":0},"end":{"line":145,"column":29}},"145":{"start":{"line":146,"column":0},"end":{"line":146,"column":53}},"147":{"start":{"line":148,"column":0},"end":{"line":148,"column":40}},"148":{"start":{"line":149,"column":0},"end":{"line":149,"column":71}},"149":{"start":{"line":150,"column":0},"end":{"line":150,"column":77}},"150":{"start":{"line":151,"column":0},"end":{"line":151,"column":46}},"152":{"start":{"line":153,"column":0},"end":{"line":153,"column":77}},"153":{"start":{"line":154,"column":0},"end":{"line":154,"column":65}},"155":{"start":{"line":156,"column":0},"end":{"line":156,"column":55}},"156":{"start":{"line":157,"column":0},"end":{"line":157,"column":51}},"157":{"start":{"line":158,"column":0},"end":{"line":158,"column":63}},"159":{"start":{"line":160,"column":0},"end":{"line":160,"column":52}},"160":{"start":{"line":161,"column":0},"end":{"line":161,"column":50}},"162":{"start":{"line":163,"column":0},"end":{"line":163,"column":50}},"163":{"start":{"line":164,"column":0},"end":{"line":164,"column":57}},"164":{"start":{"line":165,"column":0},"end":{"line":165,"column":62}},"165":{"start":{"line":166,"column":0},"end":{"line":166,"column":33}},"166":{"start":{"line":167,"column":0},"end":{"line":167,"column":34}},"167":{"start":{"line":168,"column":0},"end":{"line":168,"column":17}},"168":{"start":{"line":169,"column":0},"end":{"line":169,"column":13}},"170":{"start":{"line":171,"column":0},"end":{"line":171,"column":43}},"171":{"start":{"line":172,"column":0},"end":{"line":172,"column":50}},"172":{"start":{"line":173,"column":0},"end":{"line":173,"column":37}},"173":{"start":{"line":174,"column":0},"end":{"line":174,"column":26}},"174":{"start":{"line":175,"column":0},"end":{"line":175,"column":22}},"175":{"start":{"line":176,"column":0},"end":{"line":176,"column":51}},"176":{"start":{"line":177,"column":0},"end":{"line":177,"column":46}},"177":{"start":{"line":178,"column":0},"end":{"line":178,"column":19}},"178":{"start":{"line":179,"column":0},"end":{"line":179,"column":13}},"179":{"start":{"line":180,"column":0},"end":{"line":180,"column":23}},"180":{"start":{"line":181,"column":0},"end":{"line":181,"column":13}},"182":{"start":{"line":183,"column":0},"end":{"line":183,"column":16}},"183":{"start":{"line":184,"column":0},"end":{"line":184,"column":23}},"184":{"start":{"line":185,"column":0},"end":{"line":185,"column":26}},"185":{"start":{"line":186,"column":0},"end":{"line":186,"column":29}},"186":{"start":{"line":187,"column":0},"end":{"line":187,"column":17}},"187":{"start":{"line":188,"column":0},"end":{"line":188,"column":23}},"188":{"start":{"line":189,"column":0},"end":{"line":189,"column":27}},"189":{"start":{"line":190,"column":0},"end":{"line":190,"column":21}},"190":{"start":{"line":191,"column":0},"end":{"line":191,"column":29}},"191":{"start":{"line":192,"column":0},"end":{"line":192,"column":28}},"192":{"start":{"line":193,"column":0},"end":{"line":193,"column":29}},"193":{"start":{"line":194,"column":0},"end":{"line":194,"column":29}},"194":{"start":{"line":195,"column":0},"end":{"line":195,"column":31}},"195":{"start":{"line":196,"column":0},"end":{"line":196,"column":23}},"196":{"start":{"line":197,"column":0},"end":{"line":197,"column":10}},"197":{"start":{"line":198,"column":0},"end":{"line":198,"column":17}},"198":{"start":{"line":199,"column":0},"end":{"line":199,"column":59}},"199":{"start":{"line":200,"column":0},"end":{"line":200,"column":16}},"200":{"start":{"line":201,"column":0},"end":{"line":201,"column":26}},"201":{"start":{"line":202,"column":0},"end":{"line":202,"column":29}},"202":{"start":{"line":203,"column":0},"end":{"line":203,"column":32}},"203":{"start":{"line":204,"column":0},"end":{"line":204,"column":20}},"204":{"start":{"line":205,"column":0},"end":{"line":205,"column":27}},"205":{"start":{"line":206,"column":0},"end":{"line":206,"column":31}},"206":{"start":{"line":207,"column":0},"end":{"line":207,"column":25}},"207":{"start":{"line":208,"column":0},"end":{"line":208,"column":33}},"208":{"start":{"line":209,"column":0},"end":{"line":209,"column":32}},"209":{"start":{"line":210,"column":0},"end":{"line":210,"column":33}},"210":{"start":{"line":211,"column":0},"end":{"line":211,"column":33}},"211":{"start":{"line":212,"column":0},"end":{"line":212,"column":35}},"212":{"start":{"line":213,"column":0},"end":{"line":213,"column":27}},"213":{"start":{"line":214,"column":0},"end":{"line":214,"column":10}},"214":{"start":{"line":215,"column":0},"end":{"line":215,"column":5}},"215":{"start":{"line":216,"column":0},"end":{"line":216,"column":1}}},"s":{"14":1,"27":1,"28":7,"29":7,"30":7,"31":7,"32":7,"33":7,"34":7,"36":7,"37":7,"38":7,"39":7,"40":7,"41":7,"44":7,"45":7,"46":25,"47":25,"48":25,"49":7,"50":7,"51":7,"54":7,"55":7,"56":7,"58":7,"59":25,"60":25,"61":25,"63":25,"64":25,"66":25,"67":25,"68":25,"69":0,"70":25,"71":25,"72":25,"73":25,"74":25,"76":7,"77":7,"78":7,"80":7,"81":7,"82":7,"84":7,"85":7,"86":7,"87":7,"88":7,"91":7,"92":7,"93":25,"94":25,"95":25,"96":25,"97":25,"98":25,"99":25,"100":25,"101":25,"102":0,"103":25,"104":25,"105":25,"106":25,"107":7,"108":7,"110":7,"111":7,"112":7,"113":7,"114":7,"115":7,"118":7,"119":7,"120":25,"121":25,"122":25,"123":25,"124":25,"125":25,"126":25,"127":25,"128":25,"129":25,"130":0,"131":7,"132":7,"134":7,"135":7,"136":7,"137":7,"138":7,"139":7,"142":7,"143":7,"144":7,"145":7,"147":7,"148":25,"149":25,"150":25,"152":25,"153":25,"155":25,"156":25,"157":25,"159":25,"160":25,"162":25,"163":45,"164":45,"165":45,"166":45,"167":45,"168":25,"170":7,"171":7,"172":98,"173":98,"174":98,"175":98,"176":98,"177":98,"178":98,"179":7,"180":7,"182":7,"183":7,"184":7,"185":7,"186":7,"187":7,"188":7,"189":7,"190":7,"191":7,"192":7,"193":7,"194":7,"195":7,"196":7,"197":7,"198":0,"199":0,"200":0,"201":0,"202":0,"203":0,"204":0,"205":0,"206":0,"207":0,"208":0,"209":0,"210":0,"211":0,"212":0,"213":0,"214":0,"215":7},"branchMap":{"0":{"type":"branch","line":28,"loc":{"start":{"line":28,"column":7},"end":{"line":216,"column":1}},"locations":[{"start":{"line":28,"column":7},"end":{"line":216,"column":1}}]},"1":{"type":"branch","line":42,"loc":{"start":{"line":42,"column":31},"end":{"line":42,"column":65}},"locations":[{"start":{"line":42,"column":31},"end":{"line":42,"column":65}}]},"2":{"type":"branch","line":42,"loc":{"start":{"line":42,"column":56},"end":{"line":42,"column":70}},"locations":[{"start":{"line":42,"column":56},"end":{"line":42,"column":70}}]},"3":{"type":"branch","line":46,"loc":{"start":{"line":46,"column":37},"end":{"line":49,"column":9}},"locations":[{"start":{"line":46,"column":37},"end":{"line":49,"column":9}}]},"4":{"type":"branch","line":47,"loc":{"start":{"line":47,"column":31},"end":{"line":47,"column":57}},"locations":[{"start":{"line":47,"column":31},"end":{"line":47,"column":57}}]},"5":{"type":"branch","line":47,"loc":{"start":{"line":47,"column":64},"end":{"line":47,"column":84}},"locations":[{"start":{"line":47,"column":64},"end":{"line":47,"column":84}}]},"6":{"type":"branch","line":48,"loc":{"start":{"line":48,"column":53},"end":{"line":48,"column":63}},"locations":[{"start":{"line":48,"column":53},"end":{"line":48,"column":63}}]},"7":{"type":"branch","line":59,"loc":{"start":{"line":59,"column":35},"end":{"line":75,"column":9}},"locations":[{"start":{"line":59,"column":35},"end":{"line":75,"column":9}}]},"8":{"type":"branch","line":61,"loc":{"start":{"line":61,"column":45},"end":{"line":61,"column":60}},"locations":[{"start":{"line":61,"column":45},"end":{"line":61,"column":60}}]},"9":{"type":"branch","line":61,"loc":{"start":{"line":61,"column":67},"end":{"line":61,"column":83}},"locations":[{"start":{"line":61,"column":67},"end":{"line":61,"column":83}}]},"10":{"type":"branch","line":62,"loc":{"start":{"line":62,"column":36},"end":{"line":62,"column":56}},"locations":[{"start":{"line":62,"column":36},"end":{"line":62,"column":56}}]},"11":{"type":"branch","line":62,"loc":{"start":{"line":62,"column":63},"end":{"line":62,"column":80}},"locations":[{"start":{"line":62,"column":63},"end":{"line":62,"column":80}}]},"12":{"type":"branch","line":64,"loc":{"start":{"line":64,"column":45},"end":{"line":64,"column":55}},"locations":[{"start":{"line":64,"column":45},"end":{"line":64,"column":55}}]},"13":{"type":"branch","line":65,"loc":{"start":{"line":65,"column":57},"end":{"line":65,"column":67}},"locations":[{"start":{"line":65,"column":57},"end":{"line":65,"column":67}}]},"14":{"type":"branch","line":69,"loc":{"start":{"line":69,"column":24},"end":{"line":70,"column":24}},"locations":[{"start":{"line":69,"column":24},"end":{"line":70,"column":24}}]},"15":{"type":"branch","line":73,"loc":{"start":{"line":73,"column":46},"end":{"line":73,"column":56}},"locations":[{"start":{"line":73,"column":46},"end":{"line":73,"column":56}}]},"16":{"type":"branch","line":198,"loc":{"start":{"line":198,"column":4},"end":{"line":215,"column":5}},"locations":[{"start":{"line":198,"column":4},"end":{"line":215,"column":5}}]},"17":{"type":"branch","line":35,"loc":{"start":{"line":35,"column":52},"end":{"line":35,"column":72}},"locations":[{"start":{"line":35,"column":52},"end":{"line":35,"column":72}}]},"18":{"type":"branch","line":38,"loc":{"start":{"line":38,"column":17},"end":{"line":38,"column":39}},"locations":[{"start":{"line":38,"column":17},"end":{"line":38,"column":39}}]},"19":{"type":"branch","line":39,"loc":{"start":{"line":39,"column":20},"end":{"line":39,"column":83}},"locations":[{"start":{"line":39,"column":20},"end":{"line":39,"column":83}}]},"20":{"type":"branch","line":40,"loc":{"start":{"line":40,"column":23},"end":{"line":40,"column":38}},"locations":[{"start":{"line":40,"column":23},"end":{"line":40,"column":38}}]},"21":{"type":"branch","line":41,"loc":{"start":{"line":41,"column":37},"end":{"line":41,"column":58}},"locations":[{"start":{"line":41,"column":37},"end":{"line":41,"column":58}}]},"22":{"type":"branch","line":51,"loc":{"start":{"line":51,"column":17},"end":{"line":51,"column":53}},"locations":[{"start":{"line":51,"column":17},"end":{"line":51,"column":53}}]},"23":{"type":"branch","line":52,"loc":{"start":{"line":52,"column":18},"end":{"line":52,"column":83}},"locations":[{"start":{"line":52,"column":18},"end":{"line":52,"column":83}}]},"24":{"type":"branch","line":52,"loc":{"start":{"line":52,"column":40},"end":{"line":52,"column":83}},"locations":[{"start":{"line":52,"column":40},"end":{"line":52,"column":83}}]},"25":{"type":"branch","line":78,"loc":{"start":{"line":78,"column":17},"end":{"line":78,"column":53}},"locations":[{"start":{"line":78,"column":17},"end":{"line":78,"column":53}}]},"26":{"type":"branch","line":82,"loc":{"start":{"line":82,"column":17},"end":{"line":82,"column":53}},"locations":[{"start":{"line":82,"column":17},"end":{"line":82,"column":53}}]},"27":{"type":"branch","line":88,"loc":{"start":{"line":88,"column":17},"end":{"line":88,"column":53}},"locations":[{"start":{"line":88,"column":17},"end":{"line":88,"column":53}}]},"28":{"type":"branch","line":93,"loc":{"start":{"line":93,"column":17},"end":{"line":108,"column":13}},"locations":[{"start":{"line":93,"column":17},"end":{"line":108,"column":13}}]},"29":{"type":"branch","line":95,"loc":{"start":{"line":95,"column":68},"end":{"line":95,"column":80}},"locations":[{"start":{"line":95,"column":68},"end":{"line":95,"column":80}}]},"30":{"type":"branch","line":97,"loc":{"start":{"line":97,"column":40},"end":{"line":97,"column":51}},"locations":[{"start":{"line":97,"column":40},"end":{"line":97,"column":51}}]},"31":{"type":"branch","line":101,"loc":{"start":{"line":101,"column":31},"end":{"line":101,"column":51}},"locations":[{"start":{"line":101,"column":31},"end":{"line":101,"column":51}}]},"32":{"type":"branch","line":102,"loc":{"start":{"line":102,"column":29},"end":{"line":102,"column":42}},"locations":[{"start":{"line":102,"column":29},"end":{"line":102,"column":42}}]},"33":{"type":"branch","line":102,"loc":{"start":{"line":102,"column":46},"end":{"line":102,"column":56}},"locations":[{"start":{"line":102,"column":46},"end":{"line":102,"column":56}}]},"34":{"type":"branch","line":102,"loc":{"start":{"line":102,"column":56},"end":{"line":103,"column":29}},"locations":[{"start":{"line":102,"column":56},"end":{"line":103,"column":29}}]},"35":{"type":"branch","line":105,"loc":{"start":{"line":105,"column":62},"end":{"line":105,"column":84}},"locations":[{"start":{"line":105,"column":62},"end":{"line":105,"column":84}}]},"36":{"type":"branch","line":106,"loc":{"start":{"line":106,"column":55},"end":{"line":106,"column":66}},"locations":[{"start":{"line":106,"column":55},"end":{"line":106,"column":66}}]},"37":{"type":"branch","line":107,"loc":{"start":{"line":107,"column":72},"end":{"line":107,"column":79}},"locations":[{"start":{"line":107,"column":72},"end":{"line":107,"column":79}}]},"38":{"type":"branch","line":109,"loc":{"start":{"line":109,"column":20},"end":{"line":109,"column":57}},"locations":[{"start":{"line":109,"column":20},"end":{"line":109,"column":57}}]},"39":{"type":"branch","line":112,"loc":{"start":{"line":112,"column":18},"end":{"line":112,"column":45}},"locations":[{"start":{"line":112,"column":18},"end":{"line":112,"column":45}}]},"40":{"type":"branch","line":115,"loc":{"start":{"line":115,"column":18},"end":{"line":115,"column":45}},"locations":[{"start":{"line":115,"column":18},"end":{"line":115,"column":45}}]},"41":{"type":"branch","line":120,"loc":{"start":{"line":120,"column":17},"end":{"line":132,"column":13}},"locations":[{"start":{"line":120,"column":17},"end":{"line":132,"column":13}}]},"42":{"type":"branch","line":130,"loc":{"start":{"line":130,"column":16},"end":{"line":131,"column":28}},"locations":[{"start":{"line":130,"column":16},"end":{"line":131,"column":28}}]},"43":{"type":"branch","line":133,"loc":{"start":{"line":133,"column":20},"end":{"line":133,"column":52}},"locations":[{"start":{"line":133,"column":20},"end":{"line":133,"column":52}}]},"44":{"type":"branch","line":136,"loc":{"start":{"line":136,"column":18},"end":{"line":136,"column":41}},"locations":[{"start":{"line":136,"column":18},"end":{"line":136,"column":41}}]},"45":{"type":"branch","line":139,"loc":{"start":{"line":139,"column":18},"end":{"line":139,"column":41}},"locations":[{"start":{"line":139,"column":18},"end":{"line":139,"column":41}}]},"46":{"type":"branch","line":143,"loc":{"start":{"line":143,"column":44},"end":{"line":181,"column":11}},"locations":[{"start":{"line":143,"column":44},"end":{"line":181,"column":11}}]},"47":{"type":"branch","line":148,"loc":{"start":{"line":148,"column":39},"end":{"line":169,"column":13}},"locations":[{"start":{"line":148,"column":39},"end":{"line":169,"column":13}}]},"48":{"type":"branch","line":149,"loc":{"start":{"line":149,"column":48},"end":{"line":149,"column":69}},"locations":[{"start":{"line":149,"column":48},"end":{"line":149,"column":69}}]},"49":{"type":"branch","line":151,"loc":{"start":{"line":151,"column":37},"end":{"line":151,"column":46}},"locations":[{"start":{"line":151,"column":37},"end":{"line":151,"column":46}}]},"50":{"type":"branch","line":154,"loc":{"start":{"line":154,"column":41},"end":{"line":154,"column":57}},"locations":[{"start":{"line":154,"column":41},"end":{"line":154,"column":57}}]},"51":{"type":"branch","line":158,"loc":{"start":{"line":158,"column":54},"end":{"line":158,"column":63}},"locations":[{"start":{"line":158,"column":54},"end":{"line":158,"column":63}}]},"52":{"type":"branch","line":163,"loc":{"start":{"line":163,"column":49},"end":{"line":168,"column":17}},"locations":[{"start":{"line":163,"column":49},"end":{"line":168,"column":17}}]},"53":{"type":"branch","line":164,"loc":{"start":{"line":164,"column":48},"end":{"line":164,"column":57}},"locations":[{"start":{"line":164,"column":48},"end":{"line":164,"column":57}}]},"54":{"type":"branch","line":165,"loc":{"start":{"line":165,"column":39},"end":{"line":165,"column":62}},"locations":[{"start":{"line":165,"column":39},"end":{"line":165,"column":62}}]},"55":{"type":"branch","line":172,"loc":{"start":{"line":172,"column":49},"end":{"line":179,"column":13}},"locations":[{"start":{"line":172,"column":49},"end":{"line":179,"column":13}}]},"56":{"type":"branch","line":177,"loc":{"start":{"line":177,"column":27},"end":{"line":177,"column":44}},"locations":[{"start":{"line":177,"column":27},"end":{"line":177,"column":44}}]},"57":{"type":"branch","line":177,"loc":{"start":{"line":177,"column":37},"end":{"line":177,"column":46}},"locations":[{"start":{"line":177,"column":37},"end":{"line":177,"column":46}}]}},"b":{"0":[7],"1":[6],"2":[1],"3":[25],"4":[0],"5":[0],"6":[7],"7":[25],"8":[0],"9":[0],"10":[0],"11":[0],"12":[6],"13":[6],"14":[0],"15":[6],"16":[0],"17":[25],"18":[25],"19":[25],"20":[19],"21":[25],"22":[7],"23":[1],"24":[0],"25":[6],"26":[6],"27":[6],"28":[25],"29":[0],"30":[0],"31":[0],"32":[0],"33":[0],"34":[0],"35":[0],"36":[0],"37":[0],"38":[25],"39":[19],"40":[19],"41":[25],"42":[0],"43":[25],"44":[19],"45":[19],"46":[7],"47":[25],"48":[0],"49":[0],"50":[0],"51":[0],"52":[45],"53":[0],"54":[12],"55":[98],"56":[12],"57":[86]},"fnMap":{"0":{"name":"calculateStatsHelper","decl":{"start":{"line":28,"column":7},"end":{"line":216,"column":1}},"loc":{"start":{"line":28,"column":7},"end":{"line":216,"column":1}},"line":28}},"f":{"0":7}}
}
